[0.130s] DEBUG:colcon:Command line arguments: ['/usr/bin/colcon', 'build']
[0.130s] DEBUG:colcon:Parsed command line arguments: Namespace(log_base=None, log_level=None, verb_name='build', build_base='build', install_base='install', merge_install=False, symlink_install=False, test_result_base=None, continue_on_error=False, executor='parallel', parallel_workers=8, event_handlers=None, ignore_user_meta=False, metas=['./colcon.meta'], base_paths=['.'], packages_ignore=None, packages_ignore_regex=None, paths=None, packages_up_to=None, packages_up_to_regex=None, packages_above=None, packages_above_and_dependencies=None, packages_above_depth=None, packages_select_by_dep=None, packages_skip_by_dep=None, packages_skip_up_to=None, packages_select_build_failed=False, packages_skip_build_finished=False, packages_select_test_failures=False, packages_skip_test_passed=False, packages_select=None, packages_skip=None, packages_select_regex=None, packages_skip_regex=None, packages_start=None, packages_end=None, lookup_in_workspace=False, cargo_args=None, clean_build=False, cmake_args=None, cmake_target=None, cmake_target_skip_unavailable=False, cmake_clean_cache=False, cmake_clean_first=False, cmake_force_configure=False, ament_cmake_args=None, catkin_cmake_args=None, catkin_skip_building_tests=False, mixin_files=None, mixin=None, verb_parser=<colcon_mixin.mixin.mixin_argument.MixinArgumentDecorator object at 0x7f6c08bb25f0>, verb_extension=<colcon_core.verb.build.BuildVerb object at 0x7f6c08bb1a80>, main=<bound method BuildVerb.main of <colcon_core.verb.build.BuildVerb object at 0x7f6c08bb1a80>>, mixin_verb=('build',))
[0.327s] Level 1:colcon.colcon_core.package_discovery:discover_packages(colcon_meta) check parameters
[0.327s] Level 1:colcon.colcon_core.package_discovery:discover_packages(recursive) check parameters
[0.327s] Level 1:colcon.colcon_core.package_discovery:discover_packages(ignore) check parameters
[0.327s] Level 1:colcon.colcon_core.package_discovery:discover_packages(path) check parameters
[0.327s] Level 1:colcon.colcon_core.package_discovery:discover_packages(colcon_meta) discover
[0.327s] Level 1:colcon.colcon_core.package_discovery:discover_packages(recursive) discover
[0.327s] INFO:colcon.colcon_core.package_discovery:Crawling recursively for packages in '/home/user/CPE416/ros_ws'
[0.327s] Level 1:colcon.colcon_core.package_identification:_identify(.) by extensions ['ignore', 'ignore_ament_install']
[0.328s] Level 1:colcon.colcon_core.package_identification:_identify(.) by extension 'ignore'
[0.328s] Level 1:colcon.colcon_core.package_identification:_identify(.) by extension 'ignore_ament_install'
[0.328s] Level 1:colcon.colcon_core.package_identification:_identify(.) by extensions ['colcon_pkg']
[0.328s] Level 1:colcon.colcon_core.package_identification:_identify(.) by extension 'colcon_pkg'
[0.328s] Level 1:colcon.colcon_core.package_identification:_identify(.) by extensions ['colcon_meta']
[0.328s] Level 1:colcon.colcon_core.package_identification:_identify(.) by extension 'colcon_meta'
[0.328s] Level 1:colcon.colcon_core.package_identification:_identify(.) by extensions ['ament_cargo']
[0.328s] Level 1:colcon.colcon_core.package_identification:_identify(.) by extension 'ament_cargo'
[0.328s] Level 1:colcon.colcon_core.package_identification:_identify(.) by extensions ['ros']
[0.328s] Level 1:colcon.colcon_core.package_identification:_identify(.) by extension 'ros'
[0.339s] Level 1:colcon.colcon_core.package_identification:_identify(.) by extensions ['cargo', 'cmake', 'python']
[0.339s] Level 1:colcon.colcon_core.package_identification:_identify(.) by extension 'cargo'
[0.339s] Level 1:colcon.colcon_core.package_identification:_identify(.) by extension 'cmake'
[0.339s] Level 1:colcon.colcon_core.package_identification:_identify(.) by extension 'python'
[0.339s] Level 1:colcon.colcon_core.package_identification:_identify(.) by extensions ['python_setup_py']
[0.339s] Level 1:colcon.colcon_core.package_identification:_identify(.) by extension 'python_setup_py'
[0.339s] Level 1:colcon.colcon_core.package_identification:_identify(build) by extensions ['ignore', 'ignore_ament_install']
[0.340s] Level 1:colcon.colcon_core.package_identification:_identify(build) by extension 'ignore'
[0.340s] Level 1:colcon.colcon_core.package_identification:_identify(build) ignored
[0.340s] Level 1:colcon.colcon_core.package_identification:_identify(install) by extensions ['ignore', 'ignore_ament_install']
[0.340s] Level 1:colcon.colcon_core.package_identification:_identify(install) by extension 'ignore'
[0.340s] Level 1:colcon.colcon_core.package_identification:_identify(install) ignored
[0.340s] Level 1:colcon.colcon_core.package_identification:_identify(log) by extensions ['ignore', 'ignore_ament_install']
[0.340s] Level 1:colcon.colcon_core.package_identification:_identify(log) by extension 'ignore'
[0.340s] Level 1:colcon.colcon_core.package_identification:_identify(log) ignored
[0.340s] Level 1:colcon.colcon_core.package_identification:_identify(src) by extensions ['ignore', 'ignore_ament_install']
[0.340s] Level 1:colcon.colcon_core.package_identification:_identify(src) by extension 'ignore'
[0.340s] Level 1:colcon.colcon_core.package_identification:_identify(src) by extension 'ignore_ament_install'
[0.340s] Level 1:colcon.colcon_core.package_identification:_identify(src) by extensions ['colcon_pkg']
[0.340s] Level 1:colcon.colcon_core.package_identification:_identify(src) by extension 'colcon_pkg'
[0.340s] Level 1:colcon.colcon_core.package_identification:_identify(src) by extensions ['colcon_meta']
[0.340s] Level 1:colcon.colcon_core.package_identification:_identify(src) by extension 'colcon_meta'
[0.340s] Level 1:colcon.colcon_core.package_identification:_identify(src) by extensions ['ament_cargo']
[0.340s] Level 1:colcon.colcon_core.package_identification:_identify(src) by extension 'ament_cargo'
[0.341s] Level 1:colcon.colcon_core.package_identification:_identify(src) by extensions ['ros']
[0.341s] Level 1:colcon.colcon_core.package_identification:_identify(src) by extension 'ros'
[0.341s] Level 1:colcon.colcon_core.package_identification:_identify(src) by extensions ['cargo', 'cmake', 'python']
[0.341s] Level 1:colcon.colcon_core.package_identification:_identify(src) by extension 'cargo'
[0.341s] Level 1:colcon.colcon_core.package_identification:_identify(src) by extension 'cmake'
[0.341s] Level 1:colcon.colcon_core.package_identification:_identify(src) by extension 'python'
[0.341s] Level 1:colcon.colcon_core.package_identification:_identify(src) by extensions ['python_setup_py']
[0.341s] Level 1:colcon.colcon_core.package_identification:_identify(src) by extension 'python_setup_py'
[0.341s] Level 1:colcon.colcon_core.package_identification:_identify(src/FinalProject) by extensions ['ignore', 'ignore_ament_install']
[0.341s] Level 1:colcon.colcon_core.package_identification:_identify(src/FinalProject) by extension 'ignore'
[0.341s] Level 1:colcon.colcon_core.package_identification:_identify(src/FinalProject) by extension 'ignore_ament_install'
[0.341s] Level 1:colcon.colcon_core.package_identification:_identify(src/FinalProject) by extensions ['colcon_pkg']
[0.341s] Level 1:colcon.colcon_core.package_identification:_identify(src/FinalProject) by extension 'colcon_pkg'
[0.341s] Level 1:colcon.colcon_core.package_identification:_identify(src/FinalProject) by extensions ['colcon_meta']
[0.341s] Level 1:colcon.colcon_core.package_identification:_identify(src/FinalProject) by extension 'colcon_meta'
[0.341s] Level 1:colcon.colcon_core.package_identification:_identify(src/FinalProject) by extensions ['ament_cargo']
[0.341s] Level 1:colcon.colcon_core.package_identification:_identify(src/FinalProject) by extension 'ament_cargo'
[0.341s] Level 1:colcon.colcon_core.package_identification:_identify(src/FinalProject) by extensions ['ros']
[0.341s] Level 1:colcon.colcon_core.package_identification:_identify(src/FinalProject) by extension 'ros'
[0.344s] DEBUG:colcon.colcon_core.package_identification:Package 'src/FinalProject' with type 'ros.ament_python' and name 'FinalProject'
[0.345s] Level 1:colcon.colcon_core.package_identification:_identify(src/ros_gz_project) by extensions ['ignore', 'ignore_ament_install']
[0.345s] Level 1:colcon.colcon_core.package_identification:_identify(src/ros_gz_project) by extension 'ignore'
[0.345s] Level 1:colcon.colcon_core.package_identification:_identify(src/ros_gz_project) by extension 'ignore_ament_install'
[0.345s] Level 1:colcon.colcon_core.package_identification:_identify(src/ros_gz_project) by extensions ['colcon_pkg']
[0.345s] Level 1:colcon.colcon_core.package_identification:_identify(src/ros_gz_project) by extension 'colcon_pkg'
[0.345s] Level 1:colcon.colcon_core.package_identification:_identify(src/ros_gz_project) by extensions ['colcon_meta']
[0.345s] Level 1:colcon.colcon_core.package_identification:_identify(src/ros_gz_project) by extension 'colcon_meta'
[0.345s] Level 1:colcon.colcon_core.package_identification:_identify(src/ros_gz_project) by extensions ['ament_cargo']
[0.345s] Level 1:colcon.colcon_core.package_identification:_identify(src/ros_gz_project) by extension 'ament_cargo'
[0.345s] Level 1:colcon.colcon_core.package_identification:_identify(src/ros_gz_project) by extensions ['ros']
[0.345s] Level 1:colcon.colcon_core.package_identification:_identify(src/ros_gz_project) by extension 'ros'
[0.345s] Level 1:colcon.colcon_core.package_identification:_identify(src/ros_gz_project) by extensions ['cargo', 'cmake', 'python']
[0.345s] Level 1:colcon.colcon_core.package_identification:_identify(src/ros_gz_project) by extension 'cargo'
[0.345s] Level 1:colcon.colcon_core.package_identification:_identify(src/ros_gz_project) by extension 'cmake'
[0.345s] Level 1:colcon.colcon_core.package_identification:_identify(src/ros_gz_project) by extension 'python'
[0.345s] Level 1:colcon.colcon_core.package_identification:_identify(src/ros_gz_project) by extensions ['python_setup_py']
[0.345s] Level 1:colcon.colcon_core.package_identification:_identify(src/ros_gz_project) by extension 'python_setup_py'
[0.345s] Level 1:colcon.colcon_core.package_identification:_identify(src/ros_gz_project/ros_gz_example_bringup) by extensions ['ignore', 'ignore_ament_install']
[0.345s] Level 1:colcon.colcon_core.package_identification:_identify(src/ros_gz_project/ros_gz_example_bringup) by extension 'ignore'
[0.346s] Level 1:colcon.colcon_core.package_identification:_identify(src/ros_gz_project/ros_gz_example_bringup) by extension 'ignore_ament_install'
[0.346s] Level 1:colcon.colcon_core.package_identification:_identify(src/ros_gz_project/ros_gz_example_bringup) by extensions ['colcon_pkg']
[0.346s] Level 1:colcon.colcon_core.package_identification:_identify(src/ros_gz_project/ros_gz_example_bringup) by extension 'colcon_pkg'
[0.346s] Level 1:colcon.colcon_core.package_identification:_identify(src/ros_gz_project/ros_gz_example_bringup) by extensions ['colcon_meta']
[0.346s] Level 1:colcon.colcon_core.package_identification:_identify(src/ros_gz_project/ros_gz_example_bringup) by extension 'colcon_meta'
[0.346s] Level 1:colcon.colcon_core.package_identification:_identify(src/ros_gz_project/ros_gz_example_bringup) by extensions ['ament_cargo']
[0.346s] Level 1:colcon.colcon_core.package_identification:_identify(src/ros_gz_project/ros_gz_example_bringup) by extension 'ament_cargo'
[0.346s] Level 1:colcon.colcon_core.package_identification:_identify(src/ros_gz_project/ros_gz_example_bringup) by extensions ['ros']
[0.346s] Level 1:colcon.colcon_core.package_identification:_identify(src/ros_gz_project/ros_gz_example_bringup) by extension 'ros'
[0.347s] DEBUG:colcon.colcon_core.package_identification:Package 'src/ros_gz_project/ros_gz_example_bringup' with type 'ros.ament_cmake' and name 'ros_gz_example_bringup'
[0.347s] Level 1:colcon.colcon_core.package_identification:_identify(src/ros_gz_project/ros_gz_example_description) by extensions ['ignore', 'ignore_ament_install']
[0.347s] Level 1:colcon.colcon_core.package_identification:_identify(src/ros_gz_project/ros_gz_example_description) by extension 'ignore'
[0.347s] Level 1:colcon.colcon_core.package_identification:_identify(src/ros_gz_project/ros_gz_example_description) by extension 'ignore_ament_install'
[0.347s] Level 1:colcon.colcon_core.package_identification:_identify(src/ros_gz_project/ros_gz_example_description) by extensions ['colcon_pkg']
[0.347s] Level 1:colcon.colcon_core.package_identification:_identify(src/ros_gz_project/ros_gz_example_description) by extension 'colcon_pkg'
[0.347s] Level 1:colcon.colcon_core.package_identification:_identify(src/ros_gz_project/ros_gz_example_description) by extensions ['colcon_meta']
[0.347s] Level 1:colcon.colcon_core.package_identification:_identify(src/ros_gz_project/ros_gz_example_description) by extension 'colcon_meta'
[0.347s] Level 1:colcon.colcon_core.package_identification:_identify(src/ros_gz_project/ros_gz_example_description) by extensions ['ament_cargo']
[0.347s] Level 1:colcon.colcon_core.package_identification:_identify(src/ros_gz_project/ros_gz_example_description) by extension 'ament_cargo'
[0.347s] Level 1:colcon.colcon_core.package_identification:_identify(src/ros_gz_project/ros_gz_example_description) by extensions ['ros']
[0.347s] Level 1:colcon.colcon_core.package_identification:_identify(src/ros_gz_project/ros_gz_example_description) by extension 'ros'
[0.348s] DEBUG:colcon.colcon_core.package_identification:Package 'src/ros_gz_project/ros_gz_example_description' with type 'ros.ament_cmake' and name 'ros_gz_example_description'
[0.348s] Level 1:colcon.colcon_core.package_identification:_identify(src/ros_gz_project/ros_gz_example_gazebo) by extensions ['ignore', 'ignore_ament_install']
[0.348s] Level 1:colcon.colcon_core.package_identification:_identify(src/ros_gz_project/ros_gz_example_gazebo) by extension 'ignore'
[0.348s] Level 1:colcon.colcon_core.package_identification:_identify(src/ros_gz_project/ros_gz_example_gazebo) by extension 'ignore_ament_install'
[0.348s] Level 1:colcon.colcon_core.package_identification:_identify(src/ros_gz_project/ros_gz_example_gazebo) by extensions ['colcon_pkg']
[0.348s] Level 1:colcon.colcon_core.package_identification:_identify(src/ros_gz_project/ros_gz_example_gazebo) by extension 'colcon_pkg'
[0.348s] Level 1:colcon.colcon_core.package_identification:_identify(src/ros_gz_project/ros_gz_example_gazebo) by extensions ['colcon_meta']
[0.348s] Level 1:colcon.colcon_core.package_identification:_identify(src/ros_gz_project/ros_gz_example_gazebo) by extension 'colcon_meta'
[0.348s] Level 1:colcon.colcon_core.package_identification:_identify(src/ros_gz_project/ros_gz_example_gazebo) by extensions ['ament_cargo']
[0.348s] Level 1:colcon.colcon_core.package_identification:_identify(src/ros_gz_project/ros_gz_example_gazebo) by extension 'ament_cargo'
[0.348s] Level 1:colcon.colcon_core.package_identification:_identify(src/ros_gz_project/ros_gz_example_gazebo) by extensions ['ros']
[0.348s] Level 1:colcon.colcon_core.package_identification:_identify(src/ros_gz_project/ros_gz_example_gazebo) by extension 'ros'
[0.359s] DEBUG:colcon.colcon_core.package_identification:Package 'src/ros_gz_project/ros_gz_example_gazebo' with type 'ros.ament_cmake' and name 'ros_gz_example_gazebo'
[0.359s] Level 1:colcon.colcon_core.package_discovery:discover_packages(recursive) using defaults
[0.359s] Level 1:colcon.colcon_core.package_discovery:discover_packages(ignore) discover
[0.359s] Level 1:colcon.colcon_core.package_discovery:discover_packages(ignore) using defaults
[0.359s] Level 1:colcon.colcon_core.package_discovery:discover_packages(path) discover
[0.359s] Level 1:colcon.colcon_core.package_discovery:discover_packages(path) using defaults
[0.381s] Level 5:colcon.colcon_core.verb:set package 'FinalProject' build argument 'lookup_in_workspace' from command line to 'False'
[0.381s] Level 5:colcon.colcon_core.verb:set package 'FinalProject' build argument 'cargo_args' from command line to 'None'
[0.381s] Level 5:colcon.colcon_core.verb:set package 'FinalProject' build argument 'clean_build' from command line to 'False'
[0.381s] Level 5:colcon.colcon_core.verb:set package 'FinalProject' build argument 'cmake_args' from command line to 'None'
[0.381s] Level 5:colcon.colcon_core.verb:set package 'FinalProject' build argument 'cmake_target' from command line to 'None'
[0.381s] Level 5:colcon.colcon_core.verb:set package 'FinalProject' build argument 'cmake_target_skip_unavailable' from command line to 'False'
[0.381s] Level 5:colcon.colcon_core.verb:set package 'FinalProject' build argument 'cmake_clean_cache' from command line to 'False'
[0.381s] Level 5:colcon.colcon_core.verb:set package 'FinalProject' build argument 'cmake_clean_first' from command line to 'False'
[0.381s] Level 5:colcon.colcon_core.verb:set package 'FinalProject' build argument 'cmake_force_configure' from command line to 'False'
[0.381s] Level 5:colcon.colcon_core.verb:set package 'FinalProject' build argument 'ament_cmake_args' from command line to 'None'
[0.381s] Level 5:colcon.colcon_core.verb:set package 'FinalProject' build argument 'catkin_cmake_args' from command line to 'None'
[0.381s] Level 5:colcon.colcon_core.verb:set package 'FinalProject' build argument 'catkin_skip_building_tests' from command line to 'False'
[0.381s] DEBUG:colcon.colcon_core.verb:Building package 'FinalProject' with the following arguments: {'ament_cmake_args': None, 'build_base': '/home/user/CPE416/ros_ws/build/FinalProject', 'cargo_args': None, 'catkin_cmake_args': None, 'catkin_skip_building_tests': False, 'clean_build': False, 'cmake_args': None, 'cmake_clean_cache': False, 'cmake_clean_first': False, 'cmake_force_configure': False, 'cmake_target': None, 'cmake_target_skip_unavailable': False, 'install_base': '/home/user/CPE416/ros_ws/install/FinalProject', 'lookup_in_workspace': False, 'merge_install': False, 'path': '/home/user/CPE416/ros_ws/src/FinalProject', 'symlink_install': False, 'test_result_base': None}
[0.382s] Level 5:colcon.colcon_core.verb:set package 'ros_gz_example_description' build argument 'lookup_in_workspace' from command line to 'False'
[0.382s] Level 5:colcon.colcon_core.verb:set package 'ros_gz_example_description' build argument 'cargo_args' from command line to 'None'
[0.382s] Level 5:colcon.colcon_core.verb:set package 'ros_gz_example_description' build argument 'clean_build' from command line to 'False'
[0.382s] Level 5:colcon.colcon_core.verb:set package 'ros_gz_example_description' build argument 'cmake_args' from command line to 'None'
[0.382s] Level 5:colcon.colcon_core.verb:set package 'ros_gz_example_description' build argument 'cmake_target' from command line to 'None'
[0.382s] Level 5:colcon.colcon_core.verb:set package 'ros_gz_example_description' build argument 'cmake_target_skip_unavailable' from command line to 'False'
[0.382s] Level 5:colcon.colcon_core.verb:set package 'ros_gz_example_description' build argument 'cmake_clean_cache' from command line to 'False'
[0.382s] Level 5:colcon.colcon_core.verb:set package 'ros_gz_example_description' build argument 'cmake_clean_first' from command line to 'False'
[0.382s] Level 5:colcon.colcon_core.verb:set package 'ros_gz_example_description' build argument 'cmake_force_configure' from command line to 'False'
[0.382s] Level 5:colcon.colcon_core.verb:set package 'ros_gz_example_description' build argument 'ament_cmake_args' from command line to 'None'
[0.382s] Level 5:colcon.colcon_core.verb:set package 'ros_gz_example_description' build argument 'catkin_cmake_args' from command line to 'None'
[0.382s] Level 5:colcon.colcon_core.verb:set package 'ros_gz_example_description' build argument 'catkin_skip_building_tests' from command line to 'False'
[0.382s] DEBUG:colcon.colcon_core.verb:Building package 'ros_gz_example_description' with the following arguments: {'ament_cmake_args': None, 'build_base': '/home/user/CPE416/ros_ws/build/ros_gz_example_description', 'cargo_args': None, 'catkin_cmake_args': None, 'catkin_skip_building_tests': False, 'clean_build': False, 'cmake_args': None, 'cmake_clean_cache': False, 'cmake_clean_first': False, 'cmake_force_configure': False, 'cmake_target': None, 'cmake_target_skip_unavailable': False, 'install_base': '/home/user/CPE416/ros_ws/install/ros_gz_example_description', 'lookup_in_workspace': False, 'merge_install': False, 'path': '/home/user/CPE416/ros_ws/src/ros_gz_project/ros_gz_example_description', 'symlink_install': False, 'test_result_base': None}
[0.382s] Level 5:colcon.colcon_core.verb:set package 'ros_gz_example_gazebo' build argument 'lookup_in_workspace' from command line to 'False'
[0.382s] Level 5:colcon.colcon_core.verb:set package 'ros_gz_example_gazebo' build argument 'cargo_args' from command line to 'None'
[0.382s] Level 5:colcon.colcon_core.verb:set package 'ros_gz_example_gazebo' build argument 'clean_build' from command line to 'False'
[0.382s] Level 5:colcon.colcon_core.verb:set package 'ros_gz_example_gazebo' build argument 'cmake_args' from command line to 'None'
[0.382s] Level 5:colcon.colcon_core.verb:set package 'ros_gz_example_gazebo' build argument 'cmake_target' from command line to 'None'
[0.382s] Level 5:colcon.colcon_core.verb:set package 'ros_gz_example_gazebo' build argument 'cmake_target_skip_unavailable' from command line to 'False'
[0.382s] Level 5:colcon.colcon_core.verb:set package 'ros_gz_example_gazebo' build argument 'cmake_clean_cache' from command line to 'False'
[0.383s] Level 5:colcon.colcon_core.verb:set package 'ros_gz_example_gazebo' build argument 'cmake_clean_first' from command line to 'False'
[0.383s] Level 5:colcon.colcon_core.verb:set package 'ros_gz_example_gazebo' build argument 'cmake_force_configure' from command line to 'False'
[0.383s] Level 5:colcon.colcon_core.verb:set package 'ros_gz_example_gazebo' build argument 'ament_cmake_args' from command line to 'None'
[0.383s] Level 5:colcon.colcon_core.verb:set package 'ros_gz_example_gazebo' build argument 'catkin_cmake_args' from command line to 'None'
[0.383s] Level 5:colcon.colcon_core.verb:set package 'ros_gz_example_gazebo' build argument 'catkin_skip_building_tests' from command line to 'False'
[0.383s] DEBUG:colcon.colcon_core.verb:Building package 'ros_gz_example_gazebo' with the following arguments: {'ament_cmake_args': None, 'build_base': '/home/user/CPE416/ros_ws/build/ros_gz_example_gazebo', 'cargo_args': None, 'catkin_cmake_args': None, 'catkin_skip_building_tests': False, 'clean_build': False, 'cmake_args': None, 'cmake_clean_cache': False, 'cmake_clean_first': False, 'cmake_force_configure': False, 'cmake_target': None, 'cmake_target_skip_unavailable': False, 'install_base': '/home/user/CPE416/ros_ws/install/ros_gz_example_gazebo', 'lookup_in_workspace': False, 'merge_install': False, 'path': '/home/user/CPE416/ros_ws/src/ros_gz_project/ros_gz_example_gazebo', 'symlink_install': False, 'test_result_base': None}
[0.383s] Level 5:colcon.colcon_core.verb:set package 'ros_gz_example_bringup' build argument 'lookup_in_workspace' from command line to 'False'
[0.383s] Level 5:colcon.colcon_core.verb:set package 'ros_gz_example_bringup' build argument 'cargo_args' from command line to 'None'
[0.383s] Level 5:colcon.colcon_core.verb:set package 'ros_gz_example_bringup' build argument 'clean_build' from command line to 'False'
[0.383s] Level 5:colcon.colcon_core.verb:set package 'ros_gz_example_bringup' build argument 'cmake_args' from command line to 'None'
[0.383s] Level 5:colcon.colcon_core.verb:set package 'ros_gz_example_bringup' build argument 'cmake_target' from command line to 'None'
[0.383s] Level 5:colcon.colcon_core.verb:set package 'ros_gz_example_bringup' build argument 'cmake_target_skip_unavailable' from command line to 'False'
[0.383s] Level 5:colcon.colcon_core.verb:set package 'ros_gz_example_bringup' build argument 'cmake_clean_cache' from command line to 'False'
[0.383s] Level 5:colcon.colcon_core.verb:set package 'ros_gz_example_bringup' build argument 'cmake_clean_first' from command line to 'False'
[0.383s] Level 5:colcon.colcon_core.verb:set package 'ros_gz_example_bringup' build argument 'cmake_force_configure' from command line to 'False'
[0.383s] Level 5:colcon.colcon_core.verb:set package 'ros_gz_example_bringup' build argument 'ament_cmake_args' from command line to 'None'
[0.383s] Level 5:colcon.colcon_core.verb:set package 'ros_gz_example_bringup' build argument 'catkin_cmake_args' from command line to 'None'
[0.383s] Level 5:colcon.colcon_core.verb:set package 'ros_gz_example_bringup' build argument 'catkin_skip_building_tests' from command line to 'False'
[0.384s] DEBUG:colcon.colcon_core.verb:Building package 'ros_gz_example_bringup' with the following arguments: {'ament_cmake_args': None, 'build_base': '/home/user/CPE416/ros_ws/build/ros_gz_example_bringup', 'cargo_args': None, 'catkin_cmake_args': None, 'catkin_skip_building_tests': False, 'clean_build': False, 'cmake_args': None, 'cmake_clean_cache': False, 'cmake_clean_first': False, 'cmake_force_configure': False, 'cmake_target': None, 'cmake_target_skip_unavailable': False, 'install_base': '/home/user/CPE416/ros_ws/install/ros_gz_example_bringup', 'lookup_in_workspace': False, 'merge_install': False, 'path': '/home/user/CPE416/ros_ws/src/ros_gz_project/ros_gz_example_bringup', 'symlink_install': False, 'test_result_base': None}
[0.384s] INFO:colcon.colcon_core.executor:Executing jobs using 'parallel' executor
[0.385s] DEBUG:colcon.colcon_parallel_executor.executor.parallel:run_until_complete
[0.385s] INFO:colcon.colcon_ros.task.ament_cmake.build:Building ROS package in '/home/user/CPE416/ros_ws/src/ros_gz_project/ros_gz_example_description' with build type 'ament_cmake'
[0.386s] INFO:colcon.colcon_cmake.task.cmake.build:Building CMake package in '/home/user/CPE416/ros_ws/src/ros_gz_project/ros_gz_example_description'
[0.388s] INFO:colcon.colcon_core.plugin_system:Skipping extension 'colcon_core.shell.bat': Not used on non-Windows systems
[0.388s] INFO:colcon.colcon_core.shell:Skip shell extension 'powershell' for command environment: Not usable outside of PowerShell
[0.388s] DEBUG:colcon.colcon_core.shell:Skip shell extension 'dsv' for command environment
[0.401s] INFO:colcon.colcon_ros.task.ament_python.build:Building ROS package in '/home/user/CPE416/ros_ws/src/FinalProject' with build type 'ament_python'
[0.401s] Level 1:colcon.colcon_core.shell:create_environment_hook('FinalProject', 'ament_prefix_path')
[0.401s] INFO:colcon.colcon_core.shell:Creating environment hook '/home/user/CPE416/ros_ws/install/FinalProject/share/FinalProject/hook/ament_prefix_path.ps1'
[0.402s] INFO:colcon.colcon_core.shell:Creating environment descriptor '/home/user/CPE416/ros_ws/install/FinalProject/share/FinalProject/hook/ament_prefix_path.dsv'
[0.403s] INFO:colcon.colcon_core.shell:Creating environment hook '/home/user/CPE416/ros_ws/install/FinalProject/share/FinalProject/hook/ament_prefix_path.sh'
[0.403s] INFO:colcon.colcon_core.shell:Skip shell extension 'powershell' for command environment: Not usable outside of PowerShell
[0.403s] DEBUG:colcon.colcon_core.shell:Skip shell extension 'dsv' for command environment
[0.417s] DEBUG:colcon.colcon_core.event_handler.log_command:Invoking command in '/home/user/CPE416/ros_ws/build/ros_gz_example_description': CMAKE_PREFIX_PATH=${CMAKE_PREFIX_PATH}:/home/user/CPE416/ros_ws/install/FinalProject:/home/user/CPE416/ros_ws/src/FinalProject/install/FinalProject:/home/simulations/ros2_sims_ws/install/rclrs_tests:/home/simulations/ros2_sims_ws/install/examples_rclrs_minimal_client_service:/home/simulations/ros2_sims_ws/install/sensor_msgs_py:/home/simulations/ros2_sims_ws/install/examples_rclrs_minimal_pub_sub:/home/simulations/ros2_sims_ws/install/examples_rclrs_message_demo:/home/simulations/ros2_sims_ws/install/rclrs:/home/simulations/ros2_sims_ws/install/rosidl_runtime_rs:/opt/ros/humble _=/usr/bin/env /usr/bin/cmake --build /home/user/CPE416/ros_ws/build/ros_gz_example_description -- -j8 -l8
[0.722s] INFO:colcon.colcon_core.task.python.build:Building Python package in '/home/user/CPE416/ros_ws/src/FinalProject'
[0.722s] INFO:colcon.colcon_core.shell:Skip shell extension 'powershell' for command environment: Not usable outside of PowerShell
[0.723s] DEBUG:colcon.colcon_core.shell:Skip shell extension 'dsv' for command environment
[0.732s] DEBUG:colcon.colcon_core.event_handler.log_command:Invoked command in '/home/user/CPE416/ros_ws/build/ros_gz_example_description' returned '0': CMAKE_PREFIX_PATH=${CMAKE_PREFIX_PATH}:/home/user/CPE416/ros_ws/install/FinalProject:/home/user/CPE416/ros_ws/src/FinalProject/install/FinalProject:/home/simulations/ros2_sims_ws/install/rclrs_tests:/home/simulations/ros2_sims_ws/install/examples_rclrs_minimal_client_service:/home/simulations/ros2_sims_ws/install/sensor_msgs_py:/home/simulations/ros2_sims_ws/install/examples_rclrs_minimal_pub_sub:/home/simulations/ros2_sims_ws/install/examples_rclrs_message_demo:/home/simulations/ros2_sims_ws/install/rclrs:/home/simulations/ros2_sims_ws/install/rosidl_runtime_rs:/opt/ros/humble _=/usr/bin/env /usr/bin/cmake --build /home/user/CPE416/ros_ws/build/ros_gz_example_description -- -j8 -l8
[0.788s] DEBUG:colcon.colcon_core.event_handler.log_command:Invoking command in '/home/user/CPE416/ros_ws/build/ros_gz_example_description': CMAKE_PREFIX_PATH=${CMAKE_PREFIX_PATH}:/home/user/CPE416/ros_ws/install/FinalProject:/home/user/CPE416/ros_ws/src/FinalProject/install/FinalProject:/home/simulations/ros2_sims_ws/install/rclrs_tests:/home/simulations/ros2_sims_ws/install/examples_rclrs_minimal_client_service:/home/simulations/ros2_sims_ws/install/sensor_msgs_py:/home/simulations/ros2_sims_ws/install/examples_rclrs_minimal_pub_sub:/home/simulations/ros2_sims_ws/install/examples_rclrs_message_demo:/home/simulations/ros2_sims_ws/install/rclrs:/home/simulations/ros2_sims_ws/install/rosidl_runtime_rs:/opt/ros/humble _=/usr/bin/env /usr/bin/cmake --install /home/user/CPE416/ros_ws/build/ros_gz_example_description
[0.805s] Level 1:colcon.colcon_core.environment:create_environment_scripts_only(ros_gz_example_description)
[0.806s] DEBUG:colcon.colcon_core.event_handler.log_command:Invoked command in '/home/user/CPE416/ros_ws/build/ros_gz_example_description' returned '0': CMAKE_PREFIX_PATH=${CMAKE_PREFIX_PATH}:/home/user/CPE416/ros_ws/install/FinalProject:/home/user/CPE416/ros_ws/src/FinalProject/install/FinalProject:/home/simulations/ros2_sims_ws/install/rclrs_tests:/home/simulations/ros2_sims_ws/install/examples_rclrs_minimal_client_service:/home/simulations/ros2_sims_ws/install/sensor_msgs_py:/home/simulations/ros2_sims_ws/install/examples_rclrs_minimal_pub_sub:/home/simulations/ros2_sims_ws/install/examples_rclrs_message_demo:/home/simulations/ros2_sims_ws/install/rclrs:/home/simulations/ros2_sims_ws/install/rosidl_runtime_rs:/opt/ros/humble _=/usr/bin/env /usr/bin/cmake --install /home/user/CPE416/ros_ws/build/ros_gz_example_description
[0.808s] Level 1:colcon.colcon_core.environment:checking '/home/user/CPE416/ros_ws/install/ros_gz_example_description' for CMake module files
[0.809s] Level 1:colcon.colcon_core.environment:checking '/home/user/CPE416/ros_ws/install/ros_gz_example_description' for CMake config files
[0.809s] Level 1:colcon.colcon_core.shell:create_environment_hook('ros_gz_example_description', 'cmake_prefix_path')
[0.809s] INFO:colcon.colcon_core.shell:Creating environment hook '/home/user/CPE416/ros_ws/install/ros_gz_example_description/share/ros_gz_example_description/hook/cmake_prefix_path.ps1'
[0.810s] INFO:colcon.colcon_core.shell:Creating environment descriptor '/home/user/CPE416/ros_ws/install/ros_gz_example_description/share/ros_gz_example_description/hook/cmake_prefix_path.dsv'
[0.810s] INFO:colcon.colcon_core.shell:Creating environment hook '/home/user/CPE416/ros_ws/install/ros_gz_example_description/share/ros_gz_example_description/hook/cmake_prefix_path.sh'
[0.811s] Level 1:colcon.colcon_core.environment:checking '/home/user/CPE416/ros_ws/install/ros_gz_example_description/bin'
[0.811s] Level 1:colcon.colcon_core.environment:checking '/home/user/CPE416/ros_ws/install/ros_gz_example_description/lib/pkgconfig/ros_gz_example_description.pc'
[0.811s] Level 1:colcon.colcon_core.environment:checking '/home/user/CPE416/ros_ws/install/ros_gz_example_description/lib/python3.10/site-packages'
[0.811s] Level 1:colcon.colcon_core.environment:checking '/home/user/CPE416/ros_ws/install/ros_gz_example_description/bin'
[0.812s] INFO:colcon.colcon_core.shell:Creating package script '/home/user/CPE416/ros_ws/install/ros_gz_example_description/share/ros_gz_example_description/package.ps1'
[0.813s] INFO:colcon.colcon_core.shell:Creating package descriptor '/home/user/CPE416/ros_ws/install/ros_gz_example_description/share/ros_gz_example_description/package.dsv'
[0.813s] INFO:colcon.colcon_core.shell:Creating package script '/home/user/CPE416/ros_ws/install/ros_gz_example_description/share/ros_gz_example_description/package.sh'
[0.814s] INFO:colcon.colcon_core.shell:Creating package script '/home/user/CPE416/ros_ws/install/ros_gz_example_description/share/ros_gz_example_description/package.bash'
[0.814s] INFO:colcon.colcon_core.shell:Creating package script '/home/user/CPE416/ros_ws/install/ros_gz_example_description/share/ros_gz_example_description/package.zsh'
[0.815s] Level 1:colcon.colcon_core.environment:create_file_with_runtime_dependencies(/home/user/CPE416/ros_ws/install/ros_gz_example_description/share/colcon-core/packages/ros_gz_example_description)
[0.856s] Level 1:colcon.colcon_core.environment:create_environment_scripts_only(ros_gz_example_description)
[0.857s] Level 1:colcon.colcon_core.environment:checking '/home/user/CPE416/ros_ws/install/ros_gz_example_description' for CMake module files
[0.857s] Level 1:colcon.colcon_core.environment:checking '/home/user/CPE416/ros_ws/install/ros_gz_example_description' for CMake config files
[0.857s] Level 1:colcon.colcon_core.shell:create_environment_hook('ros_gz_example_description', 'cmake_prefix_path')
[0.858s] INFO:colcon.colcon_core.shell:Creating environment hook '/home/user/CPE416/ros_ws/install/ros_gz_example_description/share/ros_gz_example_description/hook/cmake_prefix_path.ps1'
[0.858s] INFO:colcon.colcon_core.shell:Creating environment descriptor '/home/user/CPE416/ros_ws/install/ros_gz_example_description/share/ros_gz_example_description/hook/cmake_prefix_path.dsv'
[0.858s] INFO:colcon.colcon_core.shell:Creating environment hook '/home/user/CPE416/ros_ws/install/ros_gz_example_description/share/ros_gz_example_description/hook/cmake_prefix_path.sh'
[0.859s] Level 1:colcon.colcon_core.environment:checking '/home/user/CPE416/ros_ws/install/ros_gz_example_description/bin'
[0.859s] Level 1:colcon.colcon_core.environment:checking '/home/user/CPE416/ros_ws/install/ros_gz_example_description/lib/pkgconfig/ros_gz_example_description.pc'
[0.859s] Level 1:colcon.colcon_core.environment:checking '/home/user/CPE416/ros_ws/install/ros_gz_example_description/lib/python3.10/site-packages'
[0.860s] Level 1:colcon.colcon_core.environment:checking '/home/user/CPE416/ros_ws/install/ros_gz_example_description/bin'
[0.860s] INFO:colcon.colcon_core.shell:Creating package script '/home/user/CPE416/ros_ws/install/ros_gz_example_description/share/ros_gz_example_description/package.ps1'
[0.860s] INFO:colcon.colcon_core.shell:Creating package descriptor '/home/user/CPE416/ros_ws/install/ros_gz_example_description/share/ros_gz_example_description/package.dsv'
[0.861s] INFO:colcon.colcon_core.shell:Creating package script '/home/user/CPE416/ros_ws/install/ros_gz_example_description/share/ros_gz_example_description/package.sh'
[0.861s] INFO:colcon.colcon_core.shell:Creating package script '/home/user/CPE416/ros_ws/install/ros_gz_example_description/share/ros_gz_example_description/package.bash'
[0.862s] INFO:colcon.colcon_core.shell:Creating package script '/home/user/CPE416/ros_ws/install/ros_gz_example_description/share/ros_gz_example_description/package.zsh'
[0.862s] Level 1:colcon.colcon_core.environment:create_file_with_runtime_dependencies(/home/user/CPE416/ros_ws/install/ros_gz_example_description/share/colcon-core/packages/ros_gz_example_description)
[0.862s] INFO:colcon.colcon_ros.task.ament_cmake.build:Building ROS package in '/home/user/CPE416/ros_ws/src/ros_gz_project/ros_gz_example_gazebo' with build type 'ament_cmake'
[0.862s] INFO:colcon.colcon_cmake.task.cmake.build:Building CMake package in '/home/user/CPE416/ros_ws/src/ros_gz_project/ros_gz_example_gazebo'
[0.863s] INFO:colcon.colcon_core.shell:Skip shell extension 'powershell' for command environment: Not usable outside of PowerShell
[0.863s] DEBUG:colcon.colcon_core.shell:Skip shell extension 'dsv' for command environment
[0.884s] DEBUG:colcon.colcon_core.event_handler.log_command:Invoking command in '/home/user/CPE416/ros_ws/build/ros_gz_example_gazebo': CMAKE_PREFIX_PATH=${CMAKE_PREFIX_PATH}:/home/user/CPE416/ros_ws/install/FinalProject:/home/user/CPE416/ros_ws/src/FinalProject/install/FinalProject:/home/simulations/ros2_sims_ws/install/rclrs_tests:/home/simulations/ros2_sims_ws/install/examples_rclrs_minimal_client_service:/home/simulations/ros2_sims_ws/install/sensor_msgs_py:/home/simulations/ros2_sims_ws/install/examples_rclrs_minimal_pub_sub:/home/simulations/ros2_sims_ws/install/examples_rclrs_message_demo:/home/simulations/ros2_sims_ws/install/rclrs:/home/simulations/ros2_sims_ws/install/rosidl_runtime_rs:/opt/ros/humble IGN_GAZEBO_RESOURCE_PATH=${IGN_GAZEBO_RESOURCE_PATH}/ros_gz_example_description/models:/home/user/CPE416/ros_ws/install/ros_gz_example_description/share _=/usr/bin/env /usr/bin/cmake --build /home/user/CPE416/ros_ws/build/ros_gz_example_gazebo -- -j8 -l8
[1.283s] DEBUG:colcon.colcon_core.event_handler.log_command:Invoking command in '/home/user/CPE416/ros_ws/src/FinalProject': PYTHONPATH=/home/user/CPE416/ros_ws/build/FinalProject/prefix_override:/usr/lib/python3/dist-packages/colcon_core/task/python/colcon_distutils_commands:/home/user/CPE416/ros_ws/install/FinalProject/lib/python3.10/site-packages:${PYTHONPATH} _=/usr/bin/env /usr/bin/python3 -W ignore:setup.py install is deprecated setup.py egg_info --egg-base ../../build/FinalProject build --build-base /home/user/CPE416/ros_ws/build/FinalProject/build install --record /home/user/CPE416/ros_ws/build/FinalProject/install.log --single-version-externally-managed install_data
[1.625s] Level 1:colcon.colcon_core.environment:checking '/home/user/CPE416/ros_ws/install/FinalProject' for CMake module files
[1.626s] DEBUG:colcon.colcon_core.event_handler.log_command:Invoked command in '/home/user/CPE416/ros_ws/src/FinalProject' returned '0': PYTHONPATH=/home/user/CPE416/ros_ws/build/FinalProject/prefix_override:/usr/lib/python3/dist-packages/colcon_core/task/python/colcon_distutils_commands:/home/user/CPE416/ros_ws/install/FinalProject/lib/python3.10/site-packages:${PYTHONPATH} _=/usr/bin/env /usr/bin/python3 -W ignore:setup.py install is deprecated setup.py egg_info --egg-base ../../build/FinalProject build --build-base /home/user/CPE416/ros_ws/build/FinalProject/build install --record /home/user/CPE416/ros_ws/build/FinalProject/install.log --single-version-externally-managed install_data
[1.626s] Level 1:colcon.colcon_core.environment:checking '/home/user/CPE416/ros_ws/install/FinalProject' for CMake config files
[1.627s] Level 1:colcon.colcon_core.environment:checking '/home/user/CPE416/ros_ws/install/FinalProject/lib'
[1.627s] Level 1:colcon.colcon_core.environment:checking '/home/user/CPE416/ros_ws/install/FinalProject/bin'
[1.627s] Level 1:colcon.colcon_core.environment:checking '/home/user/CPE416/ros_ws/install/FinalProject/lib/pkgconfig/FinalProject.pc'
[1.628s] Level 1:colcon.colcon_core.environment:checking '/home/user/CPE416/ros_ws/install/FinalProject/lib/python3.10/site-packages'
[1.628s] Level 1:colcon.colcon_core.shell:create_environment_hook('FinalProject', 'pythonpath')
[1.628s] INFO:colcon.colcon_core.shell:Creating environment hook '/home/user/CPE416/ros_ws/install/FinalProject/share/FinalProject/hook/pythonpath.ps1'
[1.629s] INFO:colcon.colcon_core.shell:Creating environment descriptor '/home/user/CPE416/ros_ws/install/FinalProject/share/FinalProject/hook/pythonpath.dsv'
[1.629s] INFO:colcon.colcon_core.shell:Creating environment hook '/home/user/CPE416/ros_ws/install/FinalProject/share/FinalProject/hook/pythonpath.sh'
[1.630s] Level 1:colcon.colcon_core.environment:checking '/home/user/CPE416/ros_ws/install/FinalProject/bin'
[1.630s] Level 1:colcon.colcon_core.environment:create_environment_scripts_only(FinalProject)
[1.631s] INFO:colcon.colcon_core.shell:Creating package script '/home/user/CPE416/ros_ws/install/FinalProject/share/FinalProject/package.ps1'
[1.631s] INFO:colcon.colcon_core.shell:Creating package descriptor '/home/user/CPE416/ros_ws/install/FinalProject/share/FinalProject/package.dsv'
[1.632s] INFO:colcon.colcon_core.shell:Creating package script '/home/user/CPE416/ros_ws/install/FinalProject/share/FinalProject/package.sh'
[1.632s] INFO:colcon.colcon_core.shell:Creating package script '/home/user/CPE416/ros_ws/install/FinalProject/share/FinalProject/package.bash'
[1.633s] INFO:colcon.colcon_core.shell:Creating package script '/home/user/CPE416/ros_ws/install/FinalProject/share/FinalProject/package.zsh'
[1.633s] Level 1:colcon.colcon_core.environment:create_file_with_runtime_dependencies(/home/user/CPE416/ros_ws/install/FinalProject/share/colcon-core/packages/FinalProject)
[5.712s] DEBUG:colcon.colcon_core.event_handler.log_command:Invoked command in '/home/user/CPE416/ros_ws/build/ros_gz_example_gazebo' returned '2': CMAKE_PREFIX_PATH=${CMAKE_PREFIX_PATH}:/home/user/CPE416/ros_ws/install/FinalProject:/home/user/CPE416/ros_ws/src/FinalProject/install/FinalProject:/home/simulations/ros2_sims_ws/install/rclrs_tests:/home/simulations/ros2_sims_ws/install/examples_rclrs_minimal_client_service:/home/simulations/ros2_sims_ws/install/sensor_msgs_py:/home/simulations/ros2_sims_ws/install/examples_rclrs_minimal_pub_sub:/home/simulations/ros2_sims_ws/install/examples_rclrs_message_demo:/home/simulations/ros2_sims_ws/install/rclrs:/home/simulations/ros2_sims_ws/install/rosidl_runtime_rs:/opt/ros/humble IGN_GAZEBO_RESOURCE_PATH=${IGN_GAZEBO_RESOURCE_PATH}/ros_gz_example_description/models:/home/user/CPE416/ros_ws/install/ros_gz_example_description/share _=/usr/bin/env /usr/bin/cmake --build /home/user/CPE416/ros_ws/build/ros_gz_example_gazebo -- -j8 -l8
[5.771s] Level 1:colcon.colcon_core.environment:create_environment_scripts_only(ros_gz_example_gazebo)
[5.771s] Level 1:colcon.colcon_core.environment:checking '/home/user/CPE416/ros_ws/install/ros_gz_example_gazebo' for CMake module files
[5.771s] Level 1:colcon.colcon_core.environment:checking '/home/user/CPE416/ros_ws/install/ros_gz_example_gazebo' for CMake config files
[5.772s] Level 1:colcon.colcon_core.environment:checking '/home/user/CPE416/ros_ws/install/ros_gz_example_gazebo/bin'
[5.772s] Level 1:colcon.colcon_core.environment:checking '/home/user/CPE416/ros_ws/install/ros_gz_example_gazebo/lib/pkgconfig/ros_gz_example_gazebo.pc'
[5.772s] Level 1:colcon.colcon_core.environment:checking '/home/user/CPE416/ros_ws/install/ros_gz_example_gazebo/lib/python3.10/site-packages'
[5.772s] Level 1:colcon.colcon_core.environment:checking '/home/user/CPE416/ros_ws/install/ros_gz_example_gazebo/bin'
[5.772s] INFO:colcon.colcon_core.shell:Creating package script '/home/user/CPE416/ros_ws/install/ros_gz_example_gazebo/share/ros_gz_example_gazebo/package.ps1'
[5.773s] INFO:colcon.colcon_core.shell:Creating package descriptor '/home/user/CPE416/ros_ws/install/ros_gz_example_gazebo/share/ros_gz_example_gazebo/package.dsv'
[5.773s] INFO:colcon.colcon_core.shell:Creating package script '/home/user/CPE416/ros_ws/install/ros_gz_example_gazebo/share/ros_gz_example_gazebo/package.sh'
[5.774s] INFO:colcon.colcon_core.shell:Creating package script '/home/user/CPE416/ros_ws/install/ros_gz_example_gazebo/share/ros_gz_example_gazebo/package.bash'
[5.774s] INFO:colcon.colcon_core.shell:Creating package script '/home/user/CPE416/ros_ws/install/ros_gz_example_gazebo/share/ros_gz_example_gazebo/package.zsh'
[5.775s] Level 1:colcon.colcon_core.environment:create_file_with_runtime_dependencies(/home/user/CPE416/ros_ws/install/ros_gz_example_gazebo/share/colcon-core/packages/ros_gz_example_gazebo)
[5.785s] DEBUG:colcon.colcon_parallel_executor.executor.parallel:closing loop
[5.785s] DEBUG:colcon.colcon_parallel_executor.executor.parallel:loop closed
[5.785s] DEBUG:colcon.colcon_parallel_executor.executor.parallel:run_until_complete finished with '2'
[5.785s] DEBUG:colcon.colcon_core.event_reactor:joining thread
[5.804s] INFO:colcon.colcon_core.plugin_system:Skipping extension 'colcon_notification.desktop_notification.notify_send': Could not find 'notify-send'
[5.804s] INFO:colcon.colcon_core.plugin_system:Skipping extension 'colcon_notification.desktop_notification.terminal_notifier': Not used on non-Darwin systems
[5.804s] INFO:colcon.colcon_core.plugin_system:Skipping extension 'colcon_notification.desktop_notification.win32': Not used on non-Windows systems
[5.804s] INFO:colcon.colcon_notification.desktop_notification:Sending desktop notification using 'notify2'
[5.806s] DEBUG:colcon.colcon_notification.desktop_notification.notify2:Failed to initialize notify2: org.freedesktop.DBus.Error.Spawn.ExecFailed: /usr/bin/dbus-launch terminated abnormally without any error message
[5.807s] DEBUG:colcon.colcon_core.event_reactor:joined thread
[5.807s] INFO:colcon.colcon_core.shell:Creating prefix script '/home/user/CPE416/ros_ws/install/local_setup.ps1'
[5.809s] INFO:colcon.colcon_core.shell:Creating prefix util module '/home/user/CPE416/ros_ws/install/_local_setup_util_ps1.py'
[5.810s] INFO:colcon.colcon_core.shell:Creating prefix chain script '/home/user/CPE416/ros_ws/install/setup.ps1'
[5.813s] INFO:colcon.colcon_core.shell:Creating prefix script '/home/user/CPE416/ros_ws/install/local_setup.sh'
[5.813s] INFO:colcon.colcon_core.shell:Creating prefix util module '/home/user/CPE416/ros_ws/install/_local_setup_util_sh.py'
[5.814s] INFO:colcon.colcon_core.shell:Creating prefix chain script '/home/user/CPE416/ros_ws/install/setup.sh'
[5.817s] INFO:colcon.colcon_core.shell:Creating prefix script '/home/user/CPE416/ros_ws/install/local_setup.bash'
[5.817s] INFO:colcon.colcon_core.shell:Creating prefix chain script '/home/user/CPE416/ros_ws/install/setup.bash'
[5.820s] INFO:colcon.colcon_core.shell:Creating prefix script '/home/user/CPE416/ros_ws/install/local_setup.zsh'
[5.820s] INFO:colcon.colcon_core.shell:Creating prefix chain script '/home/user/CPE416/ros_ws/install/setup.zsh'
