[0.689s] DEBUG:colcon:Command line arguments: ['/usr/bin/colcon', 'build']
[0.689s] DEBUG:colcon:Parsed command line arguments: Namespace(log_base=None, log_level=None, verb_name='build', build_base='build', install_base='install', merge_install=False, symlink_install=False, test_result_base=None, continue_on_error=False, executor='parallel', parallel_workers=8, event_handlers=None, ignore_user_meta=False, metas=['./colcon.meta'], base_paths=['.'], packages_ignore=None, packages_ignore_regex=None, paths=None, packages_up_to=None, packages_up_to_regex=None, packages_above=None, packages_above_and_dependencies=None, packages_above_depth=None, packages_select_by_dep=None, packages_skip_by_dep=None, packages_skip_up_to=None, packages_select_build_failed=False, packages_skip_build_finished=False, packages_select_test_failures=False, packages_skip_test_passed=False, packages_select=None, packages_skip=None, packages_select_regex=None, packages_skip_regex=None, packages_start=None, packages_end=None, lookup_in_workspace=False, cargo_args=None, clean_build=False, cmake_args=None, cmake_target=None, cmake_target_skip_unavailable=False, cmake_clean_cache=False, cmake_clean_first=False, cmake_force_configure=False, ament_cmake_args=None, catkin_cmake_args=None, catkin_skip_building_tests=False, mixin_files=None, mixin=None, verb_parser=<colcon_mixin.mixin.mixin_argument.MixinArgumentDecorator object at 0x7f105e032680>, verb_extension=<colcon_core.verb.build.BuildVerb object at 0x7f105e031b10>, main=<bound method BuildVerb.main of <colcon_core.verb.build.BuildVerb object at 0x7f105e031b10>>, mixin_verb=('build',))
[1.578s] Level 1:colcon.colcon_core.package_discovery:discover_packages(colcon_meta) check parameters
[1.578s] Level 1:colcon.colcon_core.package_discovery:discover_packages(recursive) check parameters
[1.578s] Level 1:colcon.colcon_core.package_discovery:discover_packages(ignore) check parameters
[1.578s] Level 1:colcon.colcon_core.package_discovery:discover_packages(path) check parameters
[1.578s] Level 1:colcon.colcon_core.package_discovery:discover_packages(colcon_meta) discover
[1.578s] Level 1:colcon.colcon_core.package_discovery:discover_packages(recursive) discover
[1.578s] INFO:colcon.colcon_core.package_discovery:Crawling recursively for packages in '/home/user/CPE416/ros_ws/src/FinalProject'
[1.579s] Level 1:colcon.colcon_core.package_identification:_identify(.) by extensions ['ignore', 'ignore_ament_install']
[1.579s] Level 1:colcon.colcon_core.package_identification:_identify(.) by extension 'ignore'
[1.579s] Level 1:colcon.colcon_core.package_identification:_identify(.) by extension 'ignore_ament_install'
[1.579s] Level 1:colcon.colcon_core.package_identification:_identify(.) by extensions ['colcon_pkg']
[1.579s] Level 1:colcon.colcon_core.package_identification:_identify(.) by extension 'colcon_pkg'
[1.579s] Level 1:colcon.colcon_core.package_identification:_identify(.) by extensions ['colcon_meta']
[1.579s] Level 1:colcon.colcon_core.package_identification:_identify(.) by extension 'colcon_meta'
[1.579s] Level 1:colcon.colcon_core.package_identification:_identify(.) by extensions ['ament_cargo']
[1.579s] Level 1:colcon.colcon_core.package_identification:_identify(.) by extension 'ament_cargo'
[1.579s] Level 1:colcon.colcon_core.package_identification:_identify(.) by extensions ['ros']
[1.579s] Level 1:colcon.colcon_core.package_identification:_identify(.) by extension 'ros'
[1.600s] DEBUG:colcon.colcon_core.package_identification:Package '.' with type 'ros.ament_python' and name 'FinalProject'
[1.600s] Level 1:colcon.colcon_core.package_discovery:discover_packages(recursive) using defaults
[1.600s] Level 1:colcon.colcon_core.package_discovery:discover_packages(ignore) discover
[1.600s] Level 1:colcon.colcon_core.package_discovery:discover_packages(ignore) using defaults
[1.600s] Level 1:colcon.colcon_core.package_discovery:discover_packages(path) discover
[1.600s] Level 1:colcon.colcon_core.package_discovery:discover_packages(path) using defaults
[1.786s] Level 5:colcon.colcon_core.verb:set package 'FinalProject' build argument 'lookup_in_workspace' from command line to 'False'
[1.786s] Level 5:colcon.colcon_core.verb:set package 'FinalProject' build argument 'cargo_args' from command line to 'None'
[1.786s] Level 5:colcon.colcon_core.verb:set package 'FinalProject' build argument 'clean_build' from command line to 'False'
[1.786s] Level 5:colcon.colcon_core.verb:set package 'FinalProject' build argument 'cmake_args' from command line to 'None'
[1.786s] Level 5:colcon.colcon_core.verb:set package 'FinalProject' build argument 'cmake_target' from command line to 'None'
[1.786s] Level 5:colcon.colcon_core.verb:set package 'FinalProject' build argument 'cmake_target_skip_unavailable' from command line to 'False'
[1.786s] Level 5:colcon.colcon_core.verb:set package 'FinalProject' build argument 'cmake_clean_cache' from command line to 'False'
[1.786s] Level 5:colcon.colcon_core.verb:set package 'FinalProject' build argument 'cmake_clean_first' from command line to 'False'
[1.786s] Level 5:colcon.colcon_core.verb:set package 'FinalProject' build argument 'cmake_force_configure' from command line to 'False'
[1.786s] Level 5:colcon.colcon_core.verb:set package 'FinalProject' build argument 'ament_cmake_args' from command line to 'None'
[1.786s] Level 5:colcon.colcon_core.verb:set package 'FinalProject' build argument 'catkin_cmake_args' from command line to 'None'
[1.786s] Level 5:colcon.colcon_core.verb:set package 'FinalProject' build argument 'catkin_skip_building_tests' from command line to 'False'
[1.786s] DEBUG:colcon.colcon_core.verb:Building package 'FinalProject' with the following arguments: {'ament_cmake_args': None, 'build_base': '/home/user/CPE416/ros_ws/src/FinalProject/build/FinalProject', 'cargo_args': None, 'catkin_cmake_args': None, 'catkin_skip_building_tests': False, 'clean_build': False, 'cmake_args': None, 'cmake_clean_cache': False, 'cmake_clean_first': False, 'cmake_force_configure': False, 'cmake_target': None, 'cmake_target_skip_unavailable': False, 'install_base': '/home/user/CPE416/ros_ws/src/FinalProject/install/FinalProject', 'lookup_in_workspace': False, 'merge_install': False, 'path': '/home/user/CPE416/ros_ws/src/FinalProject', 'symlink_install': False, 'test_result_base': None}
[1.787s] INFO:colcon.colcon_core.executor:Executing jobs using 'parallel' executor
[1.788s] DEBUG:colcon.colcon_parallel_executor.executor.parallel:run_until_complete
[1.788s] INFO:colcon.colcon_ros.task.ament_python.build:Building ROS package in '/home/user/CPE416/ros_ws/src/FinalProject' with build type 'ament_python'
[1.788s] Level 1:colcon.colcon_core.shell:create_environment_hook('FinalProject', 'ament_prefix_path')
[1.794s] INFO:colcon.colcon_core.plugin_system:Skipping extension 'colcon_core.shell.bat': Not used on non-Windows systems
[1.794s] INFO:colcon.colcon_core.shell:Creating environment hook '/home/user/CPE416/ros_ws/src/FinalProject/install/FinalProject/share/FinalProject/hook/ament_prefix_path.ps1'
[1.796s] INFO:colcon.colcon_core.shell:Creating environment descriptor '/home/user/CPE416/ros_ws/src/FinalProject/install/FinalProject/share/FinalProject/hook/ament_prefix_path.dsv'
[1.797s] INFO:colcon.colcon_core.shell:Creating environment hook '/home/user/CPE416/ros_ws/src/FinalProject/install/FinalProject/share/FinalProject/hook/ament_prefix_path.sh'
[1.866s] INFO:colcon.colcon_core.shell:Skip shell extension 'powershell' for command environment: Not usable outside of PowerShell
[1.866s] DEBUG:colcon.colcon_core.shell:Skip shell extension 'dsv' for command environment
[3.467s] INFO:colcon.colcon_core.task.python.build:Building Python package in '/home/user/CPE416/ros_ws/src/FinalProject'
[3.468s] INFO:colcon.colcon_core.shell:Skip shell extension 'powershell' for command environment: Not usable outside of PowerShell
[3.469s] DEBUG:colcon.colcon_core.shell:Skip shell extension 'dsv' for command environment
[5.489s] DEBUG:colcon.colcon_core.event_handler.log_command:Invoking command in '/home/user/CPE416/ros_ws/src/FinalProject': PYTHONPATH=/home/user/CPE416/ros_ws/src/FinalProject/build/FinalProject/prefix_override:/usr/lib/python3/dist-packages/colcon_core/task/python/colcon_distutils_commands:/home/user/CPE416/ros_ws/src/FinalProject/install/FinalProject/lib/python3.10/site-packages:${PYTHONPATH} _=/usr/bin/env /usr/bin/python3 -W ignore:setup.py install is deprecated setup.py egg_info --egg-base build/FinalProject build --build-base /home/user/CPE416/ros_ws/src/FinalProject/build/FinalProject/build install --record /home/user/CPE416/ros_ws/src/FinalProject/build/FinalProject/install.log --single-version-externally-managed install_data
[7.104s] DEBUG:colcon.colcon_core.event_handler.log_command:Invoked command in '/home/user/CPE416/ros_ws/src/FinalProject' returned '0': PYTHONPATH=/home/user/CPE416/ros_ws/src/FinalProject/build/FinalProject/prefix_override:/usr/lib/python3/dist-packages/colcon_core/task/python/colcon_distutils_commands:/home/user/CPE416/ros_ws/src/FinalProject/install/FinalProject/lib/python3.10/site-packages:${PYTHONPATH} _=/usr/bin/env /usr/bin/python3 -W ignore:setup.py install is deprecated setup.py egg_info --egg-base build/FinalProject build --build-base /home/user/CPE416/ros_ws/src/FinalProject/build/FinalProject/build install --record /home/user/CPE416/ros_ws/src/FinalProject/build/FinalProject/install.log --single-version-externally-managed install_data
[7.168s] Level 1:colcon.colcon_core.environment:checking '/home/user/CPE416/ros_ws/src/FinalProject/install/FinalProject' for CMake module files
[7.169s] Level 1:colcon.colcon_core.environment:checking '/home/user/CPE416/ros_ws/src/FinalProject/install/FinalProject' for CMake config files
[7.170s] Level 1:colcon.colcon_core.environment:checking '/home/user/CPE416/ros_ws/src/FinalProject/install/FinalProject/lib'
[7.170s] Level 1:colcon.colcon_core.environment:checking '/home/user/CPE416/ros_ws/src/FinalProject/install/FinalProject/bin'
[7.170s] Level 1:colcon.colcon_core.environment:checking '/home/user/CPE416/ros_ws/src/FinalProject/install/FinalProject/lib/pkgconfig/FinalProject.pc'
[7.171s] Level 1:colcon.colcon_core.environment:checking '/home/user/CPE416/ros_ws/src/FinalProject/install/FinalProject/lib/python3.10/site-packages'
[7.171s] Level 1:colcon.colcon_core.shell:create_environment_hook('FinalProject', 'pythonpath')
[7.171s] INFO:colcon.colcon_core.shell:Creating environment hook '/home/user/CPE416/ros_ws/src/FinalProject/install/FinalProject/share/FinalProject/hook/pythonpath.ps1'
[7.172s] INFO:colcon.colcon_core.shell:Creating environment descriptor '/home/user/CPE416/ros_ws/src/FinalProject/install/FinalProject/share/FinalProject/hook/pythonpath.dsv'
[7.173s] INFO:colcon.colcon_core.shell:Creating environment hook '/home/user/CPE416/ros_ws/src/FinalProject/install/FinalProject/share/FinalProject/hook/pythonpath.sh'
[7.174s] Level 1:colcon.colcon_core.environment:checking '/home/user/CPE416/ros_ws/src/FinalProject/install/FinalProject/bin'
[7.175s] Level 1:colcon.colcon_core.environment:create_environment_scripts_only(FinalProject)
[7.175s] INFO:colcon.colcon_core.shell:Creating package script '/home/user/CPE416/ros_ws/src/FinalProject/install/FinalProject/share/FinalProject/package.ps1'
[7.178s] INFO:colcon.colcon_core.shell:Creating package descriptor '/home/user/CPE416/ros_ws/src/FinalProject/install/FinalProject/share/FinalProject/package.dsv'
[7.178s] INFO:colcon.colcon_core.shell:Creating package script '/home/user/CPE416/ros_ws/src/FinalProject/install/FinalProject/share/FinalProject/package.sh'
[7.180s] INFO:colcon.colcon_core.shell:Creating package script '/home/user/CPE416/ros_ws/src/FinalProject/install/FinalProject/share/FinalProject/package.bash'
[7.181s] INFO:colcon.colcon_core.shell:Creating package script '/home/user/CPE416/ros_ws/src/FinalProject/install/FinalProject/share/FinalProject/package.zsh'
[7.183s] Level 1:colcon.colcon_core.environment:create_file_with_runtime_dependencies(/home/user/CPE416/ros_ws/src/FinalProject/install/FinalProject/share/colcon-core/packages/FinalProject)
[7.184s] DEBUG:colcon.colcon_parallel_executor.executor.parallel:closing loop
[7.185s] DEBUG:colcon.colcon_parallel_executor.executor.parallel:loop closed
[7.185s] DEBUG:colcon.colcon_parallel_executor.executor.parallel:run_until_complete finished with '0'
[7.185s] DEBUG:colcon.colcon_core.event_reactor:joining thread
[7.267s] INFO:colcon.colcon_core.plugin_system:Skipping extension 'colcon_notification.desktop_notification.notify_send': Could not find 'notify-send'
[7.267s] INFO:colcon.colcon_core.plugin_system:Skipping extension 'colcon_notification.desktop_notification.terminal_notifier': Not used on non-Darwin systems
[7.267s] INFO:colcon.colcon_core.plugin_system:Skipping extension 'colcon_notification.desktop_notification.win32': Not used on non-Windows systems
[7.267s] INFO:colcon.colcon_notification.desktop_notification:Sending desktop notification using 'notify2'
[7.275s] DEBUG:colcon.colcon_notification.desktop_notification.notify2:Failed to initialize notify2: org.freedesktop.DBus.Error.Spawn.ExecFailed: /usr/bin/dbus-launch terminated abnormally without any error message
[7.275s] DEBUG:colcon.colcon_core.event_reactor:joined thread
[7.276s] INFO:colcon.colcon_core.shell:Creating prefix script '/home/user/CPE416/ros_ws/src/FinalProject/install/local_setup.ps1'
[7.279s] INFO:colcon.colcon_core.shell:Creating prefix util module '/home/user/CPE416/ros_ws/src/FinalProject/install/_local_setup_util_ps1.py'
[7.282s] INFO:colcon.colcon_core.shell:Creating prefix chain script '/home/user/CPE416/ros_ws/src/FinalProject/install/setup.ps1'
[7.285s] INFO:colcon.colcon_core.shell:Creating prefix script '/home/user/CPE416/ros_ws/src/FinalProject/install/local_setup.sh'
[7.286s] INFO:colcon.colcon_core.shell:Creating prefix util module '/home/user/CPE416/ros_ws/src/FinalProject/install/_local_setup_util_sh.py'
[7.286s] INFO:colcon.colcon_core.shell:Creating prefix chain script '/home/user/CPE416/ros_ws/src/FinalProject/install/setup.sh'
[7.290s] INFO:colcon.colcon_core.shell:Creating prefix script '/home/user/CPE416/ros_ws/src/FinalProject/install/local_setup.bash'
[7.290s] INFO:colcon.colcon_core.shell:Creating prefix chain script '/home/user/CPE416/ros_ws/src/FinalProject/install/setup.bash'
[7.294s] INFO:colcon.colcon_core.shell:Creating prefix script '/home/user/CPE416/ros_ws/src/FinalProject/install/local_setup.zsh'
[7.294s] INFO:colcon.colcon_core.shell:Creating prefix chain script '/home/user/CPE416/ros_ws/src/FinalProject/install/setup.zsh'
