[0.882s] Invoking command in '/home/user/CPE416/ros_ws/src/FinalProject': PYTHONPATH=/home/user/CPE416/ros_ws/build/FinalProject/prefix_override:/usr/lib/python3/dist-packages/colcon_core/task/python/colcon_distutils_commands:/home/user/CPE416/ros_ws/install/FinalProject/lib/python3.10/site-packages:${PYTHONPATH} _=/usr/bin/env /usr/bin/python3 -W ignore:setup.py install is deprecated setup.py egg_info --egg-base ../../build/FinalProject build --build-base /home/user/CPE416/ros_ws/build/FinalProject/build install --record /home/user/CPE416/ros_ws/build/FinalProject/install.log --single-version-externally-managed install_data
[1.167s] running egg_info
[1.168s] writing ../../build/FinalProject/FinalProject.egg-info/PKG-INFO
[1.168s] writing dependency_links to ../../build/FinalProject/FinalProject.egg-info/dependency_links.txt
[1.168s] writing entry points to ../../build/FinalProject/FinalProject.egg-info/entry_points.txt
[1.168s] writing requirements to ../../build/FinalProject/FinalProject.egg-info/requires.txt
[1.169s] writing top-level names to ../../build/FinalProject/FinalProject.egg-info/top_level.txt
[1.170s] reading manifest file '../../build/FinalProject/FinalProject.egg-info/SOURCES.txt'
[1.171s] writing manifest file '../../build/FinalProject/FinalProject.egg-info/SOURCES.txt'
[1.172s] running build
[1.172s] running build_py
[1.172s] running install
[1.172s] running install_lib
[1.174s] running install_data
[1.174s] running install_egg_info
[1.176s] removing '/home/user/CPE416/ros_ws/install/FinalProject/lib/python3.10/site-packages/FinalProject-0.0.0-py3.10.egg-info' (and everything under it)
[1.177s] Copying ../../build/FinalProject/FinalProject.egg-info to /home/user/CPE416/ros_ws/install/FinalProject/lib/python3.10/site-packages/FinalProject-0.0.0-py3.10.egg-info
[1.178s] running install_scripts
[1.201s] writing list of installed files to '/home/user/CPE416/ros_ws/build/FinalProject/install.log'
[1.225s] Invoked command in '/home/user/CPE416/ros_ws/src/FinalProject' returned '0': PYTHONPATH=/home/user/CPE416/ros_ws/build/FinalProject/prefix_override:/usr/lib/python3/dist-packages/colcon_core/task/python/colcon_distutils_commands:/home/user/CPE416/ros_ws/install/FinalProject/lib/python3.10/site-packages:${PYTHONPATH} _=/usr/bin/env /usr/bin/python3 -W ignore:setup.py install is deprecated setup.py egg_info --egg-base ../../build/FinalProject build --build-base /home/user/CPE416/ros_ws/build/FinalProject/build install --record /home/user/CPE416/ros_ws/build/FinalProject/install.log --single-version-externally-managed install_data
