running egg_info
writing build/FinalProject/FinalProject.egg-info/PKG-INFO
writing dependency_links to build/FinalProject/FinalProject.egg-info/dependency_links.txt
writing entry points to build/FinalProject/FinalProject.egg-info/entry_points.txt
writing requirements to build/FinalProject/FinalProject.egg-info/requires.txt
writing top-level names to build/FinalProject/FinalProject.egg-info/top_level.txt
reading manifest file 'build/FinalProject/FinalProject.egg-info/SOURCES.txt'
writing manifest file 'build/FinalProject/FinalProject.egg-info/SOURCES.txt'
running build
running build_py
copying FinalProject/teleop_gobilda.py -> /home/user/CPE416/ros_ws/src/FinalProject/build/FinalProject/build/lib/FinalProject
running install
running install_lib
copying /home/user/CPE416/ros_ws/src/FinalProject/build/FinalProject/build/lib/FinalProject/teleop_gobilda.py -> /home/user/CPE416/ros_ws/src/FinalProject/install/FinalProject/lib/python3.10/site-packages/FinalProject
byte-compiling /home/user/CPE416/ros_ws/src/FinalProject/install/FinalProject/lib/python3.10/site-packages/FinalProject/teleop_gobilda.py to teleop_gobilda.cpython-310.pyc
running install_data
running install_egg_info
removing '/home/user/CPE416/ros_ws/src/FinalProject/install/FinalProject/lib/python3.10/site-packages/FinalProject-0.0.0-py3.10.egg-info' (and everything under it)
Copying build/FinalProject/FinalProject.egg-info to /home/user/CPE416/ros_ws/src/FinalProject/install/FinalProject/lib/python3.10/site-packages/FinalProject-0.0.0-py3.10.egg-info
running install_scripts
Installing teleop_gobilda script to /home/user/CPE416/ros_ws/src/FinalProject/install/FinalProject/lib/FinalProject
writing list of installed files to '/home/user/CPE416/ros_ws/src/FinalProject/build/FinalProject/install.log'
