[3.776s] Invoking command in '/home/user/CPE416/ros_ws/src/FinalProject': PYTHONPATH=/home/user/CPE416/ros_ws/src/FinalProject/build/FinalProject/prefix_override:/usr/lib/python3/dist-packages/colcon_core/task/python/colcon_distutils_commands:/home/user/CPE416/ros_ws/src/FinalProject/install/FinalProject/lib/python3.10/site-packages:${PYTHONPATH} _=/usr/bin/env /usr/bin/python3 -W ignore:setup.py install is deprecated setup.py egg_info --egg-base build/FinalProject build --build-base /home/user/CPE416/ros_ws/src/FinalProject/build/FinalProject/build install --record /home/user/CPE416/ros_ws/src/FinalProject/build/FinalProject/install.log --single-version-externally-managed install_data
[5.073s] running egg_info
[5.076s] writing build/FinalProject/FinalProject.egg-info/PKG-INFO
[5.077s] writing dependency_links to build/FinalProject/FinalProject.egg-info/dependency_links.txt
[5.077s] writing entry points to build/FinalProject/FinalProject.egg-info/entry_points.txt
[5.077s] writing requirements to build/FinalProject/FinalProject.egg-info/requires.txt
[5.077s] writing top-level names to build/FinalProject/FinalProject.egg-info/top_level.txt
[5.080s] reading manifest file 'build/FinalProject/FinalProject.egg-info/SOURCES.txt'
[5.082s] writing manifest file 'build/FinalProject/FinalProject.egg-info/SOURCES.txt'
[5.082s] running build
[5.083s] running build_py
[5.083s] copying FinalProject/teleop_gobilda.py -> /home/user/CPE416/ros_ws/src/FinalProject/build/FinalProject/build/lib/FinalProject
[5.084s] running install
[5.084s] running install_lib
[5.085s] copying /home/user/CPE416/ros_ws/src/FinalProject/build/FinalProject/build/lib/FinalProject/teleop_gobilda.py -> /home/user/CPE416/ros_ws/src/FinalProject/install/FinalProject/lib/python3.10/site-packages/FinalProject
[5.087s] byte-compiling /home/user/CPE416/ros_ws/src/FinalProject/install/FinalProject/lib/python3.10/site-packages/FinalProject/teleop_gobilda.py to teleop_gobilda.cpython-310.pyc
[5.089s] running install_data
[5.091s] running install_egg_info
[5.169s] removing '/home/user/CPE416/ros_ws/src/FinalProject/install/FinalProject/lib/python3.10/site-packages/FinalProject-0.0.0-py3.10.egg-info' (and everything under it)
[5.170s] Copying build/FinalProject/FinalProject.egg-info to /home/user/CPE416/ros_ws/src/FinalProject/install/FinalProject/lib/python3.10/site-packages/FinalProject-0.0.0-py3.10.egg-info
[5.170s] running install_scripts
[5.269s] Installing teleop_gobilda script to /home/user/CPE416/ros_ws/src/FinalProject/install/FinalProject/lib/FinalProject
[5.270s] writing list of installed files to '/home/user/CPE416/ros_ws/src/FinalProject/build/FinalProject/install.log'
[5.300s] Invoked command in '/home/user/CPE416/ros_ws/src/FinalProject' returned '0': PYTHONPATH=/home/user/CPE416/ros_ws/src/FinalProject/build/FinalProject/prefix_override:/usr/lib/python3/dist-packages/colcon_core/task/python/colcon_distutils_commands:/home/user/CPE416/ros_ws/src/FinalProject/install/FinalProject/lib/python3.10/site-packages:${PYTHONPATH} _=/usr/bin/env /usr/bin/python3 -W ignore:setup.py install is deprecated setup.py egg_info --egg-base build/FinalProject build --build-base /home/user/CPE416/ros_ws/src/FinalProject/build/FinalProject/build install --record /home/user/CPE416/ros_ws/src/FinalProject/build/FinalProject/install.log --single-version-externally-managed install_data
