[3.699s] Invoking command in '/home/user/CPE416/ros_ws/src/FinalProject': PYTHONPATH=/home/user/CPE416/ros_ws/src/FinalProject/build/FinalProject/prefix_override:/usr/lib/python3/dist-packages/colcon_core/task/python/colcon_distutils_commands:/home/user/CPE416/ros_ws/src/FinalProject/install/FinalProject/lib/python3.10/site-packages:${PYTHONPATH} _=/usr/bin/env /usr/bin/python3 -W ignore:setup.py install is deprecated setup.py egg_info --egg-base build/FinalProject build --build-base /home/user/CPE416/ros_ws/src/FinalProject/build/FinalProject/build install --record /home/user/CPE416/ros_ws/src/FinalProject/build/FinalProject/install.log --single-version-externally-managed install_data
[5.093s] running egg_info
[5.094s] writing build/FinalProject/FinalProject.egg-info/PKG-INFO
[5.095s] writing dependency_links to build/FinalProject/FinalProject.egg-info/dependency_links.txt
[5.096s] writing entry points to build/FinalProject/FinalProject.egg-info/entry_points.txt
[5.096s] writing requirements to build/FinalProject/FinalProject.egg-info/requires.txt
[5.096s] writing top-level names to build/FinalProject/FinalProject.egg-info/top_level.txt
[5.099s] reading manifest file 'build/FinalProject/FinalProject.egg-info/SOURCES.txt'
[5.100s] writing manifest file 'build/FinalProject/FinalProject.egg-info/SOURCES.txt'
[5.100s] running build
[5.101s] running build_py
[5.101s] running install
[5.101s] running install_lib
[5.176s] running install_data
[5.176s] running install_egg_info
[5.176s] removing '/home/user/CPE416/ros_ws/src/FinalProject/install/FinalProject/lib/python3.10/site-packages/FinalProject-0.0.0-py3.10.egg-info' (and everything under it)
[5.176s] Copying build/FinalProject/FinalProject.egg-info to /home/user/CPE416/ros_ws/src/FinalProject/install/FinalProject/lib/python3.10/site-packages/FinalProject-0.0.0-py3.10.egg-info
[5.177s] running install_scripts
[5.280s] Installing teleop_gobilda script to /home/user/CPE416/ros_ws/src/FinalProject/install/FinalProject/lib/FinalProject
[5.281s] writing list of installed files to '/home/user/CPE416/ros_ws/src/FinalProject/build/FinalProject/install.log'
[5.314s] Invoked command in '/home/user/CPE416/ros_ws/src/FinalProject' returned '0': PYTHONPATH=/home/user/CPE416/ros_ws/src/FinalProject/build/FinalProject/prefix_override:/usr/lib/python3/dist-packages/colcon_core/task/python/colcon_distutils_commands:/home/user/CPE416/ros_ws/src/FinalProject/install/FinalProject/lib/python3.10/site-packages:${PYTHONPATH} _=/usr/bin/env /usr/bin/python3 -W ignore:setup.py install is deprecated setup.py egg_info --egg-base build/FinalProject build --build-base /home/user/CPE416/ros_ws/src/FinalProject/build/FinalProject/build install --record /home/user/CPE416/ros_ws/src/FinalProject/build/FinalProject/install.log --single-version-externally-managed install_data
