[3.562s] Invoking command in '/home/user/CPE416/ros_ws/src/FinalProject': PYTHONPATH=/home/user/CPE416/ros_ws/src/FinalProject/build/FinalProject/prefix_override:/usr/lib/python3/dist-packages/colcon_core/task/python/colcon_distutils_commands:/home/user/CPE416/ros_ws/src/FinalProject/install/FinalProject/lib/python3.10/site-packages:${PYTHONPATH} _=/usr/bin/env /usr/bin/python3 -W ignore:setup.py install is deprecated setup.py egg_info --egg-base build/FinalProject build --build-base /home/user/CPE416/ros_ws/src/FinalProject/build/FinalProject/build install --record /home/user/CPE416/ros_ws/src/FinalProject/build/FinalProject/install.log --single-version-externally-managed install_data
[4.866s] running egg_info
[4.867s] writing build/FinalProject/FinalProject.egg-info/PKG-INFO
[4.867s] writing dependency_links to build/FinalProject/FinalProject.egg-info/dependency_links.txt
[4.868s] writing entry points to build/FinalProject/FinalProject.egg-info/entry_points.txt
[4.868s] writing requirements to build/FinalProject/FinalProject.egg-info/requires.txt
[4.868s] writing top-level names to build/FinalProject/FinalProject.egg-info/top_level.txt
[4.871s] reading manifest file 'build/FinalProject/FinalProject.egg-info/SOURCES.txt'
[4.873s] writing manifest file 'build/FinalProject/FinalProject.egg-info/SOURCES.txt'
[4.874s] running build
[4.874s] running build_py
[4.874s] copying FinalProject/teleop_gobilda.py -> /home/user/CPE416/ros_ws/src/FinalProject/build/FinalProject/build/lib/FinalProject
[4.875s] running install
[4.876s] running install_lib
[4.877s] copying /home/user/CPE416/ros_ws/src/FinalProject/build/FinalProject/build/lib/FinalProject/teleop_gobilda.py -> /home/user/CPE416/ros_ws/src/FinalProject/install/FinalProject/lib/python3.10/site-packages/FinalProject
[4.879s] byte-compiling /home/user/CPE416/ros_ws/src/FinalProject/install/FinalProject/lib/python3.10/site-packages/FinalProject/teleop_gobilda.py to teleop_gobilda.cpython-310.pyc
[4.881s] running install_data
[4.881s] running install_egg_info
[4.886s] removing '/home/user/CPE416/ros_ws/src/FinalProject/install/FinalProject/lib/python3.10/site-packages/FinalProject-0.0.0-py3.10.egg-info' (and everything under it)
[4.886s] Copying build/FinalProject/FinalProject.egg-info to /home/user/CPE416/ros_ws/src/FinalProject/install/FinalProject/lib/python3.10/site-packages/FinalProject-0.0.0-py3.10.egg-info
[4.961s] running install_scripts
[5.067s] Installing teleop_gobilda script to /home/user/CPE416/ros_ws/src/FinalProject/install/FinalProject/lib/FinalProject
[5.067s] writing list of installed files to '/home/user/CPE416/ros_ws/src/FinalProject/build/FinalProject/install.log'
[5.176s] Invoked command in '/home/user/CPE416/ros_ws/src/FinalProject' returned '0': PYTHONPATH=/home/user/CPE416/ros_ws/src/FinalProject/build/FinalProject/prefix_override:/usr/lib/python3/dist-packages/colcon_core/task/python/colcon_distutils_commands:/home/user/CPE416/ros_ws/src/FinalProject/install/FinalProject/lib/python3.10/site-packages:${PYTHONPATH} _=/usr/bin/env /usr/bin/python3 -W ignore:setup.py install is deprecated setup.py egg_info --egg-base build/FinalProject build --build-base /home/user/CPE416/ros_ws/src/FinalProject/build/FinalProject/build install --record /home/user/CPE416/ros_ws/src/FinalProject/build/FinalProject/install.log --single-version-externally-managed install_data
