[0.026s] Invoking command in '/home/user/CPE416/ros_ws/src/build/ros_gz_example_description': CMAKE_PREFIX_PATH=${CMAKE_PREFIX_PATH}:/home/user/CPE416/ros_ws/install/FinalProject:/home/user/CPE416/ros_ws/src/FinalProject/install/FinalProject:/home/simulations/ros2_sims_ws/install/rclrs_tests:/home/simulations/ros2_sims_ws/install/examples_rclrs_minimal_client_service:/home/simulations/ros2_sims_ws/install/sensor_msgs_py:/home/simulations/ros2_sims_ws/install/examples_rclrs_minimal_pub_sub:/home/simulations/ros2_sims_ws/install/examples_rclrs_message_demo:/home/simulations/ros2_sims_ws/install/rclrs:/home/simulations/ros2_sims_ws/install/rosidl_runtime_rs:/opt/ros/humble _=/usr/bin/env /usr/bin/cmake /home/user/CPE416/ros_ws/src/ros_gz_project/ros_gz_example_description -DCMAKE_INSTALL_PREFIX=/home/user/CPE416/ros_ws/src/install/ros_gz_example_description
[0.102s] -- The C compiler identification is GNU 11.4.0
[0.162s] -- The CXX compiler identification is GNU 11.4.0
[0.170s] -- Detecting C compiler ABI info
[0.260s] -- Detecting C compiler ABI info - done
[0.268s] -- Check for working C compiler: /usr/bin/cc - skipped
[0.268s] -- Detecting C compile features
[0.269s] -- Detecting C compile features - done
[0.272s] -- Detecting CXX compiler ABI info
[0.367s] -- Detecting CXX compiler ABI info - done
[0.375s] -- Check for working CXX compiler: /usr/bin/c++ - skipped
[0.375s] -- Detecting CXX compile features
[0.376s] -- Detecting CXX compile features - done
[0.390s] -- Found ament_cmake: 1.3.10 (/opt/ros/humble/share/ament_cmake/cmake)
[0.636s] -- Found Python3: /usr/bin/python3 (found version "3.10.12") found components: Interpreter 
[0.913s] -- Found ament_lint_auto: 0.12.11 (/opt/ros/humble/share/ament_lint_auto/cmake)
[0.997s] -- Configuring done
[1.000s] -- Generating done
[1.001s] -- Build files have been written to: /home/user/CPE416/ros_ws/src/build/ros_gz_example_description
[1.005s] Invoked command in '/home/user/CPE416/ros_ws/src/build/ros_gz_example_description' returned '0': CMAKE_PREFIX_PATH=${CMAKE_PREFIX_PATH}:/home/user/CPE416/ros_ws/install/FinalProject:/home/user/CPE416/ros_ws/src/FinalProject/install/FinalProject:/home/simulations/ros2_sims_ws/install/rclrs_tests:/home/simulations/ros2_sims_ws/install/examples_rclrs_minimal_client_service:/home/simulations/ros2_sims_ws/install/sensor_msgs_py:/home/simulations/ros2_sims_ws/install/examples_rclrs_minimal_pub_sub:/home/simulations/ros2_sims_ws/install/examples_rclrs_message_demo:/home/simulations/ros2_sims_ws/install/rclrs:/home/simulations/ros2_sims_ws/install/rosidl_runtime_rs:/opt/ros/humble _=/usr/bin/env /usr/bin/cmake /home/user/CPE416/ros_ws/src/ros_gz_project/ros_gz_example_description -DCMAKE_INSTALL_PREFIX=/home/user/CPE416/ros_ws/src/install/ros_gz_example_description
[1.008s] Invoking command in '/home/user/CPE416/ros_ws/src/build/ros_gz_example_description': CMAKE_PREFIX_PATH=${CMAKE_PREFIX_PATH}:/home/user/CPE416/ros_ws/install/FinalProject:/home/user/CPE416/ros_ws/src/FinalProject/install/FinalProject:/home/simulations/ros2_sims_ws/install/rclrs_tests:/home/simulations/ros2_sims_ws/install/examples_rclrs_minimal_client_service:/home/simulations/ros2_sims_ws/install/sensor_msgs_py:/home/simulations/ros2_sims_ws/install/examples_rclrs_minimal_pub_sub:/home/simulations/ros2_sims_ws/install/examples_rclrs_message_demo:/home/simulations/ros2_sims_ws/install/rclrs:/home/simulations/ros2_sims_ws/install/rosidl_runtime_rs:/opt/ros/humble _=/usr/bin/env /usr/bin/cmake --build /home/user/CPE416/ros_ws/src/build/ros_gz_example_description -- -j8 -l8
[1.056s] Invoked command in '/home/user/CPE416/ros_ws/src/build/ros_gz_example_description' returned '0': CMAKE_PREFIX_PATH=${CMAKE_PREFIX_PATH}:/home/user/CPE416/ros_ws/install/FinalProject:/home/user/CPE416/ros_ws/src/FinalProject/install/FinalProject:/home/simulations/ros2_sims_ws/install/rclrs_tests:/home/simulations/ros2_sims_ws/install/examples_rclrs_minimal_client_service:/home/simulations/ros2_sims_ws/install/sensor_msgs_py:/home/simulations/ros2_sims_ws/install/examples_rclrs_minimal_pub_sub:/home/simulations/ros2_sims_ws/install/examples_rclrs_message_demo:/home/simulations/ros2_sims_ws/install/rclrs:/home/simulations/ros2_sims_ws/install/rosidl_runtime_rs:/opt/ros/humble _=/usr/bin/env /usr/bin/cmake --build /home/user/CPE416/ros_ws/src/build/ros_gz_example_description -- -j8 -l8
[1.116s] Invoking command in '/home/user/CPE416/ros_ws/src/build/ros_gz_example_description': CMAKE_PREFIX_PATH=${CMAKE_PREFIX_PATH}:/home/user/CPE416/ros_ws/install/FinalProject:/home/user/CPE416/ros_ws/src/FinalProject/install/FinalProject:/home/simulations/ros2_sims_ws/install/rclrs_tests:/home/simulations/ros2_sims_ws/install/examples_rclrs_minimal_client_service:/home/simulations/ros2_sims_ws/install/sensor_msgs_py:/home/simulations/ros2_sims_ws/install/examples_rclrs_minimal_pub_sub:/home/simulations/ros2_sims_ws/install/examples_rclrs_message_demo:/home/simulations/ros2_sims_ws/install/rclrs:/home/simulations/ros2_sims_ws/install/rosidl_runtime_rs:/opt/ros/humble _=/usr/bin/env /usr/bin/cmake --install /home/user/CPE416/ros_ws/src/build/ros_gz_example_description
[1.127s] -- Install configuration: ""
[1.127s] -- Installing: /home/user/CPE416/ros_ws/src/install/ros_gz_example_description/share/ros_gz_example_description/models
[1.127s] -- Installing: /home/user/CPE416/ros_ws/src/install/ros_gz_example_description/share/ros_gz_example_description/models/diff_drive
[1.127s] -- Installing: /home/user/CPE416/ros_ws/src/install/ros_gz_example_description/share/ros_gz_example_description/models/diff_drive/model.sdf
[1.128s] -- Installing: /home/user/CPE416/ros_ws/src/install/ros_gz_example_description/share/ros_gz_example_description/models/diff_drive/model.config
[1.128s] -- Installing: /home/user/CPE416/ros_ws/src/install/ros_gz_example_description/share/ros_gz_example_description/models/rrbot
[1.128s] -- Installing: /home/user/CPE416/ros_ws/src/install/ros_gz_example_description/share/ros_gz_example_description/models/rrbot/model.sdf
[1.128s] -- Installing: /home/user/CPE416/ros_ws/src/install/ros_gz_example_description/share/ros_gz_example_description/environment/ros_gz_example_description.dsv
[1.128s] -- Installing: /home/user/CPE416/ros_ws/src/install/ros_gz_example_description/share/ros_gz_example_description/environment/ros_gz_example_description.sh
[1.129s] -- Installing: /home/user/CPE416/ros_ws/src/install/ros_gz_example_description/share/ament_index/resource_index/package_run_dependencies/ros_gz_example_description
[1.129s] -- Installing: /home/user/CPE416/ros_ws/src/install/ros_gz_example_description/share/ament_index/resource_index/parent_prefix_path/ros_gz_example_description
[1.129s] -- Installing: /home/user/CPE416/ros_ws/src/install/ros_gz_example_description/share/ros_gz_example_description/environment/ament_prefix_path.sh
[1.129s] -- Installing: /home/user/CPE416/ros_ws/src/install/ros_gz_example_description/share/ros_gz_example_description/environment/ament_prefix_path.dsv
[1.130s] -- Installing: /home/user/CPE416/ros_ws/src/install/ros_gz_example_description/share/ros_gz_example_description/environment/path.sh
[1.130s] -- Installing: /home/user/CPE416/ros_ws/src/install/ros_gz_example_description/share/ros_gz_example_description/environment/path.dsv
[1.130s] -- Installing: /home/user/CPE416/ros_ws/src/install/ros_gz_example_description/share/ros_gz_example_description/local_setup.bash
[1.130s] -- Installing: /home/user/CPE416/ros_ws/src/install/ros_gz_example_description/share/ros_gz_example_description/local_setup.sh
[1.130s] -- Installing: /home/user/CPE416/ros_ws/src/install/ros_gz_example_description/share/ros_gz_example_description/local_setup.zsh
[1.130s] -- Installing: /home/user/CPE416/ros_ws/src/install/ros_gz_example_description/share/ros_gz_example_description/local_setup.dsv
[1.131s] -- Installing: /home/user/CPE416/ros_ws/src/install/ros_gz_example_description/share/ros_gz_example_description/package.dsv
[1.131s] -- Installing: /home/user/CPE416/ros_ws/src/install/ros_gz_example_description/share/ament_index/resource_index/packages/ros_gz_example_description
[1.131s] -- Installing: /home/user/CPE416/ros_ws/src/install/ros_gz_example_description/share/ros_gz_example_description/cmake/ros_gz_example_descriptionConfig.cmake
[1.131s] -- Installing: /home/user/CPE416/ros_ws/src/install/ros_gz_example_description/share/ros_gz_example_description/cmake/ros_gz_example_descriptionConfig-version.cmake
[1.131s] -- Installing: /home/user/CPE416/ros_ws/src/install/ros_gz_example_description/share/ros_gz_example_description/package.xml
[1.134s] Invoked command in '/home/user/CPE416/ros_ws/src/build/ros_gz_example_description' returned '0': CMAKE_PREFIX_PATH=${CMAKE_PREFIX_PATH}:/home/user/CPE416/ros_ws/install/FinalProject:/home/user/CPE416/ros_ws/src/FinalProject/install/FinalProject:/home/simulations/ros2_sims_ws/install/rclrs_tests:/home/simulations/ros2_sims_ws/install/examples_rclrs_minimal_client_service:/home/simulations/ros2_sims_ws/install/sensor_msgs_py:/home/simulations/ros2_sims_ws/install/examples_rclrs_minimal_pub_sub:/home/simulations/ros2_sims_ws/install/examples_rclrs_message_demo:/home/simulations/ros2_sims_ws/install/rclrs:/home/simulations/ros2_sims_ws/install/rosidl_runtime_rs:/opt/ros/humble _=/usr/bin/env /usr/bin/cmake --install /home/user/CPE416/ros_ws/src/build/ros_gz_example_description
