[0.287s] DEBUG:colcon:Command line arguments: ['/usr/bin/colcon', 'build']
[0.287s] DEBUG:colcon:Parsed command line arguments: Namespace(log_base=None, log_level=None, verb_name='build', build_base='build', install_base='install', merge_install=False, symlink_install=False, test_result_base=None, continue_on_error=False, executor='parallel', parallel_workers=8, event_handlers=None, ignore_user_meta=False, metas=['./colcon.meta'], base_paths=['.'], packages_ignore=None, packages_ignore_regex=None, paths=None, packages_up_to=None, packages_up_to_regex=None, packages_above=None, packages_above_and_dependencies=None, packages_above_depth=None, packages_select_by_dep=None, packages_skip_by_dep=None, packages_skip_up_to=None, packages_select_build_failed=False, packages_skip_build_finished=False, packages_select_test_failures=False, packages_skip_test_passed=False, packages_select=None, packages_skip=None, packages_select_regex=None, packages_skip_regex=None, packages_start=None, packages_end=None, lookup_in_workspace=False, cargo_args=None, clean_build=False, cmake_args=None, cmake_target=None, cmake_target_skip_unavailable=False, cmake_clean_cache=False, cmake_clean_first=False, cmake_force_configure=False, ament_cmake_args=None, catkin_cmake_args=None, catkin_skip_building_tests=False, mixin_files=None, mixin=None, verb_parser=<colcon_mixin.mixin.mixin_argument.MixinArgumentDecorator object at 0x7f7095cda080>, verb_extension=<colcon_core.verb.build.BuildVerb object at 0x7f7095cd9510>, main=<bound method BuildVerb.main of <colcon_core.verb.build.BuildVerb object at 0x7f7095cd9510>>, mixin_verb=('build',))
[0.641s] Level 1:colcon.colcon_core.package_discovery:discover_packages(colcon_meta) check parameters
[0.641s] Level 1:colcon.colcon_core.package_discovery:discover_packages(recursive) check parameters
[0.641s] Level 1:colcon.colcon_core.package_discovery:discover_packages(ignore) check parameters
[0.641s] Level 1:colcon.colcon_core.package_discovery:discover_packages(path) check parameters
[0.641s] Level 1:colcon.colcon_core.package_discovery:discover_packages(colcon_meta) discover
[0.641s] Level 1:colcon.colcon_core.package_discovery:discover_packages(recursive) discover
[0.641s] INFO:colcon.colcon_core.package_discovery:Crawling recursively for packages in '/home/user/CPE416/ros_ws'
[0.642s] Level 1:colcon.colcon_core.package_identification:_identify(.) by extensions ['ignore', 'ignore_ament_install']
[0.642s] Level 1:colcon.colcon_core.package_identification:_identify(.) by extension 'ignore'
[0.642s] Level 1:colcon.colcon_core.package_identification:_identify(.) by extension 'ignore_ament_install'
[0.642s] Level 1:colcon.colcon_core.package_identification:_identify(.) by extensions ['colcon_pkg']
[0.642s] Level 1:colcon.colcon_core.package_identification:_identify(.) by extension 'colcon_pkg'
[0.642s] Level 1:colcon.colcon_core.package_identification:_identify(.) by extensions ['colcon_meta']
[0.642s] Level 1:colcon.colcon_core.package_identification:_identify(.) by extension 'colcon_meta'
[0.642s] Level 1:colcon.colcon_core.package_identification:_identify(.) by extensions ['ament_cargo']
[0.642s] Level 1:colcon.colcon_core.package_identification:_identify(.) by extension 'ament_cargo'
[0.642s] Level 1:colcon.colcon_core.package_identification:_identify(.) by extensions ['ros']
[0.642s] Level 1:colcon.colcon_core.package_identification:_identify(.) by extension 'ros'
[0.657s] Level 1:colcon.colcon_core.package_identification:_identify(.) by extensions ['cargo', 'cmake', 'python']
[0.657s] Level 1:colcon.colcon_core.package_identification:_identify(.) by extension 'cargo'
[0.657s] Level 1:colcon.colcon_core.package_identification:_identify(.) by extension 'cmake'
[0.657s] Level 1:colcon.colcon_core.package_identification:_identify(.) by extension 'python'
[0.658s] Level 1:colcon.colcon_core.package_identification:_identify(.) by extensions ['python_setup_py']
[0.658s] Level 1:colcon.colcon_core.package_identification:_identify(.) by extension 'python_setup_py'
[0.658s] Level 1:colcon.colcon_core.package_identification:_identify(build) by extensions ['ignore', 'ignore_ament_install']
[0.658s] Level 1:colcon.colcon_core.package_identification:_identify(build) by extension 'ignore'
[0.658s] Level 1:colcon.colcon_core.package_identification:_identify(build) ignored
[0.658s] Level 1:colcon.colcon_core.package_identification:_identify(install) by extensions ['ignore', 'ignore_ament_install']
[0.658s] Level 1:colcon.colcon_core.package_identification:_identify(install) by extension 'ignore'
[0.658s] Level 1:colcon.colcon_core.package_identification:_identify(install) ignored
[0.658s] Level 1:colcon.colcon_core.package_identification:_identify(log) by extensions ['ignore', 'ignore_ament_install']
[0.658s] Level 1:colcon.colcon_core.package_identification:_identify(log) by extension 'ignore'
[0.658s] Level 1:colcon.colcon_core.package_identification:_identify(log) ignored
[0.658s] Level 1:colcon.colcon_core.package_identification:_identify(src) by extensions ['ignore', 'ignore_ament_install']
[0.659s] Level 1:colcon.colcon_core.package_identification:_identify(src) by extension 'ignore'
[0.659s] Level 1:colcon.colcon_core.package_identification:_identify(src) by extension 'ignore_ament_install'
[0.659s] Level 1:colcon.colcon_core.package_identification:_identify(src) by extensions ['colcon_pkg']
[0.659s] Level 1:colcon.colcon_core.package_identification:_identify(src) by extension 'colcon_pkg'
[0.659s] Level 1:colcon.colcon_core.package_identification:_identify(src) by extensions ['colcon_meta']
[0.659s] Level 1:colcon.colcon_core.package_identification:_identify(src) by extension 'colcon_meta'
[0.659s] Level 1:colcon.colcon_core.package_identification:_identify(src) by extensions ['ament_cargo']
[0.659s] Level 1:colcon.colcon_core.package_identification:_identify(src) by extension 'ament_cargo'
[0.659s] Level 1:colcon.colcon_core.package_identification:_identify(src) by extensions ['ros']
[0.659s] Level 1:colcon.colcon_core.package_identification:_identify(src) by extension 'ros'
[0.659s] Level 1:colcon.colcon_core.package_identification:_identify(src) by extensions ['cargo', 'cmake', 'python']
[0.659s] Level 1:colcon.colcon_core.package_identification:_identify(src) by extension 'cargo'
[0.659s] Level 1:colcon.colcon_core.package_identification:_identify(src) by extension 'cmake'
[0.659s] Level 1:colcon.colcon_core.package_identification:_identify(src) by extension 'python'
[0.659s] Level 1:colcon.colcon_core.package_identification:_identify(src) by extensions ['python_setup_py']
[0.659s] Level 1:colcon.colcon_core.package_identification:_identify(src) by extension 'python_setup_py'
[0.659s] Level 1:colcon.colcon_core.package_identification:_identify(src/FinalProject) by extensions ['ignore', 'ignore_ament_install']
[0.659s] Level 1:colcon.colcon_core.package_identification:_identify(src/FinalProject) by extension 'ignore'
[0.659s] Level 1:colcon.colcon_core.package_identification:_identify(src/FinalProject) by extension 'ignore_ament_install'
[0.659s] Level 1:colcon.colcon_core.package_identification:_identify(src/FinalProject) by extensions ['colcon_pkg']
[0.659s] Level 1:colcon.colcon_core.package_identification:_identify(src/FinalProject) by extension 'colcon_pkg'
[0.660s] Level 1:colcon.colcon_core.package_identification:_identify(src/FinalProject) by extensions ['colcon_meta']
[0.660s] Level 1:colcon.colcon_core.package_identification:_identify(src/FinalProject) by extension 'colcon_meta'
[0.660s] Level 1:colcon.colcon_core.package_identification:_identify(src/FinalProject) by extensions ['ament_cargo']
[0.660s] Level 1:colcon.colcon_core.package_identification:_identify(src/FinalProject) by extension 'ament_cargo'
[0.660s] Level 1:colcon.colcon_core.package_identification:_identify(src/FinalProject) by extensions ['ros']
[0.660s] Level 1:colcon.colcon_core.package_identification:_identify(src/FinalProject) by extension 'ros'
[0.663s] DEBUG:colcon.colcon_core.package_identification:Package 'src/FinalProject' with type 'ros.ament_python' and name 'FinalProject'
[0.663s] Level 1:colcon.colcon_core.package_identification:_identify(src/ros_gz_project) by extensions ['ignore', 'ignore_ament_install']
[0.664s] Level 1:colcon.colcon_core.package_identification:_identify(src/ros_gz_project) by extension 'ignore'
[0.664s] Level 1:colcon.colcon_core.package_identification:_identify(src/ros_gz_project) by extension 'ignore_ament_install'
[0.664s] Level 1:colcon.colcon_core.package_identification:_identify(src/ros_gz_project) by extensions ['colcon_pkg']
[0.664s] Level 1:colcon.colcon_core.package_identification:_identify(src/ros_gz_project) by extension 'colcon_pkg'
[0.664s] Level 1:colcon.colcon_core.package_identification:_identify(src/ros_gz_project) by extensions ['colcon_meta']
[0.664s] Level 1:colcon.colcon_core.package_identification:_identify(src/ros_gz_project) by extension 'colcon_meta'
[0.664s] Level 1:colcon.colcon_core.package_identification:_identify(src/ros_gz_project) by extensions ['ament_cargo']
[0.664s] Level 1:colcon.colcon_core.package_identification:_identify(src/ros_gz_project) by extension 'ament_cargo'
[0.664s] Level 1:colcon.colcon_core.package_identification:_identify(src/ros_gz_project) by extensions ['ros']
[0.664s] Level 1:colcon.colcon_core.package_identification:_identify(src/ros_gz_project) by extension 'ros'
[0.664s] Level 1:colcon.colcon_core.package_identification:_identify(src/ros_gz_project) by extensions ['cargo', 'cmake', 'python']
[0.664s] Level 1:colcon.colcon_core.package_identification:_identify(src/ros_gz_project) by extension 'cargo'
[0.664s] Level 1:colcon.colcon_core.package_identification:_identify(src/ros_gz_project) by extension 'cmake'
[0.664s] Level 1:colcon.colcon_core.package_identification:_identify(src/ros_gz_project) by extension 'python'
[0.664s] Level 1:colcon.colcon_core.package_identification:_identify(src/ros_gz_project) by extensions ['python_setup_py']
[0.664s] Level 1:colcon.colcon_core.package_identification:_identify(src/ros_gz_project) by extension 'python_setup_py'
[0.665s] Level 1:colcon.colcon_core.package_identification:_identify(src/ros_gz_project/ros_gz_example_bringup) by extensions ['ignore', 'ignore_ament_install']
[0.665s] Level 1:colcon.colcon_core.package_identification:_identify(src/ros_gz_project/ros_gz_example_bringup) by extension 'ignore'
[0.665s] Level 1:colcon.colcon_core.package_identification:_identify(src/ros_gz_project/ros_gz_example_bringup) by extension 'ignore_ament_install'
[0.665s] Level 1:colcon.colcon_core.package_identification:_identify(src/ros_gz_project/ros_gz_example_bringup) by extensions ['colcon_pkg']
[0.665s] Level 1:colcon.colcon_core.package_identification:_identify(src/ros_gz_project/ros_gz_example_bringup) by extension 'colcon_pkg'
[0.665s] Level 1:colcon.colcon_core.package_identification:_identify(src/ros_gz_project/ros_gz_example_bringup) by extensions ['colcon_meta']
[0.665s] Level 1:colcon.colcon_core.package_identification:_identify(src/ros_gz_project/ros_gz_example_bringup) by extension 'colcon_meta'
[0.665s] Level 1:colcon.colcon_core.package_identification:_identify(src/ros_gz_project/ros_gz_example_bringup) by extensions ['ament_cargo']
[0.665s] Level 1:colcon.colcon_core.package_identification:_identify(src/ros_gz_project/ros_gz_example_bringup) by extension 'ament_cargo'
[0.665s] Level 1:colcon.colcon_core.package_identification:_identify(src/ros_gz_project/ros_gz_example_bringup) by extensions ['ros']
[0.665s] Level 1:colcon.colcon_core.package_identification:_identify(src/ros_gz_project/ros_gz_example_bringup) by extension 'ros'
[0.666s] DEBUG:colcon.colcon_core.package_identification:Package 'src/ros_gz_project/ros_gz_example_bringup' with type 'ros.ament_cmake' and name 'ros_gz_example_bringup'
[0.666s] Level 1:colcon.colcon_core.package_identification:_identify(src/ros_gz_project/ros_gz_example_description) by extensions ['ignore', 'ignore_ament_install']
[0.666s] Level 1:colcon.colcon_core.package_identification:_identify(src/ros_gz_project/ros_gz_example_description) by extension 'ignore'
[0.666s] Level 1:colcon.colcon_core.package_identification:_identify(src/ros_gz_project/ros_gz_example_description) by extension 'ignore_ament_install'
[0.666s] Level 1:colcon.colcon_core.package_identification:_identify(src/ros_gz_project/ros_gz_example_description) by extensions ['colcon_pkg']
[0.666s] Level 1:colcon.colcon_core.package_identification:_identify(src/ros_gz_project/ros_gz_example_description) by extension 'colcon_pkg'
[0.666s] Level 1:colcon.colcon_core.package_identification:_identify(src/ros_gz_project/ros_gz_example_description) by extensions ['colcon_meta']
[0.666s] Level 1:colcon.colcon_core.package_identification:_identify(src/ros_gz_project/ros_gz_example_description) by extension 'colcon_meta'
[0.666s] Level 1:colcon.colcon_core.package_identification:_identify(src/ros_gz_project/ros_gz_example_description) by extensions ['ament_cargo']
[0.666s] Level 1:colcon.colcon_core.package_identification:_identify(src/ros_gz_project/ros_gz_example_description) by extension 'ament_cargo'
[0.666s] Level 1:colcon.colcon_core.package_identification:_identify(src/ros_gz_project/ros_gz_example_description) by extensions ['ros']
[0.667s] Level 1:colcon.colcon_core.package_identification:_identify(src/ros_gz_project/ros_gz_example_description) by extension 'ros'
[0.667s] DEBUG:colcon.colcon_core.package_identification:Package 'src/ros_gz_project/ros_gz_example_description' with type 'ros.ament_cmake' and name 'ros_gz_example_description'
[0.667s] Level 1:colcon.colcon_core.package_identification:_identify(src/ros_gz_project/ros_gz_example_gazebo) by extensions ['ignore', 'ignore_ament_install']
[0.667s] Level 1:colcon.colcon_core.package_identification:_identify(src/ros_gz_project/ros_gz_example_gazebo) by extension 'ignore'
[0.667s] Level 1:colcon.colcon_core.package_identification:_identify(src/ros_gz_project/ros_gz_example_gazebo) by extension 'ignore_ament_install'
[0.667s] Level 1:colcon.colcon_core.package_identification:_identify(src/ros_gz_project/ros_gz_example_gazebo) by extensions ['colcon_pkg']
[0.667s] Level 1:colcon.colcon_core.package_identification:_identify(src/ros_gz_project/ros_gz_example_gazebo) by extension 'colcon_pkg'
[0.667s] Level 1:colcon.colcon_core.package_identification:_identify(src/ros_gz_project/ros_gz_example_gazebo) by extensions ['colcon_meta']
[0.667s] Level 1:colcon.colcon_core.package_identification:_identify(src/ros_gz_project/ros_gz_example_gazebo) by extension 'colcon_meta'
[0.668s] Level 1:colcon.colcon_core.package_identification:_identify(src/ros_gz_project/ros_gz_example_gazebo) by extensions ['ament_cargo']
[0.668s] Level 1:colcon.colcon_core.package_identification:_identify(src/ros_gz_project/ros_gz_example_gazebo) by extension 'ament_cargo'
[0.668s] Level 1:colcon.colcon_core.package_identification:_identify(src/ros_gz_project/ros_gz_example_gazebo) by extensions ['ros']
[0.668s] Level 1:colcon.colcon_core.package_identification:_identify(src/ros_gz_project/ros_gz_example_gazebo) by extension 'ros'
[0.668s] DEBUG:colcon.colcon_core.package_identification:Package 'src/ros_gz_project/ros_gz_example_gazebo' with type 'ros.ament_cmake' and name 'ros_gz_example_gazebo'
[0.668s] Level 1:colcon.colcon_core.package_discovery:discover_packages(recursive) using defaults
[0.668s] Level 1:colcon.colcon_core.package_discovery:discover_packages(ignore) discover
[0.668s] Level 1:colcon.colcon_core.package_discovery:discover_packages(ignore) using defaults
[0.669s] Level 1:colcon.colcon_core.package_discovery:discover_packages(path) discover
[0.669s] Level 1:colcon.colcon_core.package_discovery:discover_packages(path) using defaults
[0.705s] Level 5:colcon.colcon_core.verb:set package 'FinalProject' build argument 'lookup_in_workspace' from command line to 'False'
[0.705s] Level 5:colcon.colcon_core.verb:set package 'FinalProject' build argument 'cargo_args' from command line to 'None'
[0.705s] Level 5:colcon.colcon_core.verb:set package 'FinalProject' build argument 'clean_build' from command line to 'False'
[0.706s] Level 5:colcon.colcon_core.verb:set package 'FinalProject' build argument 'cmake_args' from command line to 'None'
[0.706s] Level 5:colcon.colcon_core.verb:set package 'FinalProject' build argument 'cmake_target' from command line to 'None'
[0.706s] Level 5:colcon.colcon_core.verb:set package 'FinalProject' build argument 'cmake_target_skip_unavailable' from command line to 'False'
[0.706s] Level 5:colcon.colcon_core.verb:set package 'FinalProject' build argument 'cmake_clean_cache' from command line to 'False'
[0.706s] Level 5:colcon.colcon_core.verb:set package 'FinalProject' build argument 'cmake_clean_first' from command line to 'False'
[0.706s] Level 5:colcon.colcon_core.verb:set package 'FinalProject' build argument 'cmake_force_configure' from command line to 'False'
[0.706s] Level 5:colcon.colcon_core.verb:set package 'FinalProject' build argument 'ament_cmake_args' from command line to 'None'
[0.706s] Level 5:colcon.colcon_core.verb:set package 'FinalProject' build argument 'catkin_cmake_args' from command line to 'None'
[0.706s] Level 5:colcon.colcon_core.verb:set package 'FinalProject' build argument 'catkin_skip_building_tests' from command line to 'False'
[0.706s] DEBUG:colcon.colcon_core.verb:Building package 'FinalProject' with the following arguments: {'ament_cmake_args': None, 'build_base': '/home/user/CPE416/ros_ws/build/FinalProject', 'cargo_args': None, 'catkin_cmake_args': None, 'catkin_skip_building_tests': False, 'clean_build': False, 'cmake_args': None, 'cmake_clean_cache': False, 'cmake_clean_first': False, 'cmake_force_configure': False, 'cmake_target': None, 'cmake_target_skip_unavailable': False, 'install_base': '/home/user/CPE416/ros_ws/install/FinalProject', 'lookup_in_workspace': False, 'merge_install': False, 'path': '/home/user/CPE416/ros_ws/src/FinalProject', 'symlink_install': False, 'test_result_base': None}
[0.706s] Level 5:colcon.colcon_core.verb:set package 'ros_gz_example_description' build argument 'lookup_in_workspace' from command line to 'False'
[0.706s] Level 5:colcon.colcon_core.verb:set package 'ros_gz_example_description' build argument 'cargo_args' from command line to 'None'
[0.706s] Level 5:colcon.colcon_core.verb:set package 'ros_gz_example_description' build argument 'clean_build' from command line to 'False'
[0.706s] Level 5:colcon.colcon_core.verb:set package 'ros_gz_example_description' build argument 'cmake_args' from command line to 'None'
[0.706s] Level 5:colcon.colcon_core.verb:set package 'ros_gz_example_description' build argument 'cmake_target' from command line to 'None'
[0.706s] Level 5:colcon.colcon_core.verb:set package 'ros_gz_example_description' build argument 'cmake_target_skip_unavailable' from command line to 'False'
[0.707s] Level 5:colcon.colcon_core.verb:set package 'ros_gz_example_description' build argument 'cmake_clean_cache' from command line to 'False'
[0.707s] Level 5:colcon.colcon_core.verb:set package 'ros_gz_example_description' build argument 'cmake_clean_first' from command line to 'False'
[0.707s] Level 5:colcon.colcon_core.verb:set package 'ros_gz_example_description' build argument 'cmake_force_configure' from command line to 'False'
[0.707s] Level 5:colcon.colcon_core.verb:set package 'ros_gz_example_description' build argument 'ament_cmake_args' from command line to 'None'
[0.707s] Level 5:colcon.colcon_core.verb:set package 'ros_gz_example_description' build argument 'catkin_cmake_args' from command line to 'None'
[0.707s] Level 5:colcon.colcon_core.verb:set package 'ros_gz_example_description' build argument 'catkin_skip_building_tests' from command line to 'False'
[0.707s] DEBUG:colcon.colcon_core.verb:Building package 'ros_gz_example_description' with the following arguments: {'ament_cmake_args': None, 'build_base': '/home/user/CPE416/ros_ws/build/ros_gz_example_description', 'cargo_args': None, 'catkin_cmake_args': None, 'catkin_skip_building_tests': False, 'clean_build': False, 'cmake_args': None, 'cmake_clean_cache': False, 'cmake_clean_first': False, 'cmake_force_configure': False, 'cmake_target': None, 'cmake_target_skip_unavailable': False, 'install_base': '/home/user/CPE416/ros_ws/install/ros_gz_example_description', 'lookup_in_workspace': False, 'merge_install': False, 'path': '/home/user/CPE416/ros_ws/src/ros_gz_project/ros_gz_example_description', 'symlink_install': False, 'test_result_base': None}
[0.707s] Level 5:colcon.colcon_core.verb:set package 'ros_gz_example_gazebo' build argument 'lookup_in_workspace' from command line to 'False'
[0.707s] Level 5:colcon.colcon_core.verb:set package 'ros_gz_example_gazebo' build argument 'cargo_args' from command line to 'None'
[0.707s] Level 5:colcon.colcon_core.verb:set package 'ros_gz_example_gazebo' build argument 'clean_build' from command line to 'False'
[0.707s] Level 5:colcon.colcon_core.verb:set package 'ros_gz_example_gazebo' build argument 'cmake_args' from command line to 'None'
[0.707s] Level 5:colcon.colcon_core.verb:set package 'ros_gz_example_gazebo' build argument 'cmake_target' from command line to 'None'
[0.707s] Level 5:colcon.colcon_core.verb:set package 'ros_gz_example_gazebo' build argument 'cmake_target_skip_unavailable' from command line to 'False'
[0.707s] Level 5:colcon.colcon_core.verb:set package 'ros_gz_example_gazebo' build argument 'cmake_clean_cache' from command line to 'False'
[0.707s] Level 5:colcon.colcon_core.verb:set package 'ros_gz_example_gazebo' build argument 'cmake_clean_first' from command line to 'False'
[0.707s] Level 5:colcon.colcon_core.verb:set package 'ros_gz_example_gazebo' build argument 'cmake_force_configure' from command line to 'False'
[0.707s] Level 5:colcon.colcon_core.verb:set package 'ros_gz_example_gazebo' build argument 'ament_cmake_args' from command line to 'None'
[0.707s] Level 5:colcon.colcon_core.verb:set package 'ros_gz_example_gazebo' build argument 'catkin_cmake_args' from command line to 'None'
[0.707s] Level 5:colcon.colcon_core.verb:set package 'ros_gz_example_gazebo' build argument 'catkin_skip_building_tests' from command line to 'False'
[0.708s] DEBUG:colcon.colcon_core.verb:Building package 'ros_gz_example_gazebo' with the following arguments: {'ament_cmake_args': None, 'build_base': '/home/user/CPE416/ros_ws/build/ros_gz_example_gazebo', 'cargo_args': None, 'catkin_cmake_args': None, 'catkin_skip_building_tests': False, 'clean_build': False, 'cmake_args': None, 'cmake_clean_cache': False, 'cmake_clean_first': False, 'cmake_force_configure': False, 'cmake_target': None, 'cmake_target_skip_unavailable': False, 'install_base': '/home/user/CPE416/ros_ws/install/ros_gz_example_gazebo', 'lookup_in_workspace': False, 'merge_install': False, 'path': '/home/user/CPE416/ros_ws/src/ros_gz_project/ros_gz_example_gazebo', 'symlink_install': False, 'test_result_base': None}
[0.708s] Level 5:colcon.colcon_core.verb:set package 'ros_gz_example_bringup' build argument 'lookup_in_workspace' from command line to 'False'
[0.708s] Level 5:colcon.colcon_core.verb:set package 'ros_gz_example_bringup' build argument 'cargo_args' from command line to 'None'
[0.708s] Level 5:colcon.colcon_core.verb:set package 'ros_gz_example_bringup' build argument 'clean_build' from command line to 'False'
[0.708s] Level 5:colcon.colcon_core.verb:set package 'ros_gz_example_bringup' build argument 'cmake_args' from command line to 'None'
[0.708s] Level 5:colcon.colcon_core.verb:set package 'ros_gz_example_bringup' build argument 'cmake_target' from command line to 'None'
[0.708s] Level 5:colcon.colcon_core.verb:set package 'ros_gz_example_bringup' build argument 'cmake_target_skip_unavailable' from command line to 'False'
[0.708s] Level 5:colcon.colcon_core.verb:set package 'ros_gz_example_bringup' build argument 'cmake_clean_cache' from command line to 'False'
[0.708s] Level 5:colcon.colcon_core.verb:set package 'ros_gz_example_bringup' build argument 'cmake_clean_first' from command line to 'False'
[0.708s] Level 5:colcon.colcon_core.verb:set package 'ros_gz_example_bringup' build argument 'cmake_force_configure' from command line to 'False'
[0.708s] Level 5:colcon.colcon_core.verb:set package 'ros_gz_example_bringup' build argument 'ament_cmake_args' from command line to 'None'
[0.708s] Level 5:colcon.colcon_core.verb:set package 'ros_gz_example_bringup' build argument 'catkin_cmake_args' from command line to 'None'
[0.708s] Level 5:colcon.colcon_core.verb:set package 'ros_gz_example_bringup' build argument 'catkin_skip_building_tests' from command line to 'False'
[0.708s] DEBUG:colcon.colcon_core.verb:Building package 'ros_gz_example_bringup' with the following arguments: {'ament_cmake_args': None, 'build_base': '/home/user/CPE416/ros_ws/build/ros_gz_example_bringup', 'cargo_args': None, 'catkin_cmake_args': None, 'catkin_skip_building_tests': False, 'clean_build': False, 'cmake_args': None, 'cmake_clean_cache': False, 'cmake_clean_first': False, 'cmake_force_configure': False, 'cmake_target': None, 'cmake_target_skip_unavailable': False, 'install_base': '/home/user/CPE416/ros_ws/install/ros_gz_example_bringup', 'lookup_in_workspace': False, 'merge_install': False, 'path': '/home/user/CPE416/ros_ws/src/ros_gz_project/ros_gz_example_bringup', 'symlink_install': False, 'test_result_base': None}
[0.709s] INFO:colcon.colcon_core.executor:Executing jobs using 'parallel' executor
[0.709s] DEBUG:colcon.colcon_parallel_executor.executor.parallel:run_until_complete
[0.710s] INFO:colcon.colcon_ros.task.ament_cmake.build:Building ROS package in '/home/user/CPE416/ros_ws/src/ros_gz_project/ros_gz_example_description' with build type 'ament_cmake'
[0.710s] INFO:colcon.colcon_cmake.task.cmake.build:Building CMake package in '/home/user/CPE416/ros_ws/src/ros_gz_project/ros_gz_example_description'
[0.713s] INFO:colcon.colcon_core.plugin_system:Skipping extension 'colcon_core.shell.bat': Not used on non-Windows systems
[0.713s] INFO:colcon.colcon_core.shell:Skip shell extension 'powershell' for command environment: Not usable outside of PowerShell
[0.713s] DEBUG:colcon.colcon_core.shell:Skip shell extension 'dsv' for command environment
[0.722s] INFO:colcon.colcon_ros.task.ament_python.build:Building ROS package in '/home/user/CPE416/ros_ws/src/FinalProject' with build type 'ament_python'
[0.722s] Level 1:colcon.colcon_core.shell:create_environment_hook('FinalProject', 'ament_prefix_path')
[0.722s] INFO:colcon.colcon_core.shell:Creating environment hook '/home/user/CPE416/ros_ws/install/FinalProject/share/FinalProject/hook/ament_prefix_path.ps1'
[0.723s] INFO:colcon.colcon_core.shell:Creating environment descriptor '/home/user/CPE416/ros_ws/install/FinalProject/share/FinalProject/hook/ament_prefix_path.dsv'
[0.724s] INFO:colcon.colcon_core.shell:Creating environment hook '/home/user/CPE416/ros_ws/install/FinalProject/share/FinalProject/hook/ament_prefix_path.sh'
[0.724s] INFO:colcon.colcon_core.shell:Skip shell extension 'powershell' for command environment: Not usable outside of PowerShell
[0.724s] DEBUG:colcon.colcon_core.shell:Skip shell extension 'dsv' for command environment
[0.734s] DEBUG:colcon.colcon_core.event_handler.log_command:Invoking command in '/home/user/CPE416/ros_ws/build/ros_gz_example_description': CMAKE_PREFIX_PATH=${CMAKE_PREFIX_PATH}:/home/simulations/ros2_sims_ws/install/rclrs_tests:/home/simulations/ros2_sims_ws/install/examples_rclrs_minimal_client_service:/home/simulations/ros2_sims_ws/install/sensor_msgs_py:/home/simulations/ros2_sims_ws/install/examples_rclrs_minimal_pub_sub:/home/simulations/ros2_sims_ws/install/examples_rclrs_message_demo:/home/simulations/ros2_sims_ws/install/rclrs:/home/simulations/ros2_sims_ws/install/rosidl_runtime_rs:/opt/ros/humble _=/usr/bin/env /usr/bin/cmake /home/user/CPE416/ros_ws/src/ros_gz_project/ros_gz_example_description -DCMAKE_INSTALL_PREFIX=/home/user/CPE416/ros_ws/install/ros_gz_example_description
[1.056s] INFO:colcon.colcon_core.task.python.build:Building Python package in '/home/user/CPE416/ros_ws/src/FinalProject'
[1.056s] INFO:colcon.colcon_core.shell:Skip shell extension 'powershell' for command environment: Not usable outside of PowerShell
[1.056s] DEBUG:colcon.colcon_core.shell:Skip shell extension 'dsv' for command environment
[1.807s] DEBUG:colcon.colcon_core.event_handler.log_command:Invoking command in '/home/user/CPE416/ros_ws/src/FinalProject': PYTHONPATH=/home/user/CPE416/ros_ws/build/FinalProject/prefix_override:/usr/lib/python3/dist-packages/colcon_core/task/python/colcon_distutils_commands:/home/user/CPE416/ros_ws/install/FinalProject/lib/python3.10/site-packages:${PYTHONPATH} _=/usr/bin/env /usr/bin/python3 -W ignore:setup.py install is deprecated setup.py egg_info --egg-base ../../build/FinalProject build --build-base /home/user/CPE416/ros_ws/build/FinalProject/build install --record /home/user/CPE416/ros_ws/build/FinalProject/install.log --single-version-externally-managed install_data
[2.213s] DEBUG:colcon.colcon_core.event_handler.log_command:Invoked command in '/home/user/CPE416/ros_ws/src/FinalProject' returned '0': PYTHONPATH=/home/user/CPE416/ros_ws/build/FinalProject/prefix_override:/usr/lib/python3/dist-packages/colcon_core/task/python/colcon_distutils_commands:/home/user/CPE416/ros_ws/install/FinalProject/lib/python3.10/site-packages:${PYTHONPATH} _=/usr/bin/env /usr/bin/python3 -W ignore:setup.py install is deprecated setup.py egg_info --egg-base ../../build/FinalProject build --build-base /home/user/CPE416/ros_ws/build/FinalProject/build install --record /home/user/CPE416/ros_ws/build/FinalProject/install.log --single-version-externally-managed install_data
[2.222s] Level 1:colcon.colcon_core.environment:checking '/home/user/CPE416/ros_ws/install/FinalProject' for CMake module files
[2.222s] Level 1:colcon.colcon_core.environment:checking '/home/user/CPE416/ros_ws/install/FinalProject' for CMake config files
[2.223s] Level 1:colcon.colcon_core.environment:checking '/home/user/CPE416/ros_ws/install/FinalProject/lib'
[2.223s] Level 1:colcon.colcon_core.environment:checking '/home/user/CPE416/ros_ws/install/FinalProject/bin'
[2.224s] Level 1:colcon.colcon_core.environment:checking '/home/user/CPE416/ros_ws/install/FinalProject/lib/pkgconfig/FinalProject.pc'
[2.224s] Level 1:colcon.colcon_core.environment:checking '/home/user/CPE416/ros_ws/install/FinalProject/lib/python3.10/site-packages'
[2.224s] Level 1:colcon.colcon_core.shell:create_environment_hook('FinalProject', 'pythonpath')
[2.225s] INFO:colcon.colcon_core.shell:Creating environment hook '/home/user/CPE416/ros_ws/install/FinalProject/share/FinalProject/hook/pythonpath.ps1'
[2.225s] INFO:colcon.colcon_core.shell:Creating environment descriptor '/home/user/CPE416/ros_ws/install/FinalProject/share/FinalProject/hook/pythonpath.dsv'
[2.226s] INFO:colcon.colcon_core.shell:Creating environment hook '/home/user/CPE416/ros_ws/install/FinalProject/share/FinalProject/hook/pythonpath.sh'
[2.226s] Level 1:colcon.colcon_core.environment:checking '/home/user/CPE416/ros_ws/install/FinalProject/bin'
[2.226s] Level 1:colcon.colcon_core.environment:create_environment_scripts_only(FinalProject)
[2.227s] INFO:colcon.colcon_core.shell:Creating package script '/home/user/CPE416/ros_ws/install/FinalProject/share/FinalProject/package.ps1'
[2.228s] INFO:colcon.colcon_core.shell:Creating package descriptor '/home/user/CPE416/ros_ws/install/FinalProject/share/FinalProject/package.dsv'
[2.229s] INFO:colcon.colcon_core.shell:Creating package script '/home/user/CPE416/ros_ws/install/FinalProject/share/FinalProject/package.sh'
[2.229s] INFO:colcon.colcon_core.shell:Creating package script '/home/user/CPE416/ros_ws/install/FinalProject/share/FinalProject/package.bash'
[2.230s] INFO:colcon.colcon_core.shell:Creating package script '/home/user/CPE416/ros_ws/install/FinalProject/share/FinalProject/package.zsh'
[2.230s] Level 1:colcon.colcon_core.environment:create_file_with_runtime_dependencies(/home/user/CPE416/ros_ws/install/FinalProject/share/colcon-core/packages/FinalProject)
[2.458s] DEBUG:colcon.colcon_core.event_handler.log_command:Invoked command in '/home/user/CPE416/ros_ws/build/ros_gz_example_description' returned '0': CMAKE_PREFIX_PATH=${CMAKE_PREFIX_PATH}:/home/simulations/ros2_sims_ws/install/rclrs_tests:/home/simulations/ros2_sims_ws/install/examples_rclrs_minimal_client_service:/home/simulations/ros2_sims_ws/install/sensor_msgs_py:/home/simulations/ros2_sims_ws/install/examples_rclrs_minimal_pub_sub:/home/simulations/ros2_sims_ws/install/examples_rclrs_message_demo:/home/simulations/ros2_sims_ws/install/rclrs:/home/simulations/ros2_sims_ws/install/rosidl_runtime_rs:/opt/ros/humble _=/usr/bin/env /usr/bin/cmake /home/user/CPE416/ros_ws/src/ros_gz_project/ros_gz_example_description -DCMAKE_INSTALL_PREFIX=/home/user/CPE416/ros_ws/install/ros_gz_example_description
[2.461s] DEBUG:colcon.colcon_core.event_handler.log_command:Invoking command in '/home/user/CPE416/ros_ws/build/ros_gz_example_description': CMAKE_PREFIX_PATH=${CMAKE_PREFIX_PATH}:/home/simulations/ros2_sims_ws/install/rclrs_tests:/home/simulations/ros2_sims_ws/install/examples_rclrs_minimal_client_service:/home/simulations/ros2_sims_ws/install/sensor_msgs_py:/home/simulations/ros2_sims_ws/install/examples_rclrs_minimal_pub_sub:/home/simulations/ros2_sims_ws/install/examples_rclrs_message_demo:/home/simulations/ros2_sims_ws/install/rclrs:/home/simulations/ros2_sims_ws/install/rosidl_runtime_rs:/opt/ros/humble _=/usr/bin/env /usr/bin/cmake --build /home/user/CPE416/ros_ws/build/ros_gz_example_description -- -j8 -l8
[2.516s] DEBUG:colcon.colcon_core.event_handler.log_command:Invoked command in '/home/user/CPE416/ros_ws/build/ros_gz_example_description' returned '0': CMAKE_PREFIX_PATH=${CMAKE_PREFIX_PATH}:/home/simulations/ros2_sims_ws/install/rclrs_tests:/home/simulations/ros2_sims_ws/install/examples_rclrs_minimal_client_service:/home/simulations/ros2_sims_ws/install/sensor_msgs_py:/home/simulations/ros2_sims_ws/install/examples_rclrs_minimal_pub_sub:/home/simulations/ros2_sims_ws/install/examples_rclrs_message_demo:/home/simulations/ros2_sims_ws/install/rclrs:/home/simulations/ros2_sims_ws/install/rosidl_runtime_rs:/opt/ros/humble _=/usr/bin/env /usr/bin/cmake --build /home/user/CPE416/ros_ws/build/ros_gz_example_description -- -j8 -l8
[2.578s] DEBUG:colcon.colcon_core.event_handler.log_command:Invoking command in '/home/user/CPE416/ros_ws/build/ros_gz_example_description': CMAKE_PREFIX_PATH=${CMAKE_PREFIX_PATH}:/home/simulations/ros2_sims_ws/install/rclrs_tests:/home/simulations/ros2_sims_ws/install/examples_rclrs_minimal_client_service:/home/simulations/ros2_sims_ws/install/sensor_msgs_py:/home/simulations/ros2_sims_ws/install/examples_rclrs_minimal_pub_sub:/home/simulations/ros2_sims_ws/install/examples_rclrs_message_demo:/home/simulations/ros2_sims_ws/install/rclrs:/home/simulations/ros2_sims_ws/install/rosidl_runtime_rs:/opt/ros/humble _=/usr/bin/env /usr/bin/cmake --install /home/user/CPE416/ros_ws/build/ros_gz_example_description
[2.597s] Level 1:colcon.colcon_core.environment:create_environment_scripts_only(ros_gz_example_description)
[2.597s] Level 1:colcon.colcon_core.environment:checking '/home/user/CPE416/ros_ws/install/ros_gz_example_description' for CMake module files
[2.598s] DEBUG:colcon.colcon_core.event_handler.log_command:Invoked command in '/home/user/CPE416/ros_ws/build/ros_gz_example_description' returned '0': CMAKE_PREFIX_PATH=${CMAKE_PREFIX_PATH}:/home/simulations/ros2_sims_ws/install/rclrs_tests:/home/simulations/ros2_sims_ws/install/examples_rclrs_minimal_client_service:/home/simulations/ros2_sims_ws/install/sensor_msgs_py:/home/simulations/ros2_sims_ws/install/examples_rclrs_minimal_pub_sub:/home/simulations/ros2_sims_ws/install/examples_rclrs_message_demo:/home/simulations/ros2_sims_ws/install/rclrs:/home/simulations/ros2_sims_ws/install/rosidl_runtime_rs:/opt/ros/humble _=/usr/bin/env /usr/bin/cmake --install /home/user/CPE416/ros_ws/build/ros_gz_example_description
[2.598s] Level 1:colcon.colcon_core.environment:checking '/home/user/CPE416/ros_ws/install/ros_gz_example_description' for CMake config files
[2.598s] Level 1:colcon.colcon_core.shell:create_environment_hook('ros_gz_example_description', 'cmake_prefix_path')
[2.599s] INFO:colcon.colcon_core.shell:Creating environment hook '/home/user/CPE416/ros_ws/install/ros_gz_example_description/share/ros_gz_example_description/hook/cmake_prefix_path.ps1'
[2.599s] INFO:colcon.colcon_core.shell:Creating environment descriptor '/home/user/CPE416/ros_ws/install/ros_gz_example_description/share/ros_gz_example_description/hook/cmake_prefix_path.dsv'
[2.600s] INFO:colcon.colcon_core.shell:Creating environment hook '/home/user/CPE416/ros_ws/install/ros_gz_example_description/share/ros_gz_example_description/hook/cmake_prefix_path.sh'
[2.601s] Level 1:colcon.colcon_core.environment:checking '/home/user/CPE416/ros_ws/install/ros_gz_example_description/bin'
[2.601s] Level 1:colcon.colcon_core.environment:checking '/home/user/CPE416/ros_ws/install/ros_gz_example_description/lib/pkgconfig/ros_gz_example_description.pc'
[2.601s] Level 1:colcon.colcon_core.environment:checking '/home/user/CPE416/ros_ws/install/ros_gz_example_description/lib/python3.10/site-packages'
[2.601s] Level 1:colcon.colcon_core.environment:checking '/home/user/CPE416/ros_ws/install/ros_gz_example_description/bin'
[2.602s] INFO:colcon.colcon_core.shell:Creating package script '/home/user/CPE416/ros_ws/install/ros_gz_example_description/share/ros_gz_example_description/package.ps1'
[2.602s] INFO:colcon.colcon_core.shell:Creating package descriptor '/home/user/CPE416/ros_ws/install/ros_gz_example_description/share/ros_gz_example_description/package.dsv'
[2.603s] INFO:colcon.colcon_core.shell:Creating package script '/home/user/CPE416/ros_ws/install/ros_gz_example_description/share/ros_gz_example_description/package.sh'
[2.603s] INFO:colcon.colcon_core.shell:Creating package script '/home/user/CPE416/ros_ws/install/ros_gz_example_description/share/ros_gz_example_description/package.bash'
[2.604s] INFO:colcon.colcon_core.shell:Creating package script '/home/user/CPE416/ros_ws/install/ros_gz_example_description/share/ros_gz_example_description/package.zsh'
[2.604s] Level 1:colcon.colcon_core.environment:create_file_with_runtime_dependencies(/home/user/CPE416/ros_ws/install/ros_gz_example_description/share/colcon-core/packages/ros_gz_example_description)
[2.650s] Level 1:colcon.colcon_core.environment:create_environment_scripts_only(ros_gz_example_description)
[2.651s] Level 1:colcon.colcon_core.environment:checking '/home/user/CPE416/ros_ws/install/ros_gz_example_description' for CMake module files
[2.651s] Level 1:colcon.colcon_core.environment:checking '/home/user/CPE416/ros_ws/install/ros_gz_example_description' for CMake config files
[2.651s] Level 1:colcon.colcon_core.shell:create_environment_hook('ros_gz_example_description', 'cmake_prefix_path')
[2.651s] INFO:colcon.colcon_core.shell:Creating environment hook '/home/user/CPE416/ros_ws/install/ros_gz_example_description/share/ros_gz_example_description/hook/cmake_prefix_path.ps1'
[2.652s] INFO:colcon.colcon_core.shell:Creating environment descriptor '/home/user/CPE416/ros_ws/install/ros_gz_example_description/share/ros_gz_example_description/hook/cmake_prefix_path.dsv'
[2.652s] INFO:colcon.colcon_core.shell:Creating environment hook '/home/user/CPE416/ros_ws/install/ros_gz_example_description/share/ros_gz_example_description/hook/cmake_prefix_path.sh'
[2.653s] Level 1:colcon.colcon_core.environment:checking '/home/user/CPE416/ros_ws/install/ros_gz_example_description/bin'
[2.653s] Level 1:colcon.colcon_core.environment:checking '/home/user/CPE416/ros_ws/install/ros_gz_example_description/lib/pkgconfig/ros_gz_example_description.pc'
[2.653s] Level 1:colcon.colcon_core.environment:checking '/home/user/CPE416/ros_ws/install/ros_gz_example_description/lib/python3.10/site-packages'
[2.654s] Level 1:colcon.colcon_core.environment:checking '/home/user/CPE416/ros_ws/install/ros_gz_example_description/bin'
[2.654s] INFO:colcon.colcon_core.shell:Creating package script '/home/user/CPE416/ros_ws/install/ros_gz_example_description/share/ros_gz_example_description/package.ps1'
[2.654s] INFO:colcon.colcon_core.shell:Creating package descriptor '/home/user/CPE416/ros_ws/install/ros_gz_example_description/share/ros_gz_example_description/package.dsv'
[2.655s] INFO:colcon.colcon_core.shell:Creating package script '/home/user/CPE416/ros_ws/install/ros_gz_example_description/share/ros_gz_example_description/package.sh'
[2.655s] INFO:colcon.colcon_core.shell:Creating package script '/home/user/CPE416/ros_ws/install/ros_gz_example_description/share/ros_gz_example_description/package.bash'
[2.656s] INFO:colcon.colcon_core.shell:Creating package script '/home/user/CPE416/ros_ws/install/ros_gz_example_description/share/ros_gz_example_description/package.zsh'
[2.656s] Level 1:colcon.colcon_core.environment:create_file_with_runtime_dependencies(/home/user/CPE416/ros_ws/install/ros_gz_example_description/share/colcon-core/packages/ros_gz_example_description)
[2.657s] INFO:colcon.colcon_ros.task.ament_cmake.build:Building ROS package in '/home/user/CPE416/ros_ws/src/ros_gz_project/ros_gz_example_gazebo' with build type 'ament_cmake'
[2.657s] INFO:colcon.colcon_cmake.task.cmake.build:Building CMake package in '/home/user/CPE416/ros_ws/src/ros_gz_project/ros_gz_example_gazebo'
[2.657s] INFO:colcon.colcon_core.shell:Skip shell extension 'powershell' for command environment: Not usable outside of PowerShell
[2.657s] DEBUG:colcon.colcon_core.shell:Skip shell extension 'dsv' for command environment
[2.674s] DEBUG:colcon.colcon_core.event_handler.log_command:Invoking command in '/home/user/CPE416/ros_ws/build/ros_gz_example_gazebo': AMENT_PREFIX_PATH=/home/user/CPE416/ros_ws/install/ros_gz_example_description:${AMENT_PREFIX_PATH} CMAKE_PREFIX_PATH=/home/user/CPE416/ros_ws/install/ros_gz_example_description:/home/simulations/ros2_sims_ws/install/common_interfaces:/home/simulations/ros2_sims_ws/install/visualization_msgs:/home/simulations/ros2_sims_ws/install/test_msgs:/home/simulations/ros2_sims_ws/install/example_interfaces:/home/simulations/ros2_sims_ws/install/action_msgs:/home/simulations/ros2_sims_ws/install/unique_identifier_msgs:/home/simulations/ros2_sims_ws/install/trajectory_msgs:/home/simulations/ros2_sims_ws/install/test_interface_files:/home/simulations/ros2_sims_ws/install/stereo_msgs:/home/simulations/ros2_sims_ws/install/std_srvs:/home/simulations/ros2_sims_ws/install/shape_msgs:/home/simulations/ros2_sims_ws/install/sensor_msgs:/home/simulations/ros2_sims_ws/install/nav_msgs:/home/simulations/ros2_sims_ws/install/diagnostic_msgs:/home/simulations/ros2_sims_ws/install/geometry_msgs:/home/simulations/ros2_sims_ws/install/actionlib_msgs:/home/simulations/ros2_sims_ws/install/std_msgs:/home/simulations/ros2_sims_ws/install/statistics_msgs:/home/simulations/ros2_sims_ws/install/rosgraph_msgs:/home/simulations/ros2_sims_ws/install/rclrs_example_msgs:/home/simulations/ros2_sims_ws/install/composition_interfaces:/home/simulations/ros2_sims_ws/install/rcl_interfaces:/home/simulations/ros2_sims_ws/install/lifecycle_msgs:/home/simulations/ros2_sims_ws/install/builtin_interfaces:/home/simulations/ros2_sims_ws/install/rosidl_default_runtime:/home/simulations/ros2_sims_ws/install/rosidl_default_generators:/home/simulations/ros2_sims_ws/install/rosidl_generator_rs:/home/simulations/ros2_sims_ws/install/rclrs_tests:/home/simulations/ros2_sims_ws/install/examples_rclrs_minimal_client_service:/home/simulations/ros2_sims_ws/install/sensor_msgs_py:/home/simulations/ros2_sims_ws/install/examples_rclrs_minimal_pub_sub:/home/simulations/ros2_sims_ws/install/examples_rclrs_message_demo:/home/simulations/ros2_sims_ws/install/rclrs:/home/simulations/ros2_sims_ws/install/rosidl_runtime_rs:/opt/ros/humble IGN_GAZEBO_RESOURCE_PATH=/home/user/CPE416/ros_ws/install/ros_gz_example_description/share/ros_gz_example_description/models _=/usr/bin/env /usr/bin/cmake /home/user/CPE416/ros_ws/src/ros_gz_project/ros_gz_example_gazebo -DCMAKE_INSTALL_PREFIX=/home/user/CPE416/ros_ws/install/ros_gz_example_gazebo
[7.556s] DEBUG:colcon.colcon_core.event_handler.log_command:Invoked command in '/home/user/CPE416/ros_ws/build/ros_gz_example_gazebo' returned '0': AMENT_PREFIX_PATH=/home/user/CPE416/ros_ws/install/ros_gz_example_description:${AMENT_PREFIX_PATH} CMAKE_PREFIX_PATH=/home/user/CPE416/ros_ws/install/ros_gz_example_description:/home/simulations/ros2_sims_ws/install/common_interfaces:/home/simulations/ros2_sims_ws/install/visualization_msgs:/home/simulations/ros2_sims_ws/install/test_msgs:/home/simulations/ros2_sims_ws/install/example_interfaces:/home/simulations/ros2_sims_ws/install/action_msgs:/home/simulations/ros2_sims_ws/install/unique_identifier_msgs:/home/simulations/ros2_sims_ws/install/trajectory_msgs:/home/simulations/ros2_sims_ws/install/test_interface_files:/home/simulations/ros2_sims_ws/install/stereo_msgs:/home/simulations/ros2_sims_ws/install/std_srvs:/home/simulations/ros2_sims_ws/install/shape_msgs:/home/simulations/ros2_sims_ws/install/sensor_msgs:/home/simulations/ros2_sims_ws/install/nav_msgs:/home/simulations/ros2_sims_ws/install/diagnostic_msgs:/home/simulations/ros2_sims_ws/install/geometry_msgs:/home/simulations/ros2_sims_ws/install/actionlib_msgs:/home/simulations/ros2_sims_ws/install/std_msgs:/home/simulations/ros2_sims_ws/install/statistics_msgs:/home/simulations/ros2_sims_ws/install/rosgraph_msgs:/home/simulations/ros2_sims_ws/install/rclrs_example_msgs:/home/simulations/ros2_sims_ws/install/composition_interfaces:/home/simulations/ros2_sims_ws/install/rcl_interfaces:/home/simulations/ros2_sims_ws/install/lifecycle_msgs:/home/simulations/ros2_sims_ws/install/builtin_interfaces:/home/simulations/ros2_sims_ws/install/rosidl_default_runtime:/home/simulations/ros2_sims_ws/install/rosidl_default_generators:/home/simulations/ros2_sims_ws/install/rosidl_generator_rs:/home/simulations/ros2_sims_ws/install/rclrs_tests:/home/simulations/ros2_sims_ws/install/examples_rclrs_minimal_client_service:/home/simulations/ros2_sims_ws/install/sensor_msgs_py:/home/simulations/ros2_sims_ws/install/examples_rclrs_minimal_pub_sub:/home/simulations/ros2_sims_ws/install/examples_rclrs_message_demo:/home/simulations/ros2_sims_ws/install/rclrs:/home/simulations/ros2_sims_ws/install/rosidl_runtime_rs:/opt/ros/humble IGN_GAZEBO_RESOURCE_PATH=/home/user/CPE416/ros_ws/install/ros_gz_example_description/share/ros_gz_example_description/models _=/usr/bin/env /usr/bin/cmake /home/user/CPE416/ros_ws/src/ros_gz_project/ros_gz_example_gazebo -DCMAKE_INSTALL_PREFIX=/home/user/CPE416/ros_ws/install/ros_gz_example_gazebo
[7.557s] DEBUG:colcon.colcon_core.event_handler.log_command:Invoking command in '/home/user/CPE416/ros_ws/build/ros_gz_example_gazebo': AMENT_PREFIX_PATH=/home/user/CPE416/ros_ws/install/ros_gz_example_description:${AMENT_PREFIX_PATH} CMAKE_PREFIX_PATH=/home/user/CPE416/ros_ws/install/ros_gz_example_description:/home/simulations/ros2_sims_ws/install/common_interfaces:/home/simulations/ros2_sims_ws/install/visualization_msgs:/home/simulations/ros2_sims_ws/install/test_msgs:/home/simulations/ros2_sims_ws/install/example_interfaces:/home/simulations/ros2_sims_ws/install/action_msgs:/home/simulations/ros2_sims_ws/install/unique_identifier_msgs:/home/simulations/ros2_sims_ws/install/trajectory_msgs:/home/simulations/ros2_sims_ws/install/test_interface_files:/home/simulations/ros2_sims_ws/install/stereo_msgs:/home/simulations/ros2_sims_ws/install/std_srvs:/home/simulations/ros2_sims_ws/install/shape_msgs:/home/simulations/ros2_sims_ws/install/sensor_msgs:/home/simulations/ros2_sims_ws/install/nav_msgs:/home/simulations/ros2_sims_ws/install/diagnostic_msgs:/home/simulations/ros2_sims_ws/install/geometry_msgs:/home/simulations/ros2_sims_ws/install/actionlib_msgs:/home/simulations/ros2_sims_ws/install/std_msgs:/home/simulations/ros2_sims_ws/install/statistics_msgs:/home/simulations/ros2_sims_ws/install/rosgraph_msgs:/home/simulations/ros2_sims_ws/install/rclrs_example_msgs:/home/simulations/ros2_sims_ws/install/composition_interfaces:/home/simulations/ros2_sims_ws/install/rcl_interfaces:/home/simulations/ros2_sims_ws/install/lifecycle_msgs:/home/simulations/ros2_sims_ws/install/builtin_interfaces:/home/simulations/ros2_sims_ws/install/rosidl_default_runtime:/home/simulations/ros2_sims_ws/install/rosidl_default_generators:/home/simulations/ros2_sims_ws/install/rosidl_generator_rs:/home/simulations/ros2_sims_ws/install/rclrs_tests:/home/simulations/ros2_sims_ws/install/examples_rclrs_minimal_client_service:/home/simulations/ros2_sims_ws/install/sensor_msgs_py:/home/simulations/ros2_sims_ws/install/examples_rclrs_minimal_pub_sub:/home/simulations/ros2_sims_ws/install/examples_rclrs_message_demo:/home/simulations/ros2_sims_ws/install/rclrs:/home/simulations/ros2_sims_ws/install/rosidl_runtime_rs:/opt/ros/humble IGN_GAZEBO_RESOURCE_PATH=/home/user/CPE416/ros_ws/install/ros_gz_example_description/share/ros_gz_example_description/models _=/usr/bin/env /usr/bin/cmake --build /home/user/CPE416/ros_ws/build/ros_gz_example_gazebo -- -j8 -l8
[7.979s] DEBUG:colcon.colcon_core.event_handler.log_command:Invoked command in '/home/user/CPE416/ros_ws/build/ros_gz_example_gazebo' returned '2': AMENT_PREFIX_PATH=/home/user/CPE416/ros_ws/install/ros_gz_example_description:${AMENT_PREFIX_PATH} CMAKE_PREFIX_PATH=/home/user/CPE416/ros_ws/install/ros_gz_example_description:/home/simulations/ros2_sims_ws/install/common_interfaces:/home/simulations/ros2_sims_ws/install/visualization_msgs:/home/simulations/ros2_sims_ws/install/test_msgs:/home/simulations/ros2_sims_ws/install/example_interfaces:/home/simulations/ros2_sims_ws/install/action_msgs:/home/simulations/ros2_sims_ws/install/unique_identifier_msgs:/home/simulations/ros2_sims_ws/install/trajectory_msgs:/home/simulations/ros2_sims_ws/install/test_interface_files:/home/simulations/ros2_sims_ws/install/stereo_msgs:/home/simulations/ros2_sims_ws/install/std_srvs:/home/simulations/ros2_sims_ws/install/shape_msgs:/home/simulations/ros2_sims_ws/install/sensor_msgs:/home/simulations/ros2_sims_ws/install/nav_msgs:/home/simulations/ros2_sims_ws/install/diagnostic_msgs:/home/simulations/ros2_sims_ws/install/geometry_msgs:/home/simulations/ros2_sims_ws/install/actionlib_msgs:/home/simulations/ros2_sims_ws/install/std_msgs:/home/simulations/ros2_sims_ws/install/statistics_msgs:/home/simulations/ros2_sims_ws/install/rosgraph_msgs:/home/simulations/ros2_sims_ws/install/rclrs_example_msgs:/home/simulations/ros2_sims_ws/install/composition_interfaces:/home/simulations/ros2_sims_ws/install/rcl_interfaces:/home/simulations/ros2_sims_ws/install/lifecycle_msgs:/home/simulations/ros2_sims_ws/install/builtin_interfaces:/home/simulations/ros2_sims_ws/install/rosidl_default_runtime:/home/simulations/ros2_sims_ws/install/rosidl_default_generators:/home/simulations/ros2_sims_ws/install/rosidl_generator_rs:/home/simulations/ros2_sims_ws/install/rclrs_tests:/home/simulations/ros2_sims_ws/install/examples_rclrs_minimal_client_service:/home/simulations/ros2_sims_ws/install/sensor_msgs_py:/home/simulations/ros2_sims_ws/install/examples_rclrs_minimal_pub_sub:/home/simulations/ros2_sims_ws/install/examples_rclrs_message_demo:/home/simulations/ros2_sims_ws/install/rclrs:/home/simulations/ros2_sims_ws/install/rosidl_runtime_rs:/opt/ros/humble IGN_GAZEBO_RESOURCE_PATH=/home/user/CPE416/ros_ws/install/ros_gz_example_description/share/ros_gz_example_description/models _=/usr/bin/env /usr/bin/cmake --build /home/user/CPE416/ros_ws/build/ros_gz_example_gazebo -- -j8 -l8
[8.037s] Level 1:colcon.colcon_core.environment:create_environment_scripts_only(ros_gz_example_gazebo)
[8.037s] Level 1:colcon.colcon_core.environment:checking '/home/user/CPE416/ros_ws/install/ros_gz_example_gazebo' for CMake module files
[8.037s] Level 1:colcon.colcon_core.environment:checking '/home/user/CPE416/ros_ws/install/ros_gz_example_gazebo' for CMake config files
[8.038s] Level 1:colcon.colcon_core.environment:checking '/home/user/CPE416/ros_ws/install/ros_gz_example_gazebo/bin'
[8.038s] Level 1:colcon.colcon_core.environment:checking '/home/user/CPE416/ros_ws/install/ros_gz_example_gazebo/lib/pkgconfig/ros_gz_example_gazebo.pc'
[8.038s] Level 1:colcon.colcon_core.environment:checking '/home/user/CPE416/ros_ws/install/ros_gz_example_gazebo/lib/python3.10/site-packages'
[8.038s] Level 1:colcon.colcon_core.environment:checking '/home/user/CPE416/ros_ws/install/ros_gz_example_gazebo/bin'
[8.038s] INFO:colcon.colcon_core.shell:Creating package script '/home/user/CPE416/ros_ws/install/ros_gz_example_gazebo/share/ros_gz_example_gazebo/package.ps1'
[8.039s] INFO:colcon.colcon_core.shell:Creating package descriptor '/home/user/CPE416/ros_ws/install/ros_gz_example_gazebo/share/ros_gz_example_gazebo/package.dsv'
[8.040s] INFO:colcon.colcon_core.shell:Creating package script '/home/user/CPE416/ros_ws/install/ros_gz_example_gazebo/share/ros_gz_example_gazebo/package.sh'
[8.040s] INFO:colcon.colcon_core.shell:Creating package script '/home/user/CPE416/ros_ws/install/ros_gz_example_gazebo/share/ros_gz_example_gazebo/package.bash'
[8.041s] INFO:colcon.colcon_core.shell:Creating package script '/home/user/CPE416/ros_ws/install/ros_gz_example_gazebo/share/ros_gz_example_gazebo/package.zsh'
[8.041s] Level 1:colcon.colcon_core.environment:create_file_with_runtime_dependencies(/home/user/CPE416/ros_ws/install/ros_gz_example_gazebo/share/colcon-core/packages/ros_gz_example_gazebo)
[8.051s] DEBUG:colcon.colcon_parallel_executor.executor.parallel:closing loop
[8.052s] DEBUG:colcon.colcon_parallel_executor.executor.parallel:loop closed
[8.052s] DEBUG:colcon.colcon_parallel_executor.executor.parallel:run_until_complete finished with '2'
[8.052s] DEBUG:colcon.colcon_core.event_reactor:joining thread
[8.071s] INFO:colcon.colcon_core.plugin_system:Skipping extension 'colcon_notification.desktop_notification.notify_send': Could not find 'notify-send'
[8.071s] INFO:colcon.colcon_core.plugin_system:Skipping extension 'colcon_notification.desktop_notification.terminal_notifier': Not used on non-Darwin systems
[8.071s] INFO:colcon.colcon_core.plugin_system:Skipping extension 'colcon_notification.desktop_notification.win32': Not used on non-Windows systems
[8.072s] INFO:colcon.colcon_notification.desktop_notification:Sending desktop notification using 'notify2'
[8.074s] DEBUG:colcon.colcon_notification.desktop_notification.notify2:Failed to initialize notify2: org.freedesktop.DBus.Error.Spawn.ExecFailed: /usr/bin/dbus-launch terminated abnormally without any error message
[8.075s] DEBUG:colcon.colcon_core.event_reactor:joined thread
[8.075s] INFO:colcon.colcon_core.shell:Creating prefix script '/home/user/CPE416/ros_ws/install/local_setup.ps1'
[8.077s] INFO:colcon.colcon_core.shell:Creating prefix util module '/home/user/CPE416/ros_ws/install/_local_setup_util_ps1.py'
[8.078s] INFO:colcon.colcon_core.shell:Creating prefix chain script '/home/user/CPE416/ros_ws/install/setup.ps1'
[8.081s] INFO:colcon.colcon_core.shell:Creating prefix script '/home/user/CPE416/ros_ws/install/local_setup.sh'
[8.081s] INFO:colcon.colcon_core.shell:Creating prefix util module '/home/user/CPE416/ros_ws/install/_local_setup_util_sh.py'
[8.082s] INFO:colcon.colcon_core.shell:Creating prefix chain script '/home/user/CPE416/ros_ws/install/setup.sh'
[8.084s] INFO:colcon.colcon_core.shell:Creating prefix script '/home/user/CPE416/ros_ws/install/local_setup.bash'
[8.085s] INFO:colcon.colcon_core.shell:Creating prefix chain script '/home/user/CPE416/ros_ws/install/setup.bash'
[8.087s] INFO:colcon.colcon_core.shell:Creating prefix script '/home/user/CPE416/ros_ws/install/local_setup.zsh'
[8.088s] INFO:colcon.colcon_core.shell:Creating prefix chain script '/home/user/CPE416/ros_ws/install/setup.zsh'
