[0.016s] Invoking command in '/home/user/CPE416/ros_ws/build/ros_gz_example_gazebo': AMENT_PREFIX_PATH=/home/user/CPE416/ros_ws/install/ros_gz_example_description:${AMENT_PREFIX_PATH} CMAKE_PREFIX_PATH=/home/user/CPE416/ros_ws/install/ros_gz_example_description:/home/simulations/ros2_sims_ws/install/common_interfaces:/home/simulations/ros2_sims_ws/install/visualization_msgs:/home/simulations/ros2_sims_ws/install/test_msgs:/home/simulations/ros2_sims_ws/install/example_interfaces:/home/simulations/ros2_sims_ws/install/action_msgs:/home/simulations/ros2_sims_ws/install/unique_identifier_msgs:/home/simulations/ros2_sims_ws/install/trajectory_msgs:/home/simulations/ros2_sims_ws/install/test_interface_files:/home/simulations/ros2_sims_ws/install/stereo_msgs:/home/simulations/ros2_sims_ws/install/std_srvs:/home/simulations/ros2_sims_ws/install/shape_msgs:/home/simulations/ros2_sims_ws/install/sensor_msgs:/home/simulations/ros2_sims_ws/install/nav_msgs:/home/simulations/ros2_sims_ws/install/diagnostic_msgs:/home/simulations/ros2_sims_ws/install/geometry_msgs:/home/simulations/ros2_sims_ws/install/actionlib_msgs:/home/simulations/ros2_sims_ws/install/std_msgs:/home/simulations/ros2_sims_ws/install/statistics_msgs:/home/simulations/ros2_sims_ws/install/rosgraph_msgs:/home/simulations/ros2_sims_ws/install/rclrs_example_msgs:/home/simulations/ros2_sims_ws/install/composition_interfaces:/home/simulations/ros2_sims_ws/install/rcl_interfaces:/home/simulations/ros2_sims_ws/install/lifecycle_msgs:/home/simulations/ros2_sims_ws/install/builtin_interfaces:/home/simulations/ros2_sims_ws/install/rosidl_default_runtime:/home/simulations/ros2_sims_ws/install/rosidl_default_generators:/home/simulations/ros2_sims_ws/install/rosidl_generator_rs:/home/simulations/ros2_sims_ws/install/rclrs_tests:/home/simulations/ros2_sims_ws/install/examples_rclrs_minimal_client_service:/home/simulations/ros2_sims_ws/install/sensor_msgs_py:/home/simulations/ros2_sims_ws/install/examples_rclrs_minimal_pub_sub:/home/simulations/ros2_sims_ws/install/examples_rclrs_message_demo:/home/simulations/ros2_sims_ws/install/rclrs:/home/simulations/ros2_sims_ws/install/rosidl_runtime_rs:/opt/ros/humble IGN_GAZEBO_RESOURCE_PATH=/home/user/CPE416/ros_ws/install/ros_gz_example_description/share/ros_gz_example_description/models _=/usr/bin/env /usr/bin/cmake /home/user/CPE416/ros_ws/src/ros_gz_project/ros_gz_example_gazebo -DCMAKE_INSTALL_PREFIX=/home/user/CPE416/ros_ws/install/ros_gz_example_gazebo
[0.087s] -- The C compiler identification is GNU 11.4.0
[0.154s] -- The CXX compiler identification is GNU 11.4.0
[0.163s] -- Detecting C compiler ABI info
[0.271s] -- Detecting C compiler ABI info - done
[0.279s] -- Check for working C compiler: /usr/bin/cc - skipped
[0.279s] -- Detecting C compile features
[0.280s] -- Detecting C compile features - done
[0.283s] -- Detecting CXX compiler ABI info
[0.384s] -- Detecting CXX compiler ABI info - done
[0.392s] -- Check for working CXX compiler: /usr/bin/c++ - skipped
[0.392s] -- Detecting CXX compile features
[0.392s] -- Detecting CXX compile features - done
[0.406s] -- Found ament_cmake: 1.3.10 (/opt/ros/humble/share/ament_cmake/cmake)
[0.651s] -- Found Python3: /usr/bin/python3 (found version "3.10.12") found components: Interpreter 
[0.915s] -- Found ros_gz_example_description: 0.0.0 (/home/user/CPE416/ros_ws/install/ros_gz_example_description/share/ros_gz_example_description/cmake)
[0.949s] -- Looking for ignition-plugin1 -- found version 1.4.0
[0.950s] -- Searching for dependencies of ignition-plugin1
[0.951s] -- Searching for <ignition-plugin1> component [register]
[0.964s] -- Looking for ignition-plugin1-register -- found version 1.4.0
[0.965s] -- Searching for dependencies of ignition-plugin1-register
[0.977s] -- Looking for ignition-common4 -- found version 4.7.0
[0.978s] -- Searching for dependencies of ignition-common4
[1.004s] -- Looking for dlfcn.h - found
[1.019s] -- Looking for libdl - found
[1.020s] -- Found DL: TRUE  
[1.030s] -- Checking for module 'uuid'
[1.052s] --   Found uuid, version 2.37.2
[1.091s] -- Found UUID: TRUE  
[1.092s] -- Searching for <ignition-common4> component [profiler]
[1.106s] -- Looking for ignition-common4-profiler -- found version 4.7.0
[1.106s] -- Searching for dependencies of ignition-common4-profiler
[1.136s] -- Looking for ignition-gazebo6 -- found version 6.11.0
[1.136s] -- Searching for dependencies of ignition-gazebo6
[1.150s] -- Looking for sdformat12 -- found version 12.7.2
[1.151s] -- Searching for dependencies of sdformat12
[1.158s] -- Checking for module 'tinyxml2'
[1.178s] --   Found tinyxml2, version 9.0.0
[1.236s] -- Looking for ignition-math6 -- found version 6.15.1
[1.237s] -- Searching for dependencies of ignition-math6
[1.251s] -- Looking for ignition-utils1 -- found version 1.5.1
[1.252s] -- Searching for dependencies of ignition-utils1
[1.253s] -- Looking for ignition-plugin1 -- found version 1.4.0
[1.254s] -- Searching for dependencies of ignition-plugin1
[1.254s] -- Searching for <ignition-plugin1> component [loader]
[1.268s] -- Looking for ignition-plugin1-loader -- found version 1.4.0
[1.268s] -- Searching for dependencies of ignition-plugin1-loader
[1.269s] -- Searching for <ignition-plugin1> component [register]
[1.286s] -- Looking for ignition-transport11 -- found version 11.2.0
[1.287s] -- Searching for dependencies of ignition-transport11
[1.844s] -- Found Protobuf: /usr/lib/x86_64-linux-gnu/libprotobuf.so (found suitable version "3.12.4", minimum required is "3") 
[1.876s] -- Config-file not installed for ZeroMQ -- checking for pkg-config
[1.882s] -- Checking for module 'libzmq >= 4'
[2.349s] --   Found libzmq , version 4.3.4
[2.391s] -- Found ZeroMQ: TRUE (Required is at least version "4") 
[2.407s] -- Looking for ignition-utils1 -- found version 1.5.1
[2.407s] -- Searching for dependencies of ignition-utils1
[2.407s] -- Searching for <ignition-utils1> component [cli]
[2.421s] -- Looking for ignition-utils1-cli -- found version 1.5.1
[2.421s] -- Searching for dependencies of ignition-utils1-cli
[2.435s] -- Looking for ignition-msgs8 -- found version 8.7.0
[2.435s] -- Searching for dependencies of ignition-msgs8
[2.474s] -- Looking for ignition-math6 -- found version 6.15.1
[2.484s] -- Searching for <ignition-transport11> component [log]
[2.499s] -- Looking for ignition-transport11-log -- found version 11.2.0
[2.500s] -- Searching for dependencies of ignition-transport11-log
[2.502s] -- Looking for ignition-msgs8 -- found version 8.7.0
[2.502s] -- Looking for ignition-common4 -- found version 4.7.0
[2.503s] -- Searching for dependencies of ignition-common4
[2.503s] -- Looking for dlfcn.h - found
[2.503s] -- Looking for libdl - found
[2.515s] -- Searching for <ignition-common4> component [profiler]
[2.515s] -- Searching for <ignition-common4> component [events]
[2.529s] -- Looking for ignition-common4-events -- found version 4.7.0
[2.530s] -- Searching for dependencies of ignition-common4-events
[2.530s] -- Looking for ignition-math6 -- found version 6.15.1
[2.531s] -- Searching for <ignition-common4> component [av]
[2.544s] -- Looking for ignition-common4-av -- found version 4.7.0
[2.544s] -- Searching for dependencies of ignition-common4-av
[2.550s] -- Checking for module 'libswscale'
[2.568s] --   Found libswscale, version 5.9.100
[2.610s] -- Found SWSCALE: TRUE  
[2.615s] -- Checking for module 'libavdevice >= 56.4.100'
[2.642s] --   Found libavdevice , version 58.13.100
[2.685s] -- Found AVDEVICE: TRUE (Required is at least version "56.4.100") 
[2.691s] -- Checking for module 'libavformat'
[2.708s] --   Found libavformat, version 58.76.100
[2.748s] -- Found AVFORMAT: TRUE  
[2.754s] -- Checking for module 'libavcodec'
[2.771s] --   Found libavcodec, version 58.134.100
[2.812s] -- Found AVCODEC: TRUE  
[2.818s] -- Checking for module 'libavutil'
[2.834s] --   Found libavutil, version 56.70.100
[2.874s] -- Found AVUTIL: TRUE  
[2.892s] -- Looking for ignition-fuel_tools7 -- found version 7.3.0
[2.893s] -- Searching for dependencies of ignition-fuel_tools7
[3.013s] -- Found CURL: /usr/lib/x86_64-linux-gnu/libcurl.so (found version "7.81.0")  
[3.035s] -- Checking for module 'jsoncpp'
[3.053s] --   Found jsoncpp, version 1.9.5
[3.093s] -- Found JSONCPP: TRUE  
[3.104s] -- Checking for module 'libzip'
[3.122s] --   Found libzip, version 1.7.3
[3.161s] -- Found ZIP: TRUE  
[3.162s] -- Looking for ignition-common4 -- found version 4.7.0
[3.163s] -- Looking for ignition-math6 -- found version 6.15.1
[3.163s] -- Looking for ignition-msgs8 -- found version 8.7.0
[3.180s] -- Looking for ignition-gui6 -- found version 6.6.1
[3.180s] -- Searching for dependencies of ignition-gui6
[3.230s] -- Looking for ignition-math6 -- found version 6.15.1
[3.230s] -- Looking for ignition-common4 -- found version 4.7.0
[3.230s] -- Looking for ignition-plugin1 -- found version 1.4.0
[3.231s] -- Looking for ignition-transport11 -- found version 11.2.0
[3.245s] -- Looking for ignition-rendering6 -- found version 6.6.3
[3.245s] -- Searching for dependencies of ignition-rendering6
[3.246s] -- Looking for ignition-math6 -- found version 6.15.1
[3.246s] -- Searching for dependencies of ignition-math6
[3.246s] -- Searching for <ignition-math6> component [eigen3]
[3.260s] -- Looking for ignition-math6-eigen3 -- found version 6.15.1
[3.260s] -- Searching for dependencies of ignition-math6-eigen3
[3.288s] -- Looking for ignition-common4 -- found version 4.7.0
[3.289s] -- Searching for dependencies of ignition-common4
[3.289s] -- Looking for dlfcn.h - found
[3.289s] -- Looking for libdl - found
[3.300s] -- Searching for <ignition-common4> component [graphics]
[3.313s] -- Looking for ignition-common4-graphics -- found version 4.7.0
[3.314s] -- Searching for dependencies of ignition-common4-graphics
[3.314s] -- Looking for ignition-math6 -- found version 6.15.1
[3.314s] -- Looking for ignition-utils1 -- found version 1.5.1
[3.315s] -- Searching for <ignition-common4> component [events]
[3.316s] -- Looking for ignition-plugin1 -- found version 1.4.0
[3.316s] -- Searching for dependencies of ignition-plugin1
[3.316s] -- Searching for <ignition-plugin1> component [all]
[3.329s] -- Looking for all libraries of ignition-plugin1 -- found version 1.4.0
[3.329s] -- Looking for ignition-plugin1 -- found version 1.4.0
[3.332s] -- Looking for ignition-msgs8 -- found version 8.7.0
[4.290s] -- Looking for ignition-physics5 -- found version 5.3.2
[4.290s] -- Searching for dependencies of ignition-physics5
[4.291s] -- Looking for ignition-math6 -- found version 6.15.1
[4.291s] -- Looking for ignition-plugin1 -- found version 1.4.0
[4.292s] -- Looking for ignition-utils1 -- found version 1.5.1
[4.293s] -- Searching for <ignition-physics5> component [heightmap]
[4.306s] -- Looking for ignition-physics5-heightmap -- found version 5.3.2
[4.307s] -- Searching for dependencies of ignition-physics5-heightmap
[4.307s] -- Looking for ignition-common4 -- found version 4.7.0
[4.308s] -- Searching for <ignition-physics5> component [mesh]
[4.320s] -- Looking for ignition-physics5-mesh -- found version 5.3.2
[4.321s] -- Searching for dependencies of ignition-physics5-mesh
[4.321s] -- Looking for ignition-common4 -- found version 4.7.0
[4.321s] -- Searching for <ignition-physics5> component [sdf]
[4.334s] -- Looking for ignition-physics5-sdf -- found version 5.3.2
[4.334s] -- Searching for dependencies of ignition-physics5-sdf
[4.335s] -- Looking for sdformat12 -- found version 12.7.2
[4.360s] -- Looking for ignition-sensors6 -- found version 6.6.0
[4.361s] -- Searching for dependencies of ignition-sensors6
[4.400s] -- Looking for ignition-math6 -- found version 6.15.1
[4.400s] -- Looking for ignition-common4 -- found version 4.7.0
[4.400s] -- Looking for ignition-transport11 -- found version 11.2.0
[4.400s] -- Looking for ignition-rendering6 -- found version 6.6.3
[4.401s] -- Looking for ignition-msgs8 -- found version 8.7.0
[4.401s] -- Looking for sdformat12 -- found version 12.7.2
[4.403s] -- Searching for <ignition-sensors6> component [air_pressure]
[4.417s] -- Looking for ignition-sensors6-air_pressure -- found version 6.6.0
[4.418s] -- Searching for dependencies of ignition-sensors6-air_pressure
[4.419s] -- Searching for <ignition-sensors6> component [altimeter]
[4.433s] -- Looking for ignition-sensors6-altimeter -- found version 6.6.0
[4.433s] -- Searching for dependencies of ignition-sensors6-altimeter
[4.435s] -- Searching for <ignition-sensors6> component [imu]
[4.449s] -- Looking for ignition-sensors6-imu -- found version 6.6.0
[4.449s] -- Searching for dependencies of ignition-sensors6-imu
[4.451s] -- Searching for <ignition-sensors6> component [force_torque]
[4.467s] -- Looking for ignition-sensors6-force_torque -- found version 6.6.0
[4.467s] -- Searching for dependencies of ignition-sensors6-force_torque
[4.469s] -- Searching for <ignition-sensors6> component [logical_camera]
[4.483s] -- Looking for ignition-sensors6-logical_camera -- found version 6.6.0
[4.483s] -- Searching for dependencies of ignition-sensors6-logical_camera
[4.485s] -- Searching for <ignition-sensors6> component [magnetometer]
[4.499s] -- Looking for ignition-sensors6-magnetometer -- found version 6.6.0
[4.500s] -- Searching for dependencies of ignition-sensors6-magnetometer
[4.501s] -- Searching for <ignition-sensors6> component [navsat]
[4.515s] -- Looking for ignition-sensors6-navsat -- found version 6.6.0
[4.515s] -- Searching for dependencies of ignition-sensors6-navsat
[4.517s] -- Searching for <ignition-sensors6> component [rendering]
[4.531s] -- Looking for ignition-sensors6-rendering -- found version 6.6.0
[4.532s] -- Searching for dependencies of ignition-sensors6-rendering
[4.533s] -- Searching for <ignition-sensors6> component [lidar]
[4.548s] -- Looking for ignition-sensors6-lidar -- found version 6.6.0
[4.548s] -- Searching for dependencies of ignition-sensors6-lidar
[4.550s] -- Searching for <ignition-sensors6> component [gpu_lidar]
[4.563s] -- Looking for ignition-sensors6-gpu_lidar -- found version 6.6.0
[4.564s] -- Searching for dependencies of ignition-sensors6-gpu_lidar
[4.565s] -- Searching for <ignition-sensors6> component [camera]
[4.583s] -- Looking for ignition-sensors6-camera -- found version 6.6.0
[4.584s] -- Searching for dependencies of ignition-sensors6-camera
[4.585s] -- Searching for <ignition-sensors6> component [boundingbox_camera]
[4.601s] -- Looking for ignition-sensors6-boundingbox_camera -- found version 6.6.0
[4.602s] -- Searching for dependencies of ignition-sensors6-boundingbox_camera
[4.606s] -- Searching for <ignition-sensors6> component [segmentation_camera]
[4.621s] -- Looking for ignition-sensors6-segmentation_camera -- found version 6.6.0
[4.621s] -- Searching for dependencies of ignition-sensors6-segmentation_camera
[4.623s] -- Searching for <ignition-sensors6> component [depth_camera]
[4.653s] -- Looking for ignition-sensors6-depth_camera -- found version 6.6.0
[4.653s] -- Searching for dependencies of ignition-sensors6-depth_camera
[4.665s] -- Searching for <ignition-sensors6> component [rgbd_camera]
[4.680s] -- Looking for ignition-sensors6-rgbd_camera -- found version 6.6.0
[4.680s] -- Searching for dependencies of ignition-sensors6-rgbd_camera
[4.681s] -- Searching for <ignition-sensors6> component [thermal_camera]
[4.698s] -- Looking for ignition-sensors6-thermal_camera -- found version 6.6.0
[4.699s] -- Searching for dependencies of ignition-sensors6-thermal_camera
[4.701s] -- Looking for ignition-rendering6 -- found version 6.6.3
[4.701s] -- Looking for ignition-math6 -- found version 6.15.1
[4.715s] -- Looking for ignition-utils1 -- found version 1.5.1
[4.767s] -- Found ament_lint_auto: 0.12.11 (/opt/ros/humble/share/ament_lint_auto/cmake)
[4.850s] -- Configuring done
[4.883s] -- Generating done
[4.884s] -- Build files have been written to: /home/user/CPE416/ros_ws/build/ros_gz_example_gazebo
[4.897s] Invoked command in '/home/user/CPE416/ros_ws/build/ros_gz_example_gazebo' returned '0': AMENT_PREFIX_PATH=/home/user/CPE416/ros_ws/install/ros_gz_example_description:${AMENT_PREFIX_PATH} CMAKE_PREFIX_PATH=/home/user/CPE416/ros_ws/install/ros_gz_example_description:/home/simulations/ros2_sims_ws/install/common_interfaces:/home/simulations/ros2_sims_ws/install/visualization_msgs:/home/simulations/ros2_sims_ws/install/test_msgs:/home/simulations/ros2_sims_ws/install/example_interfaces:/home/simulations/ros2_sims_ws/install/action_msgs:/home/simulations/ros2_sims_ws/install/unique_identifier_msgs:/home/simulations/ros2_sims_ws/install/trajectory_msgs:/home/simulations/ros2_sims_ws/install/test_interface_files:/home/simulations/ros2_sims_ws/install/stereo_msgs:/home/simulations/ros2_sims_ws/install/std_srvs:/home/simulations/ros2_sims_ws/install/shape_msgs:/home/simulations/ros2_sims_ws/install/sensor_msgs:/home/simulations/ros2_sims_ws/install/nav_msgs:/home/simulations/ros2_sims_ws/install/diagnostic_msgs:/home/simulations/ros2_sims_ws/install/geometry_msgs:/home/simulations/ros2_sims_ws/install/actionlib_msgs:/home/simulations/ros2_sims_ws/install/std_msgs:/home/simulations/ros2_sims_ws/install/statistics_msgs:/home/simulations/ros2_sims_ws/install/rosgraph_msgs:/home/simulations/ros2_sims_ws/install/rclrs_example_msgs:/home/simulations/ros2_sims_ws/install/composition_interfaces:/home/simulations/ros2_sims_ws/install/rcl_interfaces:/home/simulations/ros2_sims_ws/install/lifecycle_msgs:/home/simulations/ros2_sims_ws/install/builtin_interfaces:/home/simulations/ros2_sims_ws/install/rosidl_default_runtime:/home/simulations/ros2_sims_ws/install/rosidl_default_generators:/home/simulations/ros2_sims_ws/install/rosidl_generator_rs:/home/simulations/ros2_sims_ws/install/rclrs_tests:/home/simulations/ros2_sims_ws/install/examples_rclrs_minimal_client_service:/home/simulations/ros2_sims_ws/install/sensor_msgs_py:/home/simulations/ros2_sims_ws/install/examples_rclrs_minimal_pub_sub:/home/simulations/ros2_sims_ws/install/examples_rclrs_message_demo:/home/simulations/ros2_sims_ws/install/rclrs:/home/simulations/ros2_sims_ws/install/rosidl_runtime_rs:/opt/ros/humble IGN_GAZEBO_RESOURCE_PATH=/home/user/CPE416/ros_ws/install/ros_gz_example_description/share/ros_gz_example_description/models _=/usr/bin/env /usr/bin/cmake /home/user/CPE416/ros_ws/src/ros_gz_project/ros_gz_example_gazebo -DCMAKE_INSTALL_PREFIX=/home/user/CPE416/ros_ws/install/ros_gz_example_gazebo
[4.900s] Invoking command in '/home/user/CPE416/ros_ws/build/ros_gz_example_gazebo': AMENT_PREFIX_PATH=/home/user/CPE416/ros_ws/install/ros_gz_example_description:${AMENT_PREFIX_PATH} CMAKE_PREFIX_PATH=/home/user/CPE416/ros_ws/install/ros_gz_example_description:/home/simulations/ros2_sims_ws/install/common_interfaces:/home/simulations/ros2_sims_ws/install/visualization_msgs:/home/simulations/ros2_sims_ws/install/test_msgs:/home/simulations/ros2_sims_ws/install/example_interfaces:/home/simulations/ros2_sims_ws/install/action_msgs:/home/simulations/ros2_sims_ws/install/unique_identifier_msgs:/home/simulations/ros2_sims_ws/install/trajectory_msgs:/home/simulations/ros2_sims_ws/install/test_interface_files:/home/simulations/ros2_sims_ws/install/stereo_msgs:/home/simulations/ros2_sims_ws/install/std_srvs:/home/simulations/ros2_sims_ws/install/shape_msgs:/home/simulations/ros2_sims_ws/install/sensor_msgs:/home/simulations/ros2_sims_ws/install/nav_msgs:/home/simulations/ros2_sims_ws/install/diagnostic_msgs:/home/simulations/ros2_sims_ws/install/geometry_msgs:/home/simulations/ros2_sims_ws/install/actionlib_msgs:/home/simulations/ros2_sims_ws/install/std_msgs:/home/simulations/ros2_sims_ws/install/statistics_msgs:/home/simulations/ros2_sims_ws/install/rosgraph_msgs:/home/simulations/ros2_sims_ws/install/rclrs_example_msgs:/home/simulations/ros2_sims_ws/install/composition_interfaces:/home/simulations/ros2_sims_ws/install/rcl_interfaces:/home/simulations/ros2_sims_ws/install/lifecycle_msgs:/home/simulations/ros2_sims_ws/install/builtin_interfaces:/home/simulations/ros2_sims_ws/install/rosidl_default_runtime:/home/simulations/ros2_sims_ws/install/rosidl_default_generators:/home/simulations/ros2_sims_ws/install/rosidl_generator_rs:/home/simulations/ros2_sims_ws/install/rclrs_tests:/home/simulations/ros2_sims_ws/install/examples_rclrs_minimal_client_service:/home/simulations/ros2_sims_ws/install/sensor_msgs_py:/home/simulations/ros2_sims_ws/install/examples_rclrs_minimal_pub_sub:/home/simulations/ros2_sims_ws/install/examples_rclrs_message_demo:/home/simulations/ros2_sims_ws/install/rclrs:/home/simulations/ros2_sims_ws/install/rosidl_runtime_rs:/opt/ros/humble IGN_GAZEBO_RESOURCE_PATH=/home/user/CPE416/ros_ws/install/ros_gz_example_description/share/ros_gz_example_description/models _=/usr/bin/env /usr/bin/cmake --build /home/user/CPE416/ros_ws/build/ros_gz_example_gazebo -- -j8 -l8
[4.968s] [ 25%] [32mBuilding CXX object CMakeFiles/FullSystem.dir/src/FullSystem.cc.o[0m
[4.969s] [ 50%] [32mBuilding CXX object CMakeFiles/BasicSystem.dir/src/BasicSystem.cc.o[0m
[5.315s] In file included from [01m[K/home/user/CPE416/ros_ws/src/ros_gz_project/ros_gz_example_gazebo/src/BasicSystem.cc:28[m[K:
[5.315s] [01m[K/home/user/CPE416/ros_ws/src/ros_gz_project/ros_gz_example_gazebo/include/ros_gz_example_gazebo/BasicSystem.hh:23:10:[m[K [01;31m[Kfatal error: [m[Kgz/sim/System.hh: No such file or directory
[5.315s]    23 | #include [01;31m[K<gz/sim/System.hh>[m[K
[5.315s]       |          [01;31m[K^~~~~~~~~~~~~~~~~~[m[K
[5.315s] compilation terminated.
[5.316s] In file included from [01m[K/home/user/CPE416/ros_ws/src/ros_gz_project/ros_gz_example_gazebo/src/FullSystem.cc:28[m[K:
[5.316s] [01m[K/home/user/CPE416/ros_ws/src/ros_gz_project/ros_gz_example_gazebo/include/ros_gz_example_gazebo/FullSystem.hh:23:10:[m[K [01;31m[Kfatal error: [m[Kgz/sim/EventManager.hh: No such file or directory
[5.316s]    23 | #include [01;31m[K<gz/sim/EventManager.hh>[m[K
[5.316s]       |          [01;31m[K^~~~~~~~~~~~~~~~~~~~~~~~[m[K
[5.316s] compilation terminated.
[5.317s] gmake[2]: *** [CMakeFiles/BasicSystem.dir/build.make:76: CMakeFiles/BasicSystem.dir/src/BasicSystem.cc.o] Error 1
[5.317s] gmake[1]: *** [CMakeFiles/Makefile2:139: CMakeFiles/BasicSystem.dir/all] Error 2
[5.317s] gmake[1]: *** Waiting for unfinished jobs....
[5.318s] gmake[2]: *** [CMakeFiles/FullSystem.dir/build.make:76: CMakeFiles/FullSystem.dir/src/FullSystem.cc.o] Error 1
[5.319s] gmake[1]: *** [CMakeFiles/Makefile2:165: CMakeFiles/FullSystem.dir/all] Error 2
[5.319s] gmake: *** [Makefile:146: all] Error 2
[5.321s] Invoked command in '/home/user/CPE416/ros_ws/build/ros_gz_example_gazebo' returned '2': AMENT_PREFIX_PATH=/home/user/CPE416/ros_ws/install/ros_gz_example_description:${AMENT_PREFIX_PATH} CMAKE_PREFIX_PATH=/home/user/CPE416/ros_ws/install/ros_gz_example_description:/home/simulations/ros2_sims_ws/install/common_interfaces:/home/simulations/ros2_sims_ws/install/visualization_msgs:/home/simulations/ros2_sims_ws/install/test_msgs:/home/simulations/ros2_sims_ws/install/example_interfaces:/home/simulations/ros2_sims_ws/install/action_msgs:/home/simulations/ros2_sims_ws/install/unique_identifier_msgs:/home/simulations/ros2_sims_ws/install/trajectory_msgs:/home/simulations/ros2_sims_ws/install/test_interface_files:/home/simulations/ros2_sims_ws/install/stereo_msgs:/home/simulations/ros2_sims_ws/install/std_srvs:/home/simulations/ros2_sims_ws/install/shape_msgs:/home/simulations/ros2_sims_ws/install/sensor_msgs:/home/simulations/ros2_sims_ws/install/nav_msgs:/home/simulations/ros2_sims_ws/install/diagnostic_msgs:/home/simulations/ros2_sims_ws/install/geometry_msgs:/home/simulations/ros2_sims_ws/install/actionlib_msgs:/home/simulations/ros2_sims_ws/install/std_msgs:/home/simulations/ros2_sims_ws/install/statistics_msgs:/home/simulations/ros2_sims_ws/install/rosgraph_msgs:/home/simulations/ros2_sims_ws/install/rclrs_example_msgs:/home/simulations/ros2_sims_ws/install/composition_interfaces:/home/simulations/ros2_sims_ws/install/rcl_interfaces:/home/simulations/ros2_sims_ws/install/lifecycle_msgs:/home/simulations/ros2_sims_ws/install/builtin_interfaces:/home/simulations/ros2_sims_ws/install/rosidl_default_runtime:/home/simulations/ros2_sims_ws/install/rosidl_default_generators:/home/simulations/ros2_sims_ws/install/rosidl_generator_rs:/home/simulations/ros2_sims_ws/install/rclrs_tests:/home/simulations/ros2_sims_ws/install/examples_rclrs_minimal_client_service:/home/simulations/ros2_sims_ws/install/sensor_msgs_py:/home/simulations/ros2_sims_ws/install/examples_rclrs_minimal_pub_sub:/home/simulations/ros2_sims_ws/install/examples_rclrs_message_demo:/home/simulations/ros2_sims_ws/install/rclrs:/home/simulations/ros2_sims_ws/install/rosidl_runtime_rs:/opt/ros/humble IGN_GAZEBO_RESOURCE_PATH=/home/user/CPE416/ros_ws/install/ros_gz_example_description/share/ros_gz_example_description/models _=/usr/bin/env /usr/bin/cmake --build /home/user/CPE416/ros_ws/build/ros_gz_example_gazebo -- -j8 -l8
