running egg_info
creating build/FinalProject/FinalProject.egg-info
writing build/FinalProject/FinalProject.egg-info/PKG-INFO
writing dependency_links to build/FinalProject/FinalProject.egg-info/dependency_links.txt
writing entry points to build/FinalProject/FinalProject.egg-info/entry_points.txt
writing requirements to build/FinalProject/FinalProject.egg-info/requires.txt
writing top-level names to build/FinalProject/FinalProject.egg-info/top_level.txt
writing manifest file 'build/FinalProject/FinalProject.egg-info/SOURCES.txt'
reading manifest file 'build/FinalProject/FinalProject.egg-info/SOURCES.txt'
writing manifest file 'build/FinalProject/FinalProject.egg-info/SOURCES.txt'
running build
running build_py
creating /home/user/CPE416/ros_ws/src/FinalProject/build/FinalProject/build
creating /home/user/CPE416/ros_ws/src/FinalProject/build/FinalProject/build/lib
creating /home/user/CPE416/ros_ws/src/FinalProject/build/FinalProject/build/lib/FinalProject
copying FinalProject/teleop_gobilda.py -> /home/user/CPE416/ros_ws/src/FinalProject/build/FinalProject/build/lib/FinalProject
copying FinalProject/__init__.py -> /home/user/CPE416/ros_ws/src/FinalProject/build/FinalProject/build/lib/FinalProject
running install
running install_lib
creating /home/user/CPE416/ros_ws/src/FinalProject/install/FinalProject/lib/python3.10/site-packages/FinalProject
copying /home/user/CPE416/ros_ws/src/FinalProject/build/FinalProject/build/lib/FinalProject/teleop_gobilda.py -> /home/user/CPE416/ros_ws/src/FinalProject/install/FinalProject/lib/python3.10/site-packages/FinalProject
copying /home/user/CPE416/ros_ws/src/FinalProject/build/FinalProject/build/lib/FinalProject/__init__.py -> /home/user/CPE416/ros_ws/src/FinalProject/install/FinalProject/lib/python3.10/site-packages/FinalProject
byte-compiling /home/user/CPE416/ros_ws/src/FinalProject/install/FinalProject/lib/python3.10/site-packages/FinalProject/teleop_gobilda.py to teleop_gobilda.cpython-310.pyc
byte-compiling /home/user/CPE416/ros_ws/src/FinalProject/install/FinalProject/lib/python3.10/site-packages/FinalProject/__init__.py to __init__.cpython-310.pyc
running install_data
creating /home/user/CPE416/ros_ws/src/FinalProject/install/FinalProject/share/ament_index
creating /home/user/CPE416/ros_ws/src/FinalProject/install/FinalProject/share/ament_index/resource_index
creating /home/user/CPE416/ros_ws/src/FinalProject/install/FinalProject/share/ament_index/resource_index/packages
copying resource/FinalProject -> /home/user/CPE416/ros_ws/src/FinalProject/install/FinalProject/share/ament_index/resource_index/packages
copying package.xml -> /home/user/CPE416/ros_ws/src/FinalProject/install/FinalProject/share/FinalProject
running install_egg_info
Copying build/FinalProject/FinalProject.egg-info to /home/user/CPE416/ros_ws/src/FinalProject/install/FinalProject/lib/python3.10/site-packages/FinalProject-0.0.0-py3.10.egg-info
running install_scripts
writing list of installed files to '/home/user/CPE416/ros_ws/src/FinalProject/build/FinalProject/install.log'
