[0.027s] Invoking command in '/home/user/CPE416/ros_ws/build/ros_gz_example_description': CMAKE_PREFIX_PATH=${CMAKE_PREFIX_PATH}:/home/user/CPE416/ros_ws/install/FinalProject:/home/user/CPE416/ros_ws/src/FinalProject/install/FinalProject:/home/simulations/ros2_sims_ws/install/rclrs_tests:/home/simulations/ros2_sims_ws/install/examples_rclrs_minimal_client_service:/home/simulations/ros2_sims_ws/install/sensor_msgs_py:/home/simulations/ros2_sims_ws/install/examples_rclrs_minimal_pub_sub:/home/simulations/ros2_sims_ws/install/examples_rclrs_message_demo:/home/simulations/ros2_sims_ws/install/rclrs:/home/simulations/ros2_sims_ws/install/rosidl_runtime_rs:/opt/ros/humble _=/usr/bin/env /usr/bin/cmake --build /home/user/CPE416/ros_ws/build/ros_gz_example_description -- -j8 -l8
[0.338s] Invoked command in '/home/user/CPE416/ros_ws/build/ros_gz_example_description' returned '0': CMAKE_PREFIX_PATH=${CMAKE_PREFIX_PATH}:/home/user/CPE416/ros_ws/install/FinalProject:/home/user/CPE416/ros_ws/src/FinalProject/install/FinalProject:/home/simulations/ros2_sims_ws/install/rclrs_tests:/home/simulations/ros2_sims_ws/install/examples_rclrs_minimal_client_service:/home/simulations/ros2_sims_ws/install/sensor_msgs_py:/home/simulations/ros2_sims_ws/install/examples_rclrs_minimal_pub_sub:/home/simulations/ros2_sims_ws/install/examples_rclrs_message_demo:/home/simulations/ros2_sims_ws/install/rclrs:/home/simulations/ros2_sims_ws/install/rosidl_runtime_rs:/opt/ros/humble _=/usr/bin/env /usr/bin/cmake --build /home/user/CPE416/ros_ws/build/ros_gz_example_description -- -j8 -l8
[0.395s] Invoking command in '/home/user/CPE416/ros_ws/build/ros_gz_example_description': CMAKE_PREFIX_PATH=${CMAKE_PREFIX_PATH}:/home/user/CPE416/ros_ws/install/FinalProject:/home/user/CPE416/ros_ws/src/FinalProject/install/FinalProject:/home/simulations/ros2_sims_ws/install/rclrs_tests:/home/simulations/ros2_sims_ws/install/examples_rclrs_minimal_client_service:/home/simulations/ros2_sims_ws/install/sensor_msgs_py:/home/simulations/ros2_sims_ws/install/examples_rclrs_minimal_pub_sub:/home/simulations/ros2_sims_ws/install/examples_rclrs_message_demo:/home/simulations/ros2_sims_ws/install/rclrs:/home/simulations/ros2_sims_ws/install/rosidl_runtime_rs:/opt/ros/humble _=/usr/bin/env /usr/bin/cmake --install /home/user/CPE416/ros_ws/build/ros_gz_example_description
[0.405s] -- Install configuration: ""
[0.405s] -- Up-to-date: /home/user/CPE416/ros_ws/install/ros_gz_example_description/share/ros_gz_example_description/models
[0.406s] -- Up-to-date: /home/user/CPE416/ros_ws/install/ros_gz_example_description/share/ros_gz_example_description/models/diff_drive
[0.406s] -- Up-to-date: /home/user/CPE416/ros_ws/install/ros_gz_example_description/share/ros_gz_example_description/models/diff_drive/model.sdf
[0.406s] -- Up-to-date: /home/user/CPE416/ros_ws/install/ros_gz_example_description/share/ros_gz_example_description/models/diff_drive/model.config
[0.406s] -- Up-to-date: /home/user/CPE416/ros_ws/install/ros_gz_example_description/share/ros_gz_example_description/models/rrbot
[0.406s] -- Up-to-date: /home/user/CPE416/ros_ws/install/ros_gz_example_description/share/ros_gz_example_description/models/rrbot/model.sdf
[0.406s] -- Up-to-date: /home/user/CPE416/ros_ws/install/ros_gz_example_description/share/ros_gz_example_description/environment/ros_gz_example_description.dsv
[0.406s] -- Up-to-date: /home/user/CPE416/ros_ws/install/ros_gz_example_description/share/ros_gz_example_description/environment/ros_gz_example_description.sh
[0.407s] -- Up-to-date: /home/user/CPE416/ros_ws/install/ros_gz_example_description/share/ament_index/resource_index/package_run_dependencies/ros_gz_example_description
[0.407s] -- Up-to-date: /home/user/CPE416/ros_ws/install/ros_gz_example_description/share/ament_index/resource_index/parent_prefix_path/ros_gz_example_description
[0.407s] -- Up-to-date: /home/user/CPE416/ros_ws/install/ros_gz_example_description/share/ros_gz_example_description/environment/ament_prefix_path.sh
[0.407s] -- Up-to-date: /home/user/CPE416/ros_ws/install/ros_gz_example_description/share/ros_gz_example_description/environment/ament_prefix_path.dsv
[0.407s] -- Up-to-date: /home/user/CPE416/ros_ws/install/ros_gz_example_description/share/ros_gz_example_description/environment/path.sh
[0.407s] -- Up-to-date: /home/user/CPE416/ros_ws/install/ros_gz_example_description/share/ros_gz_example_description/environment/path.dsv
[0.407s] -- Up-to-date: /home/user/CPE416/ros_ws/install/ros_gz_example_description/share/ros_gz_example_description/local_setup.bash
[0.407s] -- Up-to-date: /home/user/CPE416/ros_ws/install/ros_gz_example_description/share/ros_gz_example_description/local_setup.sh
[0.407s] -- Up-to-date: /home/user/CPE416/ros_ws/install/ros_gz_example_description/share/ros_gz_example_description/local_setup.zsh
[0.407s] -- Up-to-date: /home/user/CPE416/ros_ws/install/ros_gz_example_description/share/ros_gz_example_description/local_setup.dsv
[0.408s] -- Up-to-date: /home/user/CPE416/ros_ws/install/ros_gz_example_description/share/ros_gz_example_description/package.dsv
[0.408s] -- Up-to-date: /home/user/CPE416/ros_ws/install/ros_gz_example_description/share/ament_index/resource_index/packages/ros_gz_example_description
[0.408s] -- Up-to-date: /home/user/CPE416/ros_ws/install/ros_gz_example_description/share/ros_gz_example_description/cmake/ros_gz_example_descriptionConfig.cmake
[0.409s] -- Up-to-date: /home/user/CPE416/ros_ws/install/ros_gz_example_description/share/ros_gz_example_description/cmake/ros_gz_example_descriptionConfig-version.cmake
[0.409s] -- Up-to-date: /home/user/CPE416/ros_ws/install/ros_gz_example_description/share/ros_gz_example_description/package.xml
[0.409s] Invoked command in '/home/user/CPE416/ros_ws/build/ros_gz_example_description' returned '0': CMAKE_PREFIX_PATH=${CMAKE_PREFIX_PATH}:/home/user/CPE416/ros_ws/install/FinalProject:/home/user/CPE416/ros_ws/src/FinalProject/install/FinalProject:/home/simulations/ros2_sims_ws/install/rclrs_tests:/home/simulations/ros2_sims_ws/install/examples_rclrs_minimal_client_service:/home/simulations/ros2_sims_ws/install/sensor_msgs_py:/home/simulations/ros2_sims_ws/install/examples_rclrs_minimal_pub_sub:/home/simulations/ros2_sims_ws/install/examples_rclrs_message_demo:/home/simulations/ros2_sims_ws/install/rclrs:/home/simulations/ros2_sims_ws/install/rosidl_runtime_rs:/opt/ros/humble _=/usr/bin/env /usr/bin/cmake --install /home/user/CPE416/ros_ws/build/ros_gz_example_description
