[0.017s] Invoking command in '/home/user/CPE416/ros_ws/src/build/ros_gz_example_gazebo': AMENT_PREFIX_PATH=/home/user/CPE416/ros_ws/src/install/ros_gz_example_description:${AMENT_PREFIX_PATH} CMAKE_PREFIX_PATH=/home/user/CPE416/ros_ws/src/install/ros_gz_example_description:/home/user/CPE416/ros_ws/install/ros_gz_example_description:/home/simulations/ros2_sims_ws/install/common_interfaces:/home/simulations/ros2_sims_ws/install/visualization_msgs:/home/simulations/ros2_sims_ws/install/test_msgs:/home/simulations/ros2_sims_ws/install/example_interfaces:/home/simulations/ros2_sims_ws/install/action_msgs:/home/simulations/ros2_sims_ws/install/unique_identifier_msgs:/home/simulations/ros2_sims_ws/install/trajectory_msgs:/home/simulations/ros2_sims_ws/install/test_interface_files:/home/simulations/ros2_sims_ws/install/stereo_msgs:/home/simulations/ros2_sims_ws/install/std_srvs:/home/simulations/ros2_sims_ws/install/shape_msgs:/home/simulations/ros2_sims_ws/install/sensor_msgs:/home/simulations/ros2_sims_ws/install/nav_msgs:/home/simulations/ros2_sims_ws/install/diagnostic_msgs:/home/simulations/ros2_sims_ws/install/geometry_msgs:/home/simulations/ros2_sims_ws/install/actionlib_msgs:/home/simulations/ros2_sims_ws/install/std_msgs:/home/simulations/ros2_sims_ws/install/statistics_msgs:/home/simulations/ros2_sims_ws/install/rosgraph_msgs:/home/simulations/ros2_sims_ws/install/rclrs_example_msgs:/home/simulations/ros2_sims_ws/install/composition_interfaces:/home/simulations/ros2_sims_ws/install/rcl_interfaces:/home/simulations/ros2_sims_ws/install/lifecycle_msgs:/home/simulations/ros2_sims_ws/install/builtin_interfaces:/home/simulations/ros2_sims_ws/install/rosidl_default_runtime:/home/simulations/ros2_sims_ws/install/rosidl_default_generators:/home/simulations/ros2_sims_ws/install/rosidl_generator_rs:/home/user/CPE416/ros_ws/install/FinalProject:/home/user/CPE416/ros_ws/src/FinalProject/install/FinalProject:/home/simulations/ros2_sims_ws/install/rclrs_tests:/home/simulations/ros2_sims_ws/install/examples_rclrs_minimal_client_service:/home/simulations/ros2_sims_ws/install/sensor_msgs_py:/home/simulations/ros2_sims_ws/install/examples_rclrs_minimal_pub_sub:/home/simulations/ros2_sims_ws/install/examples_rclrs_message_demo:/home/simulations/ros2_sims_ws/install/rclrs:/home/simulations/ros2_sims_ws/install/rosidl_runtime_rs:/opt/ros/humble IGN_GAZEBO_RESOURCE_PATH=/home/user/CPE416/ros_ws/src/install/ros_gz_example_description/share/ros_gz_example_description/models:${IGN_GAZEBO_RESOURCE_PATH} _=/usr/bin/env /usr/bin/cmake /home/user/CPE416/ros_ws/src/ros_gz_project/ros_gz_example_gazebo -DCMAKE_INSTALL_PREFIX=/home/user/CPE416/ros_ws/src/install/ros_gz_example_gazebo
[0.086s] -- The C compiler identification is GNU 11.4.0
[0.154s] -- The CXX compiler identification is GNU 11.4.0
[0.162s] -- Detecting C compiler ABI info
[0.255s] -- Detecting C compiler ABI info - done
[0.263s] -- Check for working C compiler: /usr/bin/cc - skipped
[0.263s] -- Detecting C compile features
[0.263s] -- Detecting C compile features - done
[0.266s] -- Detecting CXX compiler ABI info
[0.370s] -- Detecting CXX compiler ABI info - done
[0.378s] -- Check for working CXX compiler: /usr/bin/c++ - skipped
[0.379s] -- Detecting CXX compile features
[0.379s] -- Detecting CXX compile features - done
[0.393s] -- Found ament_cmake: 1.3.10 (/opt/ros/humble/share/ament_cmake/cmake)
[0.638s] -- Found Python3: /usr/bin/python3 (found version "3.10.12") found components: Interpreter 
[0.902s] -- Found ros_gz_example_description: 0.0.0 (/home/user/CPE416/ros_ws/src/install/ros_gz_example_description/share/ros_gz_example_description/cmake)
[0.940s] -- Looking for ignition-plugin1 -- found version 1.4.0
[0.940s] -- Searching for dependencies of ignition-plugin1
[0.940s] -- Searching for <ignition-plugin1> component [register]
[0.955s] -- Looking for ignition-plugin1-register -- found version 1.4.0
[0.955s] -- Searching for dependencies of ignition-plugin1-register
[0.970s] -- Looking for ignition-common4 -- found version 4.7.0
[0.970s] -- Searching for dependencies of ignition-common4
[0.971s] -- Looking for dlfcn.h - found
[0.986s] -- Looking for libdl - found
[0.987s] -- Found DL: TRUE  
[0.995s] -- Checking for module 'uuid'
[1.015s] --   Found uuid, version 2.37.2
[1.055s] -- Found UUID: TRUE  
[1.056s] -- Searching for <ignition-common4> component [profiler]
[1.071s] -- Looking for ignition-common4-profiler -- found version 4.7.0
[1.071s] -- Searching for dependencies of ignition-common4-profiler
[1.088s] -- Looking for ignition-gazebo6 -- found version 6.16.0
[1.088s] -- Searching for dependencies of ignition-gazebo6
[1.103s] -- Looking for sdformat12 -- found version 12.7.2
[1.103s] -- Searching for dependencies of sdformat12
[1.109s] -- Checking for module 'tinyxml2'
[1.125s] --   Found tinyxml2, version 9.0.0
[1.180s] -- Looking for ignition-math6 -- found version 6.15.1
[1.181s] -- Searching for dependencies of ignition-math6
[1.196s] -- Looking for ignition-utils1 -- found version 1.5.1
[1.196s] -- Searching for dependencies of ignition-utils1
[1.198s] -- Looking for ignition-plugin1 -- found version 1.4.0
[1.198s] -- Searching for dependencies of ignition-plugin1
[1.198s] -- Searching for <ignition-plugin1> component [loader]
[1.213s] -- Looking for ignition-plugin1-loader -- found version 1.4.0
[1.213s] -- Searching for dependencies of ignition-plugin1-loader
[1.215s] -- Searching for <ignition-plugin1> component [register]
[1.229s] -- Looking for ignition-transport11 -- found version 11.4.1
[1.230s] -- Searching for dependencies of ignition-transport11
[1.475s] -- Found Protobuf: /usr/lib/x86_64-linux-gnu/libprotobuf.so (found version "3.12.4") 
[1.512s] -- Config-file not installed for ZeroMQ -- checking for pkg-config
[1.517s] -- Checking for module 'libzmq >= 4'
[1.535s] --   Found libzmq , version 4.3.4
[1.583s] -- Found ZeroMQ: TRUE (Required is at least version "4") 
[1.600s] -- Looking for ignition-utils1 -- found version 1.5.1
[1.600s] -- Searching for dependencies of ignition-utils1
[1.600s] -- Searching for <ignition-utils1> component [cli]
[1.616s] -- Looking for ignition-utils1-cli -- found version 1.5.1
[1.616s] -- Searching for dependencies of ignition-utils1-cli
[1.630s] -- Looking for ignition-msgs8 -- found version 8.7.0
[1.630s] -- Searching for dependencies of ignition-msgs8
[1.672s] -- Found Protobuf: /usr/lib/x86_64-linux-gnu/libprotobuf.so (found suitable version "3.12.4", minimum required is "3") 
[1.673s] -- Looking for ignition-math6 -- found version 6.15.1
[1.688s] -- Searching for <ignition-transport11> component [log]
[1.709s] -- Looking for ignition-transport11-log -- found version 11.4.1
[1.710s] -- Searching for dependencies of ignition-transport11-log
[1.710s] -- Searching for <ignition-transport11> component [parameters]
[1.723s] -- Looking for ignition-transport11-parameters -- found version 11.4.1
[1.724s] -- Searching for dependencies of ignition-transport11-parameters
[1.725s] -- Looking for ignition-msgs8 -- found version 8.7.0
[1.726s] -- Looking for ignition-common4 -- found version 4.7.0
[1.726s] -- Searching for dependencies of ignition-common4
[1.726s] -- Looking for dlfcn.h - found
[1.726s] -- Looking for libdl - found
[1.737s] -- Searching for <ignition-common4> component [profiler]
[1.737s] -- Searching for <ignition-common4> component [events]
[1.751s] -- Looking for ignition-common4-events -- found version 4.7.0
[1.752s] -- Searching for dependencies of ignition-common4-events
[1.752s] -- Looking for ignition-math6 -- found version 6.15.1
[1.753s] -- Searching for <ignition-common4> component [av]
[1.768s] -- Looking for ignition-common4-av -- found version 4.7.0
[1.768s] -- Searching for dependencies of ignition-common4-av
[1.774s] -- Checking for module 'libswscale'
[1.795s] --   Found libswscale, version 5.9.100
[1.839s] -- Found SWSCALE: TRUE  
[1.845s] -- Checking for module 'libavdevice >= 56.4.100'
[1.862s] --   Found libavdevice , version 58.13.100
[1.906s] -- Found AVDEVICE: TRUE (Required is at least version "56.4.100") 
[1.911s] -- Checking for module 'libavformat'
[1.928s] --   Found libavformat, version 58.76.100
[1.971s] -- Found AVFORMAT: TRUE  
[1.976s] -- Checking for module 'libavcodec'
[1.993s] --   Found libavcodec, version 58.134.100
[2.033s] -- Found AVCODEC: TRUE  
[2.038s] -- Checking for module 'libavutil'
[2.056s] --   Found libavutil, version 56.70.100
[2.096s] -- Found AVUTIL: TRUE  
[2.113s] -- Looking for ignition-fuel_tools7 -- found version 7.3.0
[2.114s] -- Searching for dependencies of ignition-fuel_tools7
[2.232s] -- Found CURL: /usr/lib/x86_64-linux-gnu/libcurl.so (found version "7.81.0")  
[2.254s] -- Checking for module 'jsoncpp'
[2.272s] --   Found jsoncpp, version 1.9.5
[2.313s] -- Found JSONCPP: TRUE  
[2.325s] -- Checking for module 'libzip'
[2.342s] --   Found libzip, version 1.7.3
[2.382s] -- Found ZIP: TRUE  
[2.383s] -- Looking for ignition-common4 -- found version 4.7.0
[2.383s] -- Looking for ignition-math6 -- found version 6.15.1
[2.384s] -- Looking for ignition-msgs8 -- found version 8.7.0
[2.400s] -- Looking for ignition-gui6 -- found version 6.8.0
[2.400s] -- Searching for dependencies of ignition-gui6
[2.450s] -- Looking for ignition-math6 -- found version 6.15.1
[2.450s] -- Looking for ignition-common4 -- found version 4.7.0
[2.451s] -- Looking for ignition-plugin1 -- found version 1.4.0
[2.451s] -- Looking for ignition-transport11 -- found version 11.4.1
[2.466s] -- Looking for ignition-rendering6 -- found version 6.6.3
[2.466s] -- Searching for dependencies of ignition-rendering6
[2.467s] -- Looking for ignition-math6 -- found version 6.15.1
[2.468s] -- Searching for dependencies of ignition-math6
[2.468s] -- Searching for <ignition-math6> component [eigen3]
[2.491s] -- Looking for ignition-math6-eigen3 -- found version 6.15.1
[2.491s] -- Searching for dependencies of ignition-math6-eigen3
[2.523s] -- Looking for ignition-common4 -- found version 4.7.0
[2.523s] -- Searching for dependencies of ignition-common4
[2.523s] -- Looking for dlfcn.h - found
[2.523s] -- Looking for libdl - found
[2.535s] -- Searching for <ignition-common4> component [graphics]
[2.550s] -- Looking for ignition-common4-graphics -- found version 4.7.0
[2.550s] -- Searching for dependencies of ignition-common4-graphics
[2.551s] -- Looking for ignition-math6 -- found version 6.15.1
[2.551s] -- Looking for ignition-utils1 -- found version 1.5.1
[2.552s] -- Searching for <ignition-common4> component [events]
[2.553s] -- Looking for ignition-plugin1 -- found version 1.4.0
[2.554s] -- Searching for dependencies of ignition-plugin1
[2.554s] -- Searching for <ignition-plugin1> component [all]
[2.568s] -- Looking for all libraries of ignition-plugin1 -- found version 1.4.0
[2.569s] -- Looking for ignition-plugin1 -- found version 1.4.0
[2.572s] -- Looking for ignition-msgs8 -- found version 8.7.0
[2.625s] -- Looking for ignition-physics5 -- found version 5.3.2
[2.626s] -- Searching for dependencies of ignition-physics5
[2.626s] -- Looking for ignition-math6 -- found version 6.15.1
[2.626s] -- Looking for ignition-plugin1 -- found version 1.4.0
[2.627s] -- Looking for ignition-utils1 -- found version 1.5.1
[2.629s] -- Searching for <ignition-physics5> component [heightmap]
[2.643s] -- Looking for ignition-physics5-heightmap -- found version 5.3.2
[2.644s] -- Searching for dependencies of ignition-physics5-heightmap
[2.644s] -- Looking for ignition-common4 -- found version 4.7.0
[2.645s] -- Searching for <ignition-physics5> component [mesh]
[2.661s] -- Looking for ignition-physics5-mesh -- found version 5.3.2
[2.661s] -- Searching for dependencies of ignition-physics5-mesh
[2.661s] -- Looking for ignition-common4 -- found version 4.7.0
[2.662s] -- Searching for <ignition-physics5> component [sdf]
[2.678s] -- Looking for ignition-physics5-sdf -- found version 5.3.2
[2.678s] -- Searching for dependencies of ignition-physics5-sdf
[2.679s] -- Looking for sdformat12 -- found version 12.7.2
[2.694s] -- Looking for ignition-sensors6 -- found version 6.8.0
[2.694s] -- Searching for dependencies of ignition-sensors6
[2.736s] -- Found Protobuf: /usr/lib/x86_64-linux-gnu/libprotobuf.so (found version "3.12.4") 
[2.737s] -- Looking for ignition-math6 -- found version 6.15.1
[2.738s] -- Looking for ignition-common4 -- found version 4.7.0
[2.738s] -- Looking for ignition-transport11 -- found version 11.4.1
[2.738s] -- Looking for ignition-rendering6 -- found version 6.6.3
[2.739s] -- Looking for ignition-msgs8 -- found version 8.7.0
[2.739s] -- Looking for sdformat12 -- found version 12.7.2
[2.740s] -- Searching for <ignition-sensors6> component [air_pressure]
[2.754s] -- Looking for ignition-sensors6-air_pressure -- found version 6.8.0
[2.755s] -- Searching for dependencies of ignition-sensors6-air_pressure
[2.755s] -- Searching for <ignition-sensors6> component [altimeter]
[2.770s] -- Looking for ignition-sensors6-altimeter -- found version 6.8.0
[2.770s] -- Searching for dependencies of ignition-sensors6-altimeter
[2.771s] -- Searching for <ignition-sensors6> component [imu]
[2.785s] -- Looking for ignition-sensors6-imu -- found version 6.8.0
[2.785s] -- Searching for dependencies of ignition-sensors6-imu
[2.786s] -- Searching for <ignition-sensors6> component [force_torque]
[2.800s] -- Looking for ignition-sensors6-force_torque -- found version 6.8.0
[2.800s] -- Searching for dependencies of ignition-sensors6-force_torque
[2.801s] -- Searching for <ignition-sensors6> component [logical_camera]
[2.815s] -- Looking for ignition-sensors6-logical_camera -- found version 6.8.0
[2.816s] -- Searching for dependencies of ignition-sensors6-logical_camera
[2.816s] -- Searching for <ignition-sensors6> component [magnetometer]
[2.832s] -- Looking for ignition-sensors6-magnetometer -- found version 6.8.0
[2.832s] -- Searching for dependencies of ignition-sensors6-magnetometer
[2.833s] -- Searching for <ignition-sensors6> component [navsat]
[2.847s] -- Looking for ignition-sensors6-navsat -- found version 6.8.0
[2.847s] -- Searching for dependencies of ignition-sensors6-navsat
[2.848s] -- Searching for <ignition-sensors6> component [rendering]
[2.863s] -- Looking for ignition-sensors6-rendering -- found version 6.8.0
[2.863s] -- Searching for dependencies of ignition-sensors6-rendering
[2.864s] -- Searching for <ignition-sensors6> component [lidar]
[2.878s] -- Looking for ignition-sensors6-lidar -- found version 6.8.0
[2.878s] -- Searching for dependencies of ignition-sensors6-lidar
[2.878s] -- Looking for ignition-sensors6 -- found version 6.8.0
[2.879s] -- Searching for <ignition-sensors6> component [gpu_lidar]
[2.893s] -- Looking for ignition-sensors6-gpu_lidar -- found version 6.8.0
[2.894s] -- Searching for dependencies of ignition-sensors6-gpu_lidar
[2.894s] -- Looking for ignition-sensors6 -- found version 6.8.0
[2.895s] -- Searching for <ignition-sensors6> component [camera]
[2.908s] -- Looking for ignition-sensors6-camera -- found version 6.8.0
[2.909s] -- Searching for dependencies of ignition-sensors6-camera
[2.909s] -- Looking for ignition-sensors6 -- found version 6.8.0
[2.911s] -- Searching for <ignition-sensors6> component [boundingbox_camera]
[2.925s] -- Looking for ignition-sensors6-boundingbox_camera -- found version 6.8.0
[2.925s] -- Searching for dependencies of ignition-sensors6-boundingbox_camera
[2.925s] -- Searching for <ignition-sensors6> component [segmentation_camera]
[2.939s] -- Looking for ignition-sensors6-segmentation_camera -- found version 6.8.0
[2.940s] -- Searching for dependencies of ignition-sensors6-segmentation_camera
[2.940s] -- Searching for <ignition-sensors6> component [depth_camera]
[2.954s] -- Looking for ignition-sensors6-depth_camera -- found version 6.8.0
[2.954s] -- Searching for dependencies of ignition-sensors6-depth_camera
[2.955s] -- Looking for ignition-sensors6 -- found version 6.8.0
[2.955s] -- Searching for <ignition-sensors6> component [rgbd_camera]
[2.968s] -- Looking for ignition-sensors6-rgbd_camera -- found version 6.8.0
[2.969s] -- Searching for dependencies of ignition-sensors6-rgbd_camera
[2.969s] -- Looking for ignition-sensors6 -- found version 6.8.0
[2.970s] -- Searching for <ignition-sensors6> component [thermal_camera]
[2.984s] -- Looking for ignition-sensors6-thermal_camera -- found version 6.8.0
[2.985s] -- Searching for dependencies of ignition-sensors6-thermal_camera
[2.985s] -- Looking for ignition-sensors6 -- found version 6.8.0
[2.986s] -- Looking for ignition-rendering6 -- found version 6.6.3
[2.987s] -- Looking for ignition-math6 -- found version 6.15.1
[3.002s] -- Looking for ignition-utils1 -- found version 1.5.1
[3.060s] -- Found ament_lint_auto: 0.12.11 (/opt/ros/humble/share/ament_lint_auto/cmake)
[3.148s] -- Configuring done
[3.163s] -- Generating done
[3.165s] -- Build files have been written to: /home/user/CPE416/ros_ws/src/build/ros_gz_example_gazebo
[3.179s] Invoked command in '/home/user/CPE416/ros_ws/src/build/ros_gz_example_gazebo' returned '0': AMENT_PREFIX_PATH=/home/user/CPE416/ros_ws/src/install/ros_gz_example_description:${AMENT_PREFIX_PATH} CMAKE_PREFIX_PATH=/home/user/CPE416/ros_ws/src/install/ros_gz_example_description:/home/user/CPE416/ros_ws/install/ros_gz_example_description:/home/simulations/ros2_sims_ws/install/common_interfaces:/home/simulations/ros2_sims_ws/install/visualization_msgs:/home/simulations/ros2_sims_ws/install/test_msgs:/home/simulations/ros2_sims_ws/install/example_interfaces:/home/simulations/ros2_sims_ws/install/action_msgs:/home/simulations/ros2_sims_ws/install/unique_identifier_msgs:/home/simulations/ros2_sims_ws/install/trajectory_msgs:/home/simulations/ros2_sims_ws/install/test_interface_files:/home/simulations/ros2_sims_ws/install/stereo_msgs:/home/simulations/ros2_sims_ws/install/std_srvs:/home/simulations/ros2_sims_ws/install/shape_msgs:/home/simulations/ros2_sims_ws/install/sensor_msgs:/home/simulations/ros2_sims_ws/install/nav_msgs:/home/simulations/ros2_sims_ws/install/diagnostic_msgs:/home/simulations/ros2_sims_ws/install/geometry_msgs:/home/simulations/ros2_sims_ws/install/actionlib_msgs:/home/simulations/ros2_sims_ws/install/std_msgs:/home/simulations/ros2_sims_ws/install/statistics_msgs:/home/simulations/ros2_sims_ws/install/rosgraph_msgs:/home/simulations/ros2_sims_ws/install/rclrs_example_msgs:/home/simulations/ros2_sims_ws/install/composition_interfaces:/home/simulations/ros2_sims_ws/install/rcl_interfaces:/home/simulations/ros2_sims_ws/install/lifecycle_msgs:/home/simulations/ros2_sims_ws/install/builtin_interfaces:/home/simulations/ros2_sims_ws/install/rosidl_default_runtime:/home/simulations/ros2_sims_ws/install/rosidl_default_generators:/home/simulations/ros2_sims_ws/install/rosidl_generator_rs:/home/user/CPE416/ros_ws/install/FinalProject:/home/user/CPE416/ros_ws/src/FinalProject/install/FinalProject:/home/simulations/ros2_sims_ws/install/rclrs_tests:/home/simulations/ros2_sims_ws/install/examples_rclrs_minimal_client_service:/home/simulations/ros2_sims_ws/install/sensor_msgs_py:/home/simulations/ros2_sims_ws/install/examples_rclrs_minimal_pub_sub:/home/simulations/ros2_sims_ws/install/examples_rclrs_message_demo:/home/simulations/ros2_sims_ws/install/rclrs:/home/simulations/ros2_sims_ws/install/rosidl_runtime_rs:/opt/ros/humble IGN_GAZEBO_RESOURCE_PATH=/home/user/CPE416/ros_ws/src/install/ros_gz_example_description/share/ros_gz_example_description/models:${IGN_GAZEBO_RESOURCE_PATH} _=/usr/bin/env /usr/bin/cmake /home/user/CPE416/ros_ws/src/ros_gz_project/ros_gz_example_gazebo -DCMAKE_INSTALL_PREFIX=/home/user/CPE416/ros_ws/src/install/ros_gz_example_gazebo
[3.181s] Invoking command in '/home/user/CPE416/ros_ws/src/build/ros_gz_example_gazebo': AMENT_PREFIX_PATH=/home/user/CPE416/ros_ws/src/install/ros_gz_example_description:${AMENT_PREFIX_PATH} CMAKE_PREFIX_PATH=/home/user/CPE416/ros_ws/src/install/ros_gz_example_description:/home/user/CPE416/ros_ws/install/ros_gz_example_description:/home/simulations/ros2_sims_ws/install/common_interfaces:/home/simulations/ros2_sims_ws/install/visualization_msgs:/home/simulations/ros2_sims_ws/install/test_msgs:/home/simulations/ros2_sims_ws/install/example_interfaces:/home/simulations/ros2_sims_ws/install/action_msgs:/home/simulations/ros2_sims_ws/install/unique_identifier_msgs:/home/simulations/ros2_sims_ws/install/trajectory_msgs:/home/simulations/ros2_sims_ws/install/test_interface_files:/home/simulations/ros2_sims_ws/install/stereo_msgs:/home/simulations/ros2_sims_ws/install/std_srvs:/home/simulations/ros2_sims_ws/install/shape_msgs:/home/simulations/ros2_sims_ws/install/sensor_msgs:/home/simulations/ros2_sims_ws/install/nav_msgs:/home/simulations/ros2_sims_ws/install/diagnostic_msgs:/home/simulations/ros2_sims_ws/install/geometry_msgs:/home/simulations/ros2_sims_ws/install/actionlib_msgs:/home/simulations/ros2_sims_ws/install/std_msgs:/home/simulations/ros2_sims_ws/install/statistics_msgs:/home/simulations/ros2_sims_ws/install/rosgraph_msgs:/home/simulations/ros2_sims_ws/install/rclrs_example_msgs:/home/simulations/ros2_sims_ws/install/composition_interfaces:/home/simulations/ros2_sims_ws/install/rcl_interfaces:/home/simulations/ros2_sims_ws/install/lifecycle_msgs:/home/simulations/ros2_sims_ws/install/builtin_interfaces:/home/simulations/ros2_sims_ws/install/rosidl_default_runtime:/home/simulations/ros2_sims_ws/install/rosidl_default_generators:/home/simulations/ros2_sims_ws/install/rosidl_generator_rs:/home/user/CPE416/ros_ws/install/FinalProject:/home/user/CPE416/ros_ws/src/FinalProject/install/FinalProject:/home/simulations/ros2_sims_ws/install/rclrs_tests:/home/simulations/ros2_sims_ws/install/examples_rclrs_minimal_client_service:/home/simulations/ros2_sims_ws/install/sensor_msgs_py:/home/simulations/ros2_sims_ws/install/examples_rclrs_minimal_pub_sub:/home/simulations/ros2_sims_ws/install/examples_rclrs_message_demo:/home/simulations/ros2_sims_ws/install/rclrs:/home/simulations/ros2_sims_ws/install/rosidl_runtime_rs:/opt/ros/humble IGN_GAZEBO_RESOURCE_PATH=/home/user/CPE416/ros_ws/src/install/ros_gz_example_description/share/ros_gz_example_description/models:${IGN_GAZEBO_RESOURCE_PATH} _=/usr/bin/env /usr/bin/cmake --build /home/user/CPE416/ros_ws/src/build/ros_gz_example_gazebo -- -j8 -l8
[3.261s] [ 50%] [32mBuilding CXX object CMakeFiles/FullSystem.dir/src/FullSystem.cc.o[0m
[3.261s] [ 50%] [32mBuilding CXX object CMakeFiles/BasicSystem.dir/src/BasicSystem.cc.o[0m
[7.126s] [ 75%] [32m[1mLinking CXX shared library libBasicSystem.so[0m
[7.184s] [100%] [32m[1mLinking CXX shared library libFullSystem.so[0m
[7.497s] [100%] Built target BasicSystem
[7.497s] [100%] Built target FullSystem
[7.510s] Invoked command in '/home/user/CPE416/ros_ws/src/build/ros_gz_example_gazebo' returned '0': AMENT_PREFIX_PATH=/home/user/CPE416/ros_ws/src/install/ros_gz_example_description:${AMENT_PREFIX_PATH} CMAKE_PREFIX_PATH=/home/user/CPE416/ros_ws/src/install/ros_gz_example_description:/home/user/CPE416/ros_ws/install/ros_gz_example_description:/home/simulations/ros2_sims_ws/install/common_interfaces:/home/simulations/ros2_sims_ws/install/visualization_msgs:/home/simulations/ros2_sims_ws/install/test_msgs:/home/simulations/ros2_sims_ws/install/example_interfaces:/home/simulations/ros2_sims_ws/install/action_msgs:/home/simulations/ros2_sims_ws/install/unique_identifier_msgs:/home/simulations/ros2_sims_ws/install/trajectory_msgs:/home/simulations/ros2_sims_ws/install/test_interface_files:/home/simulations/ros2_sims_ws/install/stereo_msgs:/home/simulations/ros2_sims_ws/install/std_srvs:/home/simulations/ros2_sims_ws/install/shape_msgs:/home/simulations/ros2_sims_ws/install/sensor_msgs:/home/simulations/ros2_sims_ws/install/nav_msgs:/home/simulations/ros2_sims_ws/install/diagnostic_msgs:/home/simulations/ros2_sims_ws/install/geometry_msgs:/home/simulations/ros2_sims_ws/install/actionlib_msgs:/home/simulations/ros2_sims_ws/install/std_msgs:/home/simulations/ros2_sims_ws/install/statistics_msgs:/home/simulations/ros2_sims_ws/install/rosgraph_msgs:/home/simulations/ros2_sims_ws/install/rclrs_example_msgs:/home/simulations/ros2_sims_ws/install/composition_interfaces:/home/simulations/ros2_sims_ws/install/rcl_interfaces:/home/simulations/ros2_sims_ws/install/lifecycle_msgs:/home/simulations/ros2_sims_ws/install/builtin_interfaces:/home/simulations/ros2_sims_ws/install/rosidl_default_runtime:/home/simulations/ros2_sims_ws/install/rosidl_default_generators:/home/simulations/ros2_sims_ws/install/rosidl_generator_rs:/home/user/CPE416/ros_ws/install/FinalProject:/home/user/CPE416/ros_ws/src/FinalProject/install/FinalProject:/home/simulations/ros2_sims_ws/install/rclrs_tests:/home/simulations/ros2_sims_ws/install/examples_rclrs_minimal_client_service:/home/simulations/ros2_sims_ws/install/sensor_msgs_py:/home/simulations/ros2_sims_ws/install/examples_rclrs_minimal_pub_sub:/home/simulations/ros2_sims_ws/install/examples_rclrs_message_demo:/home/simulations/ros2_sims_ws/install/rclrs:/home/simulations/ros2_sims_ws/install/rosidl_runtime_rs:/opt/ros/humble IGN_GAZEBO_RESOURCE_PATH=/home/user/CPE416/ros_ws/src/install/ros_gz_example_description/share/ros_gz_example_description/models:${IGN_GAZEBO_RESOURCE_PATH} _=/usr/bin/env /usr/bin/cmake --build /home/user/CPE416/ros_ws/src/build/ros_gz_example_gazebo -- -j8 -l8
[7.567s] Invoking command in '/home/user/CPE416/ros_ws/src/build/ros_gz_example_gazebo': AMENT_PREFIX_PATH=/home/user/CPE416/ros_ws/src/install/ros_gz_example_description:${AMENT_PREFIX_PATH} CMAKE_PREFIX_PATH=/home/user/CPE416/ros_ws/src/install/ros_gz_example_description:/home/user/CPE416/ros_ws/install/ros_gz_example_description:/home/simulations/ros2_sims_ws/install/common_interfaces:/home/simulations/ros2_sims_ws/install/visualization_msgs:/home/simulations/ros2_sims_ws/install/test_msgs:/home/simulations/ros2_sims_ws/install/example_interfaces:/home/simulations/ros2_sims_ws/install/action_msgs:/home/simulations/ros2_sims_ws/install/unique_identifier_msgs:/home/simulations/ros2_sims_ws/install/trajectory_msgs:/home/simulations/ros2_sims_ws/install/test_interface_files:/home/simulations/ros2_sims_ws/install/stereo_msgs:/home/simulations/ros2_sims_ws/install/std_srvs:/home/simulations/ros2_sims_ws/install/shape_msgs:/home/simulations/ros2_sims_ws/install/sensor_msgs:/home/simulations/ros2_sims_ws/install/nav_msgs:/home/simulations/ros2_sims_ws/install/diagnostic_msgs:/home/simulations/ros2_sims_ws/install/geometry_msgs:/home/simulations/ros2_sims_ws/install/actionlib_msgs:/home/simulations/ros2_sims_ws/install/std_msgs:/home/simulations/ros2_sims_ws/install/statistics_msgs:/home/simulations/ros2_sims_ws/install/rosgraph_msgs:/home/simulations/ros2_sims_ws/install/rclrs_example_msgs:/home/simulations/ros2_sims_ws/install/composition_interfaces:/home/simulations/ros2_sims_ws/install/rcl_interfaces:/home/simulations/ros2_sims_ws/install/lifecycle_msgs:/home/simulations/ros2_sims_ws/install/builtin_interfaces:/home/simulations/ros2_sims_ws/install/rosidl_default_runtime:/home/simulations/ros2_sims_ws/install/rosidl_default_generators:/home/simulations/ros2_sims_ws/install/rosidl_generator_rs:/home/user/CPE416/ros_ws/install/FinalProject:/home/user/CPE416/ros_ws/src/FinalProject/install/FinalProject:/home/simulations/ros2_sims_ws/install/rclrs_tests:/home/simulations/ros2_sims_ws/install/examples_rclrs_minimal_client_service:/home/simulations/ros2_sims_ws/install/sensor_msgs_py:/home/simulations/ros2_sims_ws/install/examples_rclrs_minimal_pub_sub:/home/simulations/ros2_sims_ws/install/examples_rclrs_message_demo:/home/simulations/ros2_sims_ws/install/rclrs:/home/simulations/ros2_sims_ws/install/rosidl_runtime_rs:/opt/ros/humble IGN_GAZEBO_RESOURCE_PATH=/home/user/CPE416/ros_ws/src/install/ros_gz_example_description/share/ros_gz_example_description/models:${IGN_GAZEBO_RESOURCE_PATH} _=/usr/bin/env /usr/bin/cmake --install /home/user/CPE416/ros_ws/src/build/ros_gz_example_gazebo
[7.577s] -- Install configuration: ""
[7.577s] -- Installing: /home/user/CPE416/ros_ws/src/install/ros_gz_example_gazebo/lib/ros_gz_example_gazebo/libBasicSystem.so
[7.579s] -- Installing: /home/user/CPE416/ros_ws/src/install/ros_gz_example_gazebo/lib/ros_gz_example_gazebo/libFullSystem.so
[7.581s] -- Installing: /home/user/CPE416/ros_ws/src/install/ros_gz_example_gazebo/share/ros_gz_example_gazebo/worlds
[7.581s] -- Installing: /home/user/CPE416/ros_ws/src/install/ros_gz_example_gazebo/share/ros_gz_example_gazebo/worlds/diff_drive.sdf
[7.582s] -- Installing: /home/user/CPE416/ros_ws/src/install/ros_gz_example_gazebo/share/ros_gz_example_gazebo/environment/ros_gz_example_gazebo.dsv
[7.582s] -- Installing: /home/user/CPE416/ros_ws/src/install/ros_gz_example_gazebo/share/ros_gz_example_gazebo/environment/ros_gz_example_gazebo.sh
[7.582s] -- Installing: /home/user/CPE416/ros_ws/src/install/ros_gz_example_gazebo/share/ament_index/resource_index/package_run_dependencies/ros_gz_example_gazebo
[7.582s] -- Installing: /home/user/CPE416/ros_ws/src/install/ros_gz_example_gazebo/share/ament_index/resource_index/parent_prefix_path/ros_gz_example_gazebo
[7.583s] -- Installing: /home/user/CPE416/ros_ws/src/install/ros_gz_example_gazebo/share/ros_gz_example_gazebo/environment/ament_prefix_path.sh
[7.583s] -- Installing: /home/user/CPE416/ros_ws/src/install/ros_gz_example_gazebo/share/ros_gz_example_gazebo/environment/ament_prefix_path.dsv
[7.583s] -- Installing: /home/user/CPE416/ros_ws/src/install/ros_gz_example_gazebo/share/ros_gz_example_gazebo/environment/path.sh
[7.583s] -- Installing: /home/user/CPE416/ros_ws/src/install/ros_gz_example_gazebo/share/ros_gz_example_gazebo/environment/path.dsv
[7.583s] -- Installing: /home/user/CPE416/ros_ws/src/install/ros_gz_example_gazebo/share/ros_gz_example_gazebo/local_setup.bash
[7.583s] -- Installing: /home/user/CPE416/ros_ws/src/install/ros_gz_example_gazebo/share/ros_gz_example_gazebo/local_setup.sh
[7.583s] -- Installing: /home/user/CPE416/ros_ws/src/install/ros_gz_example_gazebo/share/ros_gz_example_gazebo/local_setup.zsh
[7.583s] -- Installing: /home/user/CPE416/ros_ws/src/install/ros_gz_example_gazebo/share/ros_gz_example_gazebo/local_setup.dsv
[7.583s] -- Installing: /home/user/CPE416/ros_ws/src/install/ros_gz_example_gazebo/share/ros_gz_example_gazebo/package.dsv
[7.584s] -- Installing: /home/user/CPE416/ros_ws/src/install/ros_gz_example_gazebo/share/ament_index/resource_index/packages/ros_gz_example_gazebo
[7.584s] -- Installing: /home/user/CPE416/ros_ws/src/install/ros_gz_example_gazebo/share/ros_gz_example_gazebo/cmake/ros_gz_example_gazeboConfig.cmake
[7.584s] -- Installing: /home/user/CPE416/ros_ws/src/install/ros_gz_example_gazebo/share/ros_gz_example_gazebo/cmake/ros_gz_example_gazeboConfig-version.cmake
[7.584s] -- Installing: /home/user/CPE416/ros_ws/src/install/ros_gz_example_gazebo/share/ros_gz_example_gazebo/package.xml
[7.586s] Invoked command in '/home/user/CPE416/ros_ws/src/build/ros_gz_example_gazebo' returned '0': AMENT_PREFIX_PATH=/home/user/CPE416/ros_ws/src/install/ros_gz_example_description:${AMENT_PREFIX_PATH} CMAKE_PREFIX_PATH=/home/user/CPE416/ros_ws/src/install/ros_gz_example_description:/home/user/CPE416/ros_ws/install/ros_gz_example_description:/home/simulations/ros2_sims_ws/install/common_interfaces:/home/simulations/ros2_sims_ws/install/visualization_msgs:/home/simulations/ros2_sims_ws/install/test_msgs:/home/simulations/ros2_sims_ws/install/example_interfaces:/home/simulations/ros2_sims_ws/install/action_msgs:/home/simulations/ros2_sims_ws/install/unique_identifier_msgs:/home/simulations/ros2_sims_ws/install/trajectory_msgs:/home/simulations/ros2_sims_ws/install/test_interface_files:/home/simulations/ros2_sims_ws/install/stereo_msgs:/home/simulations/ros2_sims_ws/install/std_srvs:/home/simulations/ros2_sims_ws/install/shape_msgs:/home/simulations/ros2_sims_ws/install/sensor_msgs:/home/simulations/ros2_sims_ws/install/nav_msgs:/home/simulations/ros2_sims_ws/install/diagnostic_msgs:/home/simulations/ros2_sims_ws/install/geometry_msgs:/home/simulations/ros2_sims_ws/install/actionlib_msgs:/home/simulations/ros2_sims_ws/install/std_msgs:/home/simulations/ros2_sims_ws/install/statistics_msgs:/home/simulations/ros2_sims_ws/install/rosgraph_msgs:/home/simulations/ros2_sims_ws/install/rclrs_example_msgs:/home/simulations/ros2_sims_ws/install/composition_interfaces:/home/simulations/ros2_sims_ws/install/rcl_interfaces:/home/simulations/ros2_sims_ws/install/lifecycle_msgs:/home/simulations/ros2_sims_ws/install/builtin_interfaces:/home/simulations/ros2_sims_ws/install/rosidl_default_runtime:/home/simulations/ros2_sims_ws/install/rosidl_default_generators:/home/simulations/ros2_sims_ws/install/rosidl_generator_rs:/home/user/CPE416/ros_ws/install/FinalProject:/home/user/CPE416/ros_ws/src/FinalProject/install/FinalProject:/home/simulations/ros2_sims_ws/install/rclrs_tests:/home/simulations/ros2_sims_ws/install/examples_rclrs_minimal_client_service:/home/simulations/ros2_sims_ws/install/sensor_msgs_py:/home/simulations/ros2_sims_ws/install/examples_rclrs_minimal_pub_sub:/home/simulations/ros2_sims_ws/install/examples_rclrs_message_demo:/home/simulations/ros2_sims_ws/install/rclrs:/home/simulations/ros2_sims_ws/install/rosidl_runtime_rs:/opt/ros/humble IGN_GAZEBO_RESOURCE_PATH=/home/user/CPE416/ros_ws/src/install/ros_gz_example_description/share/ros_gz_example_description/models:${IGN_GAZEBO_RESOURCE_PATH} _=/usr/bin/env /usr/bin/cmake --install /home/user/CPE416/ros_ws/src/build/ros_gz_example_gazebo
